Build started 12/2/2014 5:47:44 PM.
     1>Project "C:\Users\nes\Source\Repos\OmniEngine.Net\My Projects\Salvage\buildFiles\VisualStudio 2013\projects\squish.vcxproj" on node 2 (Build target(s)).
     1>ClCompile:
         C:\ides\Microsoft Visual Studio 12.0\VC\bin\x86_amd64\CL.exe /c /IC:/Users/nes/Source/Repos/OmniEngine.Net/Engine/lib/squish /Zi /nologo /W3 /WX- /Ox /Ob2 /D UNICODE /D _CRT_SECURE_NO_DEPRECATE /D _CRT_SECURE_NO_WARNINGS /GF /Gm- /MT /GS- /Gy /fp:precise /Zc:wchar_t- /Zc:forScope /GR /Fo"../../Link/VC2013.Release.x64/squish/" /Fd"C:/Users/nes/Source/Repos/OmniEngine.Net/Engine/lib//compiled/Release.x64/squish.pdb" /Gd /TP /wd4244 /wd4305 /wd4530 /wd4355 /errorReport:prompt /MP C:\Users\nes\Source\Repos\OmniEngine.Net\Engine\lib\squish\alpha.cpp C:\Users\nes\Source\Repos\OmniEngine.Net\Engine\lib\squish\clusterfit.cpp C:\Users\nes\Source\Repos\OmniEngine.Net\Engine\lib\squish\colourblock.cpp C:\Users\nes\Source\Repos\OmniEngine.Net\Engine\lib\squish\colourfit.cpp C:\Users\nes\Source\Repos\OmniEngine.Net\Engine\lib\squish\colourset.cpp C:\Users\nes\Source\Repos\OmniEngine.Net\Engine\lib\squish\maths.cpp C:\Users\nes\Source\Repos\OmniEngine.Net\Engine\lib\squish\rangefit.cpp C:\Users\nes\Source\Repos\OmniEngine.Net\Engine\lib\squish\singlecolourfit.cpp C:\Users\nes\Source\Repos\OmniEngine.Net\Engine\lib\squish\squish.cpp
         alpha.cpp
         clusterfit.cpp
         colourblock.cpp
         colourfit.cpp
         colourset.cpp
         maths.cpp
         rangefit.cpp
         singlecolourfit.cpp
         squish.cpp
       Lib:
         C:\ides\Microsoft Visual Studio 12.0\VC\bin\x86_amd64\Lib.exe /OUT:"C:/Users/nes/Source/Repos/OmniEngine.Net/Engine/lib//compiled/Release.x64//squish.lib" /NOLOGO /MACHINE:X64 ../../Link/VC2013.Release.x64/squish/alpha.obj
         ../../Link/VC2013.Release.x64/squish/clusterfit.obj
         ../../Link/VC2013.Release.x64/squish/colourblock.obj
         ../../Link/VC2013.Release.x64/squish/colourfit.obj
         ../../Link/VC2013.Release.x64/squish/colourset.obj
         ../../Link/VC2013.Release.x64/squish/maths.obj
         ../../Link/VC2013.Release.x64/squish/rangefit.obj
         ../../Link/VC2013.Release.x64/squish/singlecolourfit.obj
         ../../Link/VC2013.Release.x64/squish/squish.obj
         squish.vcxproj -> C:/Users/nes/Source/Repos/OmniEngine.Net/Engine/lib//compiled/Release.x64/squish.lib
     1>Done Building Project "C:\Users\nes\Source\Repos\OmniEngine.Net\My Projects\Salvage\buildFiles\VisualStudio 2013\projects\squish.vcxproj" (Build target(s)).

Build succeeded.

Time Elapsed 00:00:11.47
