//-------------------------- 12/10/2014 -- 09:31:55 -----
Processor Init:
   Unknown x86 Compatible, ~2.19 Ghz
   HT detected
   MP detected [4 cores, 8 logical, 1 physical]
 
Math Init:
   Installing Standard C extensions
   Installing Assembly extensions
 
Initializing platform...
Input Init:
   keyboard0 input device created.
   mouse0 input device created.
   DirectInput enabled.

Done
GFX Init:
   Direct 3D (version 9.x) device found
   Null device found

DebugDrawer Enabled!
--------- Loading DIRS ---------
Missing file: art/main.cs!
Error: Unable to find specified directory: art
Missing file: scripts/main.cs!
Error: Unable to find specified directory: scripts
-------------------->Loading Tools
--------- Parsing Arguments ---------
WARNING:: COULD NOT RESOLVE 'MeshQualityGroup' to an object.
WARNING:: COULD NOT RESOLVE 'MeshQualityGroup' to an object.
WARNING:: COULD NOT RESOLVE 'TextureQualityGroup' to an object.
WARNING:: COULD NOT RESOLVE 'TextureQualityGroup' to an object.
WARNING:: COULD NOT RESOLVE 'LightingQualityGroup' to an object.
WARNING:: COULD NOT RESOLVE 'LightingQualityGroup' to an object.
WARNING:: COULD NOT RESOLVE 'ShaderQualityGroup' to an object.
WARNING:: COULD NOT RESOLVE 'ShaderQualityGroup' to an object.
WARNING:: COULD NOT RESOLVE 'Canvas' to an object.
WARNING:: COULD NOT RESOLVE 'Canvas' to an object.
Binding server port to default IP
UDP initialized on port 0
Attempting to create GFX device: Intel(R) HD Graphics 4000 (D3D9) [\\.\DISPLAY1]
Device created, setting adapter and enumerating modes
   Cur. D3DDevice ref count=1
   Pix version detected: 3.000000
   Vert version detected: 3.000000
   Maximum number of simultaneous samplers: 16
   Number of simultaneous render targets: 4
   Hardware occlusion query detected: Yes
   Using Direct3D9Ex: No
WMIVideoInfo: DxDiag initialized
Initializing GFXCardProfiler (D3D9)
   o Chipset : 'INTEL'
   o Card    : 'Intel(R) HD Graphics 4000'
   o Version : '9.18.0010.3071'
   o VRAM    : 2147483647 MB
   - Scanning card capabilities...
GFXCardProfiler (D3D9) - Setting capability 'autoMipMapLevel' to 1.
GFXCardProfiler (D3D9) - Setting capability 'maxTextureWidth' to 16384.
GFXCardProfiler (D3D9) - Setting capability 'maxTextureHeight' to 16384.
GFXCardProfiler (D3D9) - Setting capability 'maxTextureSize' to 16384.
GFXCardProfiler (D3D9) - Setting capability 'lerpDetailBlend' to 1.
GFXCardProfiler (D3D9) - Setting capability 'fourStageDetailBlend' to 1.
   - Loading card profiles...
      - Loaded card profile core/profile/D3D9.cs
      - No card profile core/profile/D3D9.INTEL.cs exists
      - No card profile core/profile/D3D9.INTEL.IntelRHDGraphics4000.cs exists
      - No card profile core/profile/D3D9.INTEL.IntelRHDGraphics4000.91800103071.cs exists
% - PostFX Manager - Executing core/scripts/client/postFx/default.postfxpreset.cs
% - PostFX Manager - Applying from preset
WARNING:: COULD NOT RESOLVE 'SSAO2PostFx' to an object.
WARNING:: COULD NOT RESOLVE 'ImageOptFX' to an object.
% - PostFX Manager - PostFX enabled
 % - Initialized Core

--------- Initializing Directory: scripts ---------
sfxStartup...
SFXSystem::createDevice - created DirectSound device 'Speakers (Conexant SmartAudio HD)'
SFXDSDevice::setDistanceModel - 'linear' distance attenuation not supported by DirectSound
   Provider: DirectSound
   Device: Speakers (Conexant SmartAudio HD)
   Hardware: No
   Buffers: 16
WARNING:: COULD NOT RESOLVE 'MessagePopupDlg' to an object.
WARNING:: COULD NOT RESOLVE 'MessagePopupDlg' to an object.
WARNING:: COULD NOT RESOLVE 'MessageBoxYesNoDlg' to an object.
WARNING:: COULD NOT RESOLVE 'MessageBoxYesNoDlg' to an object.
WARNING:: COULD NOT RESOLVE 'MessageBoxYesNoCancelDlg' to an object.
WARNING:: COULD NOT RESOLVE 'MessageBoxYesNoCancelDlg' to an object.
WARNING:: COULD NOT RESOLVE 'MessageBoxOKCancelDetailsDlg' to an object.
WARNING:: COULD NOT RESOLVE 'MessageBoxOKCancelDetailsDlg' to an object.
WARNING:: COULD NOT RESOLVE 'MessageBoxOKCancelDlg' to an object.
WARNING:: COULD NOT RESOLVE 'MessageBoxOKCancelDlg' to an object.
WARNING:: COULD NOT RESOLVE 'MessageBoxOKDlg' to an object.
WARNING:: COULD NOT RESOLVE 'MessageBoxOKDlg' to an object.
WARNING:: COULD NOT RESOLVE 'IODropdownDlg' to an object.
WARNING:: COULD NOT RESOLVE 'IODropdownDlg' to an object.

--------- Initializing Full: Server Scripts ---------

--------- Initializing Full: Client Scripts ---------
WARNING:: COULD NOT RESOLVE 'DiffuseRenderPassManager' to an object.
WARNING:: COULD NOT RESOLVE 'DiffuseRenderPassManager' to an object.

--------- Initializing Lighting Systems ---------

--------- Initializing Advanced Lighting ---------

--------- Initializing Basic Lighting ---------

--------- Initializing Shadow Filter ---------

--------- Finished Initializing Shadow Filter ---------

--------- Initializing ShadowMaps Lighting ---------

--------- Finished Initializing Advanced Lighting ---------
Using Advanced Lighting


--------------
Attempting to set resolution to "1024 768 false 32 60 4"
Accepted Mode: 
--Resolution : 1024 768
--Full Screen : No
--Bits Per Pixel : 32
--Refresh Rate : 60
--FSAA Level : 4
--------------
GFXPCD3D9Device::reset - depthstencil 1394ee98 has 2 ref's
--- Resetting D3D Device ---
GFXPCD3D9Device::reset - depthstencil 1394df38 has 2 ref's
--- Resetting D3D Device ---
WARNING:: COULD NOT RESOLVE 'moveMap' to an object.
WARNING:: COULD NOT RESOLVE 'moveMap' to an object.
WARNING:: COULD NOT RESOLVE 'vehicleMap' to an object.
WARNING:: COULD NOT RESOLVE 'vehicleMap' to an object.
UDP initialized on port 0
WARNING:: COULD NOT RESOLVE 'BlankGui' to an object.
GuiCanvas::setContent - Invalid control specified')
WARNING: (art/gui/omni) texture size = 439x474
WARNING: (art/gui/background_g) texture size = 800x600
 % - Initializing Tools
Missing file: tools/gui/guiDialogs.ed.cs!
WARNING:: COULD NOT RESOLVE 'materialEd_previewMaterial' to an object.
WARNING:: COULD NOT RESOLVE 'notDirtyMaterial' to an object.
WARNING:: COULD NOT RESOLVE 'materialEd_cubemapEd_cubeMapPreview' to an object.
WARNING:: COULD NOT RESOLVE 'matEdCubeMapPreviewMat' to an object.
WARNING:: COULD NOT RESOLVE 'materialEd_justAlphaMaterial' to an object.
WARNING:: COULD NOT RESOLVE 'materialEd_justAlphaShader' to an object.
WARNING:: COULD NOT RESOLVE 'EditorInspectorBaseDatablockFieldPopup' to an object.
WARNING:: COULD NOT RESOLVE 'EditorInspectorBaseFieldPopup' to an object.
WARNING:: COULD NOT RESOLVE 'EditorInspectorBaseFileFieldPopup' to an object.
WARNING:: COULD NOT RESOLVE 'EditorInspectorBaseShapeFieldPopup' to an object.
WARNING:: COULD NOT RESOLVE 'EditorInspectorBaseProfileFieldPopup' to an object.
 % - Initializing Tools Base
WARNING:: COULD NOT RESOLVE 'EditorClassesCleanup' to an object.
WARNING:: COULD NOT RESOLVE 'EditorClassesCleanup' to an object.
 % - Initializing Base Editor
 % - Initializing World Editor
WARNING: (tools/worldEditor/images/LockedHandle) texture size = 10x12
 % - Initializing Sketch Tool
 % Initializing Datablock Editor
 % - Initializing Debugger
 % - Initializing Decal Editor
WARNING:: COULD NOT RESOLVE 'DecalPreviewWindow' to an object.
WARNING:: COULD NOT RESOLVE 'DecalEditorLibraryProperties' to an object.
WARNING:: COULD NOT RESOLVE 'DecalEditorTemplateProperties' to an object.
WARNING:: COULD NOT RESOLVE 'RetargetDecalButton' to an object.
WARNING:: COULD NOT RESOLVE 'SaveDecalsButton' to an object.
WARNING:: COULD NOT RESOLVE 'NewDecalButton' to an object.
WARNING:: COULD NOT RESOLVE 'DeleteDecalButton' to an object.
WARNING:: COULD NOT RESOLVE 'DecalPreviewWindow' to an object.
WARNING:: COULD NOT RESOLVE 'DecalEditorLibraryProperties' to an object.
WARNING:: COULD NOT RESOLVE 'DecalEditorTemplateProperties' to an object.
WARNING:: COULD NOT RESOLVE 'RetargetDecalButton' to an object.
WARNING:: COULD NOT RESOLVE 'SaveDecalsButton' to an object.
WARNING:: COULD NOT RESOLVE 'NewDecalButton' to an object.
WARNING:: COULD NOT RESOLVE 'DeleteDecalButton' to an object.
WARNING: (tools/editorclasses/gui/images/rollout) texture size = 39x50
 % - Initializing Forest Editor
WARNING:: COULD NOT RESOLVE 'ForestEditorInspector' to an object.
WARNING:: COULD NOT RESOLVE 'ForestEditBrushTree' to an object.
WARNING:: COULD NOT RESOLVE 'ForestEditMeshTree' to an object.
WARNING:: COULD NOT RESOLVE 'ForestEditorInspector' to an object.
WARNING:: COULD NOT RESOLVE 'ForestEditMeshTree' to an object.
 % - Initializing In-game GUI Editor
 % - Initializing Material Editor
 % - Initializing Mesh Road Editor
 % - Initializing Mission Area Editor
 % - Initializing Particle Editor
WARNING:: COULD NOT RESOLVE 'ParticleEditor' to an object.
WARNING:: COULD NOT RESOLVE 'ParticleEditor' to an object.
WARNING:: COULD NOT RESOLVE 'ParticleEditor' to an object.
WARNING:: COULD NOT RESOLVE 'ParticleEditor' to an object.
 % - Initializing Physics Tools
 % - Initializing River Editor
 % Initializing Road and Path Editor
 % - Initializing Shape Editor
WARNING:: COULD NOT RESOLVE 'ShapeEdMaterials' to an object.
WARNING:: COULD NOT RESOLVE 'ShapeEdMaterialList' to an object.
WARNING:: COULD NOT RESOLVE 'ShapeEdMaterials' to an object.
WARNING:: COULD NOT RESOLVE 'ShapeEdMaterialList' to an object.
WARNING:: COULD NOT RESOLVE 'ShapeEdMaterials' to an object.
WARNING:: COULD NOT RESOLVE 'ShapeEdMaterialList' to an object.
WARNING:: COULD NOT RESOLVE 'ShapeEdMaterialList' to an object.
WARNING:: COULD NOT RESOLVE 'ShapeEditor' to an object.
WARNING:: COULD NOT RESOLVE 'ShapeEditor' to an object.
WARNING:: COULD NOT RESOLVE 'ShapeEdUndoManager' to an object.
WARNING:: COULD NOT RESOLVE 'ShapeEdUndoManager' to an object.
 % - Initializing Navigation Editor
Engine initialized...
GFXPCD3D9Device::reset - depthstencil 1394f118 has 2 ref's
--- Resetting D3D Device ---
### Datablock Cache: Server Datablock CRC is 4294967295
Window focus status changed: focus: 1
WARNING: (core/art/gui/images/selector-button) texture size = 39x192
WARNING: (art/gui/omni-logo) texture size = 439x300
WARNING: (core/art/gui/images/checkbox) texture size = 13x84
WARNING: (art/gui/previous-button_n) texture size = 11x81
WARNING: (art/gui/previous-button_h) texture size = 11x81
WARNING: (art/gui/previous-button_d) texture size = 11x81
WARNING: (art/gui/next-button_n) texture size = 11x81
WARNING: (art/gui/next-button_h) texture size = 11x81
WARNING: (art/gui/next-button_d) texture size = 11x81
WARNING: (core/art/gui/images/window) texture size = 64x132
WARNING: (art/gui/no-preview) texture size = 400x300
WARNING: (levels/Empty Room_preview) texture size = 400x300
WARNING: (levels/Empty Terrain_preview) texture size = 400x300
WARNING: (levels/Empty_Terrain_preview) texture size = 400x300
WARNING: (levels/navtest_preview) texture size = 400x300
WARNING: (levels/Outpost_preview) texture size = 400x300
WARNING: (art/gui/background) texture size = 800x600
AntiAliasing has been disabled; it is not compatible with AdvancedLighting.
WARNING:: COULD NOT RESOLVE 'ServerGroup' to an object.
WARNING:: COULD NOT RESOLVE 'ServerGroup' to an object.
WARNING: (core/art/gui/images/loadingbar) texture size = 70x25
WARNING:: COULD NOT RESOLVE 'MissionGroup' to an object.
WARNING:: COULD NOT RESOLVE 'MissionGroup' to an object.
WARNING:: COULD NOT RESOLVE 'ServerGroup' to an object.
WARNING:: COULD NOT RESOLVE 'ServerGroup' to an object.
Exporting server prefs...
Error: cannot change namespace parent linkage of RandomData from TriggerData to RandomData.
Warning: shape art/shapes/weapons/Turret/Turret_Legs.DAE collision detail 0 (Collision-1) bounds exceed that of shape.
Warning: shape art/shapes/weapons/Turret/Turret_Legs.DAE collision detail 0 (Collision-1) bounds exceed that of shape.
Warning: shape art/shapes/weapons/Turret/Turret_Legs.DAE collision detail 0 (Collision-1) bounds exceed that of shape.
TSShape::removeNode: Node 'collision-1' has 1 objects attached, these will be reassigned to the node's parent ('null')
TSShape::removeNode: Node 'Cheetah_Turret_LOD300' has 1 objects attached, these will be reassigned to the node's parent ('null')
TSShape::removeNode: Node 'Tread_LOD300' has 1 objects attached, these will be reassigned to the node's parent ('null')
TSShape::removeNode: Node 'collision-1' has 1 objects attached, these will be reassigned to the node's parent ('null')
TSShape::removeNode: Node 'TireBack_LOD300' has 1 objects attached, these will be reassigned to the node's parent ('null')
TSShape::removeNode: Node 'collision-1' has 1 objects attached, these will be reassigned to the node's parent ('null')
-----------------> Loaded
-----------------> Loaded
WARNING:: COULD NOT RESOLVE 'MissionGroup' to an object.
WARNING:: COULD NOT RESOLVE 'MissionGroup' to an object.
*** LOADING MISSION: levels/Empty Room.mis
*** Stage 1 load
WARNING:: COULD NOT RESOLVE 'theLevelInfo' to an object.
Level File levels/Empty Room.mis not found.
WARNING:: COULD NOT RESOLVE 'theLevelInfo' to an object.
*** Stage 2 load CSHARP
*** Mission loaded
###Game Started###
##Mission Loaded###
### LOAD MISSION###
###Connection Request: Visitor###
Connect request from:Visitor
Connection established 20007
CADD: 20008 local
*** Sending mission load to client: levels/Empty Room.mis
Mapping string: ServerMessage to index: 0
Mapping string: MsgConnectionError to index: 1
Mapping string: MsgLoadInfo to index: 2
Mapping string: MsgLoadDescripition to index: 3
Mapping string: MsgLoadInfoDone to index: 4
Mapping string: MissionStartPhase1 to index: 5
*** New Mission: levels/Empty Room.mis
*** Phase 1: Download Datablocks & Targets
% - PostFX Manager - Executing core/scripts/client/postFx/default.postfxpreset.cs
% - PostFX Manager - Applying from preset
WARNING:: COULD NOT RESOLVE 'SSAO2PostFx' to an object.
WARNING:: COULD NOT RESOLVE 'ImageOptFX' to an object.
% - PostFX Manager - PostFX enabled
Mapping string: MissionStartPhase1Ack to index: 0
Transmitting Datablocks
WARNING: (art/lights/lensFlareSheet0) texture size = 1280x1024
Warning: shape art/shapes/weapons/Turret/Turret_Legs.DAE collision detail 1 (Collision-1) bounds exceed that of shape.
Warning: shape art/shapes/weapons/Turret/Turret_Legs.DAE collision detail 1 (Collision-1) bounds exceed that of shape.
Warning: shape art/shapes/weapons/Turret/Turret_Legs.DAE collision detail 1 (Collision-1) bounds exceed that of shape.
[MaterialList::mapMaterials] Unable to find material for texture: base.lmale
Mapping string: MissionStartPhase2 to index: 6
*** Phase 2: Download Ghost Objects
Mapping string: MissionStartPhase2Ack to index: 1
[Material::mapMaterial] - Cannot map unnamed Material
[Material::mapMaterial] - Cannot map unnamed Material
Ghost Always objects received.
Mapping string: MissionStartPhase3 to index: 7
Client Replication Startup has Happened!
fxFoliageReplicator - replicated client foliage for 0 objects
*** Phase 3: Mission Lighting
Mission lighting done
Mapping string: MissionStartPhase3Ack to index: 2
Client 20008 has connected.
WARNING:: COULD NOT RESOLVE 'CameraSpawnPoints' to an object.
WARNING:: COULD NOT RESOLVE 'PlayerSpawnPoints' to an object.
WARNING:: COULD NOT RESOLVE 'PlayerSpawnPoints' to an object.
--->Player ID is 20019
WARNING:: COULD NOT RESOLVE 'MobSearchGroup_1' to an object.
12/10/2014 9:32:07 AM --- PLAYER JOIN::Name 'Visitor'::ID '20019'
Mapping string: missionstart to index: 8
Mapping string: SyncClock to index: 9
Mapping string: RefreshWeaponHud to index: 10
Mapping string: System to index: 11
Mapping string: Your on Team 1 to index: 12
Mapping string: SetAmmoAmountHud to index: 13
Mapping string: ryder.png to index: 14
Mapping string: MsgClientJoin to index: 15
Mapping string: Current Players: 1 to index: 16
Mapping string: did something%1. to index: 17
Mapping string: Visitor to index: 18
*** Initial Control Object
WARNING: (art/gui/weaponHud/ryder) texture size = 160x60
WARNING: (core/art/gui/images/chatHudBorderArray) texture size = 42x42
Activating DirectInput...
WARNING: (core/art/gui/images/scrollBar) texture size = 42x162
*** Control Object Changed
Mapping string: DarkGreen to index: 19
WARNING:: COULD NOT RESOLVE 'ETerrainPersistMan' to an object.
WARNING: (core/art/gui/images/button) texture size = 16x96
WARNING:: COULD NOT RESOLVE 'editor' to an object.
WARNING:: COULD NOT RESOLVE 'Editor' to an object.
WARNING:: COULD NOT RESOLVE 'Editor' to an object.
WARNING: (art/gui/omni-logo) texture size = 439x300
WARNING: (levels/Empty Room_preview) texture size = 400x300
WARNING: (art/gui/previous-button_n) texture size = 11x81
WARNING: (art/gui/previous-button_h) texture size = 11x81
WARNING: (art/gui/previous-button_d) texture size = 11x81
WARNING: (levels/Empty Terrain_preview) texture size = 400x300
WARNING: (levels/Empty_Terrain_preview) texture size = 400x300
WARNING: (levels/navtest_preview) texture size = 400x300
WARNING: (levels/Outpost_preview) texture size = 400x300
WARNING: (art/gui/no-preview) texture size = 400x300
WARNING: (art/gui/next-button_n) texture size = 11x81
WARNING: (art/gui/next-button_h) texture size = 11x81
WARNING: (art/gui/next-button_d) texture size = 11x81
<input> (0): Cannot re-declare object [theLevelInfo].
<input> (0): Cannot re-declare object [theLevelInfo].
<input> (0): Cannot re-declare object [theLevelInfo].
<input> (0): Cannot re-declare object [theLevelInfo].
<input> (0): Cannot re-declare object [theLevelInfo].
<input> (0): Cannot re-declare object [theLevelInfo].
WARNING: (art/gui/background) texture size = 800x600
*** ENDING MISSION
CDROP: 20008 
Exporting server prefs...
WARNING:: COULD NOT RESOLVE 'editor' to an object.
WARNING:: COULD NOT RESOLVE 'Editor' to an object.
WARNING:: COULD NOT RESOLVE 'Editor' to an object.
WARNING:: COULD NOT RESOLVE 'ServerConnection' to an object.
WARNING:: COULD NOT RESOLVE 'ServerConnection' to an object.
WARNING:: COULD NOT RESOLVE 'ServerConnection' to an object.
WARNING:: COULD NOT RESOLVE 'ServerConnection' to an object.
WARNING:: COULD NOT RESOLVE 'MissionGroup' to an object.
WARNING:: COULD NOT RESOLVE 'MissionGroup' to an object.
WARNING:: COULD NOT RESOLVE 'ServerGroup' to an object.
WARNING:: COULD NOT RESOLVE 'ServerGroup' to an object.
Exporting server prefs...
Exporting client prefs
Exporting server prefs
WARNING:: COULD NOT RESOLVE 'TerrainPainterPreview' to an object.
WARNING:: COULD NOT RESOLVE 'TerrainPainter' to an object.
WARNING:: COULD NOT RESOLVE 'EWInspectorWindow' to an object.
WARNING:: COULD NOT RESOLVE 'EWTreeWindow' to an object.
WARNING:: COULD NOT RESOLVE 'ESettingsWindow' to an object.
WARNING:: COULD NOT RESOLVE 'ESnapOptions' to an object.
WARNING:: COULD NOT RESOLVE 'editor' to an object.
WARNING:: COULD NOT RESOLVE 'Editor' to an object.
WARNING:: COULD NOT RESOLVE 'Editor' to an object.
WARNING:: COULD NOT RESOLVE 'ServerConnection' to an object.
WARNING:: COULD NOT RESOLVE 'ServerConnection' to an object.
WARNING:: COULD NOT RESOLVE 'ServerConnection' to an object.
WARNING:: COULD NOT RESOLVE 'ServerConnection' to an object.
WARNING:: COULD NOT RESOLVE 'MissionGroup' to an object.
WARNING:: COULD NOT RESOLVE 'MissionGroup' to an object.
WARNING:: COULD NOT RESOLVE 'ServerGroup' to an object.
WARNING:: COULD NOT RESOLVE 'ServerGroup' to an object.
Exporting server prefs...
Exporting client prefs
Exporting server prefs
Cur. D3DDevice ref count=1
