Build started 12/2/2014 5:47:35 PM.
     1>Project "C:\Users\nes\Source\Repos\OmniEngine.Net\My Projects\Salvage\buildFiles\VisualStudio 2013\projects\lpng.vcxproj" on node 8 (Build target(s)).
     1>ClCompile:
         C:\ides\Microsoft Visual Studio 12.0\VC\bin\x86_amd64\CL.exe /c /IC:/Users/nes/Source/Repos/OmniEngine.Net/Engine/lib/zlib /IC:/Users/nes/Source/Repos/OmniEngine.Net/Engine/lib/lpng /Zi /nologo /W3 /WX- /Ox /Ob2 /D UNICODE /D _CRT_SECURE_NO_DEPRECATE /D _CRT_SECURE_NO_WARNINGS /GF /Gm- /MT /GS- /Gy /fp:precise /Zc:wchar_t- /Zc:forScope /GR /Fo"../../Link/VC2013.Release.x64/lpng/" /Fd"C:/Users/nes/Source/Repos/OmniEngine.Net/Engine/lib//compiled/Release.x64/lpng.pdb" /Gd /TC /wd4244 /wd4305 /wd4530 /wd4355 /errorReport:prompt /MP C:\Users\nes\Source\Repos\OmniEngine.Net\Engine\lib\lpng\example.c C:\Users\nes\Source\Repos\OmniEngine.Net\Engine\lib\lpng\png.c C:\Users\nes\Source\Repos\OmniEngine.Net\Engine\lib\lpng\pngerror.c C:\Users\nes\Source\Repos\OmniEngine.Net\Engine\lib\lpng\pngget.c C:\Users\nes\Source\Repos\OmniEngine.Net\Engine\lib\lpng\pngmem.c C:\Users\nes\Source\Repos\OmniEngine.Net\Engine\lib\lpng\pngpread.c C:\Users\nes\Source\Repos\OmniEngine.Net\Engine\lib\lpng\pngread.c C:\Users\nes\Source\Repos\OmniEngine.Net\Engine\lib\lpng\pngrio.c C:\Users\nes\Source\Repos\OmniEngine.Net\Engine\lib\lpng\pngrtran.c C:\Users\nes\Source\Repos\OmniEngine.Net\Engine\lib\lpng\pngrutil.c C:\Users\nes\Source\Repos\OmniEngine.Net\Engine\lib\lpng\pngset.c C:\Users\nes\Source\Repos\OmniEngine.Net\Engine\lib\lpng\pngtest.c C:\Users\nes\Source\Repos\OmniEngine.Net\Engine\lib\lpng\pngtrans.c C:\Users\nes\Source\Repos\OmniEngine.Net\Engine\lib\lpng\pngwio.c C:\Users\nes\Source\Repos\OmniEngine.Net\Engine\lib\lpng\pngwrite.c C:\Users\nes\Source\Repos\OmniEngine.Net\Engine\lib\lpng\pngwtran.c C:\Users\nes\Source\Repos\OmniEngine.Net\Engine\lib\lpng\pngwutil.c
         example.c
         png.c
         pngerror.c
         pngget.c
         pngmem.c
         pngpread.c
         pngread.c
         pngrio.c
         pngrtran.c
         pngrutil.c
         pngset.c
         pngtest.c
         pngtrans.c
         pngwio.c
         pngwrite.c
         pngwtran.c
         pngwutil.c
       Lib:
         C:\ides\Microsoft Visual Studio 12.0\VC\bin\x86_amd64\Lib.exe /OUT:"C:/Users/nes/Source/Repos/OmniEngine.Net/Engine/lib//compiled/Release.x64//lpng.lib" /NOLOGO /MACHINE:X64 ../../Link/VC2013.Release.x64/lpng/example.obj
         ../../Link/VC2013.Release.x64/lpng/png.obj
         ../../Link/VC2013.Release.x64/lpng/pngerror.obj
         ../../Link/VC2013.Release.x64/lpng/pngget.obj
         ../../Link/VC2013.Release.x64/lpng/pngmem.obj
         ../../Link/VC2013.Release.x64/lpng/pngpread.obj
         ../../Link/VC2013.Release.x64/lpng/pngread.obj
         ../../Link/VC2013.Release.x64/lpng/pngrio.obj
         ../../Link/VC2013.Release.x64/lpng/pngrtran.obj
         ../../Link/VC2013.Release.x64/lpng/pngrutil.obj
         ../../Link/VC2013.Release.x64/lpng/pngset.obj
         ../../Link/VC2013.Release.x64/lpng/pngtest.obj
         ../../Link/VC2013.Release.x64/lpng/pngtrans.obj
         ../../Link/VC2013.Release.x64/lpng/pngwio.obj
         ../../Link/VC2013.Release.x64/lpng/pngwrite.obj
         ../../Link/VC2013.Release.x64/lpng/pngwtran.obj
         ../../Link/VC2013.Release.x64/lpng/pngwutil.obj
         lpng.vcxproj -> C:/Users/nes/Source/Repos/OmniEngine.Net/Engine/lib//compiled/Release.x64/lpng.lib
     1>Done Building Project "C:\Users\nes\Source\Repos\OmniEngine.Net\My Projects\Salvage\buildFiles\VisualStudio 2013\projects\lpng.vcxproj" (Build target(s)).

Build succeeded.

Time Elapsed 00:00:12.62
