Build started 12/2/2014 5:47:33 PM.
     1>Project "C:\Users\nes\Source\Repos\OmniEngine.Net\My Projects\Salvage\buildFiles\VisualStudio 2013\projects\pcre.vcxproj" on node 3 (Build target(s)).
     1>ClCompile:
         C:\ides\Microsoft Visual Studio 12.0\VC\bin\x86_amd64\CL.exe /c /IC:/Users/nes/Source/Repos/OmniEngine.Net/Engine/lib/pcre /Zi /nologo /W3 /WX- /Ox /Ob2 /D PCRE_STATIC /D HAVE_CONFIG_H /D UNICODE /D _CRT_SECURE_NO_DEPRECATE /D _CRT_SECURE_NO_WARNINGS /GF /Gm- /MT /GS- /Gy /fp:precise /Zc:wchar_t- /Zc:forScope /GR /Fo"../../Link/VC2013.Release.x64/pcre/" /Fd"C:/Users/nes/Source/Repos/OmniEngine.Net/Engine/lib//compiled/Release.x64/pcre.pdb" /Gd /TP /wd4244 /wd4305 /wd4530 /wd4355 /errorReport:prompt /MP C:\Users\nes\Source\Repos\OmniEngine.Net\Engine\lib\pcre\pcrecpp.cc C:\Users\nes\Source\Repos\OmniEngine.Net\Engine\lib\pcre\pcre_scanner.cc C:\Users\nes\Source\Repos\OmniEngine.Net\Engine\lib\pcre\pcre_stringpiece.cc
         pcrecpp.cc
         pcre_scanner.cc
         pcre_stringpiece.cc
     1>C:\Users\nes\Source\Repos\OmniEngine.Net\Engine\lib\pcre\pcrecpp.cc(563): warning C4267: 'argument' : conversion from 'size_t' to 'int', possible loss of data
         C:\ides\Microsoft Visual Studio 12.0\VC\bin\x86_amd64\CL.exe /c /IC:/Users/nes/Source/Repos/OmniEngine.Net/Engine/lib/pcre /Zi /nologo /W3 /WX- /Ox /Ob2 /D PCRE_STATIC /D HAVE_CONFIG_H /D UNICODE /D _CRT_SECURE_NO_DEPRECATE /D _CRT_SECURE_NO_WARNINGS /GF /Gm- /MT /GS- /Gy /fp:precise /Zc:wchar_t- /Zc:forScope /GR /Fo"../../Link/VC2013.Release.x64/pcre/" /Fd"C:/Users/nes/Source/Repos/OmniEngine.Net/Engine/lib//compiled/Release.x64/pcre.pdb" /Gd /TC /wd4244 /wd4305 /wd4530 /wd4355 /errorReport:prompt /MP C:\Users\nes\Source\Repos\OmniEngine.Net\Engine\lib\pcre\pcre_chartables.c C:\Users\nes\Source\Repos\OmniEngine.Net\Engine\lib\pcre\pcre_compile.c C:\Users\nes\Source\Repos\OmniEngine.Net\Engine\lib\pcre\pcre_config.c C:\Users\nes\Source\Repos\OmniEngine.Net\Engine\lib\pcre\pcre_dfa_exec.c C:\Users\nes\Source\Repos\OmniEngine.Net\Engine\lib\pcre\pcre_exec.c C:\Users\nes\Source\Repos\OmniEngine.Net\Engine\lib\pcre\pcre_fullinfo.c C:\Users\nes\Source\Repos\OmniEngine.Net\Engine\lib\pcre\pcre_get.c C:\Users\nes\Source\Repos\OmniEngine.Net\Engine\lib\pcre\pcre_globals.c C:\Users\nes\Source\Repos\OmniEngine.Net\Engine\lib\pcre\pcre_info.c C:\Users\nes\Source\Repos\OmniEngine.Net\Engine\lib\pcre\pcre_maketables.c C:\Users\nes\Source\Repos\OmniEngine.Net\Engine\lib\pcre\pcre_newline.c C:\Users\nes\Source\Repos\OmniEngine.Net\Engine\lib\pcre\pcre_ord2utf8.c C:\Users\nes\Source\Repos\OmniEngine.Net\Engine\lib\pcre\pcre_refcount.c C:\Users\nes\Source\Repos\OmniEngine.Net\Engine\lib\pcre\pcre_study.c C:\Users\nes\Source\Repos\OmniEngine.Net\Engine\lib\pcre\pcre_tables.c C:\Users\nes\Source\Repos\OmniEngine.Net\Engine\lib\pcre\pcre_try_flipped.c C:\Users\nes\Source\Repos\OmniEngine.Net\Engine\lib\pcre\pcre_ucp_searchfuncs.c C:\Users\nes\Source\Repos\OmniEngine.Net\Engine\lib\pcre\pcre_valid_utf8.c C:\Users\nes\Source\Repos\OmniEngine.Net\Engine\lib\pcre\pcre_version.c C:\Users\nes\Source\Repos\OmniEngine.Net\Engine\lib\pcre\pcre_xclass.c
         pcre_chartables.c
         pcre_compile.c
         pcre_config.c
         pcre_dfa_exec.c
         pcre_exec.c
         pcre_fullinfo.c
         pcre_get.c
         pcre_globals.c
         pcre_info.c
     1>C:\Users\nes\Source\Repos\OmniEngine.Net\Engine\lib\pcre\pcre_compile.c(6041): warning C4267: '=' : conversion from 'size_t' to 'pcre_uint32', possible loss of data
         pcre_maketables.c
         pcre_newline.c
         pcre_ord2utf8.c
         pcre_refcount.c
         pcre_study.c
         pcre_tables.c
         pcre_try_flipped.c
         pcre_ucp_searchfuncs.c
         pcre_valid_utf8.c
         pcre_version.c
         pcre_xclass.c
       Lib:
         C:\ides\Microsoft Visual Studio 12.0\VC\bin\x86_amd64\Lib.exe /OUT:"C:/Users/nes/Source/Repos/OmniEngine.Net/Engine/lib//compiled/Release.x64//pcre.lib" /NOLOGO /MACHINE:X64 ../../Link/VC2013.Release.x64/pcre/pcrecpp.obj
         ../../Link/VC2013.Release.x64/pcre/pcre_chartables.obj
         ../../Link/VC2013.Release.x64/pcre/pcre_compile.obj
         ../../Link/VC2013.Release.x64/pcre/pcre_config.obj
         ../../Link/VC2013.Release.x64/pcre/pcre_dfa_exec.obj
         ../../Link/VC2013.Release.x64/pcre/pcre_exec.obj
         ../../Link/VC2013.Release.x64/pcre/pcre_fullinfo.obj
         ../../Link/VC2013.Release.x64/pcre/pcre_get.obj
         ../../Link/VC2013.Release.x64/pcre/pcre_globals.obj
         ../../Link/VC2013.Release.x64/pcre/pcre_info.obj
         ../../Link/VC2013.Release.x64/pcre/pcre_maketables.obj
         ../../Link/VC2013.Release.x64/pcre/pcre_newline.obj
         ../../Link/VC2013.Release.x64/pcre/pcre_ord2utf8.obj
         ../../Link/VC2013.Release.x64/pcre/pcre_refcount.obj
         ../../Link/VC2013.Release.x64/pcre/pcre_scanner.obj
         ../../Link/VC2013.Release.x64/pcre/pcre_stringpiece.obj
         ../../Link/VC2013.Release.x64/pcre/pcre_study.obj
         ../../Link/VC2013.Release.x64/pcre/pcre_tables.obj
         ../../Link/VC2013.Release.x64/pcre/pcre_try_flipped.obj
         ../../Link/VC2013.Release.x64/pcre/pcre_ucp_searchfuncs.obj
         ../../Link/VC2013.Release.x64/pcre/pcre_valid_utf8.obj
         ../../Link/VC2013.Release.x64/pcre/pcre_version.obj
         ../../Link/VC2013.Release.x64/pcre/pcre_xclass.obj
         pcre.vcxproj -> C:/Users/nes/Source/Repos/OmniEngine.Net/Engine/lib//compiled/Release.x64/pcre.lib
     1>Done Building Project "C:\Users\nes\Source\Repos\OmniEngine.Net\My Projects\Salvage\buildFiles\VisualStudio 2013\projects\pcre.vcxproj" (Build target(s)).

Build succeeded.

Time Elapsed 00:00:34.36
