Build started 12/2/2014 5:47:34 PM.
     1>Project "C:\Users\nes\Source\Repos\OmniEngine.Net\My Projects\Salvage\buildFiles\VisualStudio 2013\projects\librecast.vcxproj" on node 4 (Build target(s)).
     1>ClCompile:
         C:\ides\Microsoft Visual Studio 12.0\VC\bin\x86_amd64\CL.exe /c /IC:/Users/nes/Source/Repos/OmniEngine.Net/Engine/lib/recast/DebugUtils/Include /IC:/Users/nes/Source/Repos/OmniEngine.Net/Engine/lib/recast/Recast/Include /IC:/Users/nes/Source/Repos/OmniEngine.Net/Engine/lib/recast/Detour/Include /IC:/Users/nes/Source/Repos/OmniEngine.Net/Engine/lib/recast/DetourTileCache/Include /IC:/Users/nes/Source/Repos/OmniEngine.Net/Engine/lib/recast/DetourCrowd/Include /Zi /nologo /W3 /WX- /Ox /Ob2 /D UNICODE /D _CRT_SECURE_NO_DEPRECATE /D _CRT_SECURE_NO_WARNINGS /GF /Gm- /MT /GS- /Gy /fp:precise /Zc:wchar_t- /Zc:forScope /GR /Fo"../../Link/VC2013.Release.x64/librecast/" /Fd"C:/Users/nes/Source/Repos/OmniEngine.Net/Engine/lib//compiled/Release.x64/librecast.pdb" /Gd /TP /wd4244 /wd4305 /wd4530 /wd4355 /errorReport:prompt /MP C:\Users\nes\Source\Repos\OmniEngine.Net\Engine\lib\recast\DebugUtils\Source\DebugDraw.cpp C:\Users\nes\Source\Repos\OmniEngine.Net\Engine\lib\recast\DebugUtils\Source\DetourDebugDraw.cpp C:\Users\nes\Source\Repos\OmniEngine.Net\Engine\lib\recast\DebugUtils\Source\RecastDebugDraw.cpp C:\Users\nes\Source\Repos\OmniEngine.Net\Engine\lib\recast\DebugUtils\Source\RecastDump.cpp C:\Users\nes\Source\Repos\OmniEngine.Net\Engine\lib\recast\Detour\Source\DetourAlloc.cpp C:\Users\nes\Source\Repos\OmniEngine.Net\Engine\lib\recast\Detour\Source\DetourCommon.cpp C:\Users\nes\Source\Repos\OmniEngine.Net\Engine\lib\recast\Detour\Source\DetourNavMesh.cpp C:\Users\nes\Source\Repos\OmniEngine.Net\Engine\lib\recast\Detour\Source\DetourNavMeshBuilder.cpp C:\Users\nes\Source\Repos\OmniEngine.Net\Engine\lib\recast\Detour\Source\DetourNavMeshQuery.cpp C:\Users\nes\Source\Repos\OmniEngine.Net\Engine\lib\recast\Detour\Source\DetourNode.cpp C:\Users\nes\Source\Repos\OmniEngine.Net\Engine\lib\recast\DetourCrowd\Source\DetourCrowd.cpp C:\Users\nes\Source\Repos\OmniEngine.Net\Engine\lib\recast\DetourCrowd\Source\DetourLocalBoundary.cpp C:\Users\nes\Source\Repos\OmniEngine.Net\Engine\lib\recast\DetourCrowd\Source\DetourObstacleAvoidance.cpp C:\Users\nes\Source\Repos\OmniEngine.Net\Engine\lib\recast\DetourCrowd\Source\DetourPathCorridor.cpp C:\Users\nes\Source\Repos\OmniEngine.Net\Engine\lib\recast\DetourCrowd\Source\DetourPathQueue.cpp C:\Users\nes\Source\Repos\OmniEngine.Net\Engine\lib\recast\DetourCrowd\Source\DetourProximityGrid.cpp C:\Users\nes\Source\Repos\OmniEngine.Net\Engine\lib\recast\DetourTileCache\Source\DetourTileCache.cpp C:\Users\nes\Source\Repos\OmniEngine.Net\Engine\lib\recast\DetourTileCache\Source\DetourTileCacheBuilder.cpp C:\Users\nes\Source\Repos\OmniEngine.Net\Engine\lib\recast\Recast\Source\Recast.cpp C:\Users\nes\Source\Repos\OmniEngine.Net\Engine\lib\recast\Recast\Source\RecastAlloc.cpp C:\Users\nes\Source\Repos\OmniEngine.Net\Engine\lib\recast\Recast\Source\RecastArea.cpp C:\Users\nes\Source\Repos\OmniEngine.Net\Engine\lib\recast\Recast\Source\RecastContour.cpp C:\Users\nes\Source\Repos\OmniEngine.Net\Engine\lib\recast\Recast\Source\RecastFilter.cpp C:\Users\nes\Source\Repos\OmniEngine.Net\Engine\lib\recast\Recast\Source\RecastLayers.cpp C:\Users\nes\Source\Repos\OmniEngine.Net\Engine\lib\recast\Recast\Source\RecastMesh.cpp C:\Users\nes\Source\Repos\OmniEngine.Net\Engine\lib\recast\Recast\Source\RecastMeshDetail.cpp C:\Users\nes\Source\Repos\OmniEngine.Net\Engine\lib\recast\Recast\Source\RecastRasterization.cpp C:\Users\nes\Source\Repos\OmniEngine.Net\Engine\lib\recast\Recast\Source\RecastRegion.cpp
         DebugDraw.cpp
         DetourDebugDraw.cpp
         RecastDebugDraw.cpp
         RecastDump.cpp
         DetourAlloc.cpp
         DetourCommon.cpp
         DetourNavMesh.cpp
         DetourNavMeshBuilder.cpp
         DetourNavMeshQuery.cpp
         DetourNode.cpp
         DetourCrowd.cpp
         DetourLocalBoundary.cpp
         DetourObstacleAvoidance.cpp
         DetourPathCorridor.cpp
         DetourPathQueue.cpp
         DetourProximityGrid.cpp
         DetourTileCache.cpp
         DetourTileCacheBuilder.cpp
         Recast.cpp
         RecastAlloc.cpp
         RecastArea.cpp
         RecastContour.cpp
         RecastFilter.cpp
         RecastLayers.cpp
         RecastMesh.cpp
         RecastMeshDetail.cpp
         RecastRasterization.cpp
         RecastRegion.cpp
       Lib:
         C:\ides\Microsoft Visual Studio 12.0\VC\bin\x86_amd64\Lib.exe /OUT:"C:/Users/nes/Source/Repos/OmniEngine.Net/Engine/lib//compiled/Release.x64//librecast.lib" /NOLOGO /MACHINE:X64 ../../Link/VC2013.Release.x64/librecast/DebugDraw.obj
         ../../Link/VC2013.Release.x64/librecast/DetourDebugDraw.obj
         ../../Link/VC2013.Release.x64/librecast/RecastDebugDraw.obj
         ../../Link/VC2013.Release.x64/librecast/RecastDump.obj
         ../../Link/VC2013.Release.x64/librecast/DetourAlloc.obj
         ../../Link/VC2013.Release.x64/librecast/DetourCommon.obj
         ../../Link/VC2013.Release.x64/librecast/DetourNavMesh.obj
         ../../Link/VC2013.Release.x64/librecast/DetourNavMeshBuilder.obj
         ../../Link/VC2013.Release.x64/librecast/DetourNavMeshQuery.obj
         ../../Link/VC2013.Release.x64/librecast/DetourNode.obj
         ../../Link/VC2013.Release.x64/librecast/DetourCrowd.obj
         ../../Link/VC2013.Release.x64/librecast/DetourLocalBoundary.obj
         ../../Link/VC2013.Release.x64/librecast/DetourObstacleAvoidance.obj
         ../../Link/VC2013.Release.x64/librecast/DetourPathCorridor.obj
         ../../Link/VC2013.Release.x64/librecast/DetourPathQueue.obj
         ../../Link/VC2013.Release.x64/librecast/DetourProximityGrid.obj
         ../../Link/VC2013.Release.x64/librecast/DetourTileCache.obj
         ../../Link/VC2013.Release.x64/librecast/DetourTileCacheBuilder.obj
         ../../Link/VC2013.Release.x64/librecast/Recast.obj
         ../../Link/VC2013.Release.x64/librecast/RecastAlloc.obj
         ../../Link/VC2013.Release.x64/librecast/RecastArea.obj
         ../../Link/VC2013.Release.x64/librecast/RecastContour.obj
         ../../Link/VC2013.Release.x64/librecast/RecastFilter.obj
         ../../Link/VC2013.Release.x64/librecast/RecastLayers.obj
         ../../Link/VC2013.Release.x64/librecast/RecastMesh.obj
         ../../Link/VC2013.Release.x64/librecast/RecastMeshDetail.obj
         ../../Link/VC2013.Release.x64/librecast/RecastRasterization.obj
         ../../Link/VC2013.Release.x64/librecast/RecastRegion.obj
         librecast.vcxproj -> C:/Users/nes/Source/Repos/OmniEngine.Net/Engine/lib//compiled/Release.x64/librecast.lib
     1>Done Building Project "C:\Users\nes\Source\Repos\OmniEngine.Net\My Projects\Salvage\buildFiles\VisualStudio 2013\projects\librecast.vcxproj" (Build target(s)).

Build succeeded.

Time Elapsed 00:00:17.13
