Build started 12/2/2014 5:47:49 PM.
     1>Project "C:\Users\nes\Source\Repos\OmniEngine.Net\My Projects\Salvage\buildFiles\VisualStudio 2013\projects\libvorbis.vcxproj" on node 7 (Build target(s)).
     1>ClCompile:
         C:\ides\Microsoft Visual Studio 12.0\VC\bin\x86_amd64\CL.exe /c /IC:/Users/nes/Source/Repos/OmniEngine.Net/Engine/lib/libvorbis/lib /IC:/Users/nes/Source/Repos/OmniEngine.Net/Engine/lib/libvorbis/include /IC:/Users/nes/Source/Repos/OmniEngine.Net/Engine/lib/libogg/include /Zi /nologo /W3 /WX- /Ox /Ob2 /D UNICODE /D _CRT_SECURE_NO_DEPRECATE /D _CRT_SECURE_NO_WARNINGS /GF /Gm- /MT /GS- /Gy /fp:precise /Zc:wchar_t- /Zc:forScope /GR /Fo"../../Link/VC2013.Release.x64/libvorbis/" /Fd"C:/Users/nes/Source/Repos/OmniEngine.Net/Engine/lib//compiled/Release.x64/libvorbis.pdb" /Gd /TC /wd4244 /wd4305 /wd4530 /wd4355 /errorReport:prompt /MP C:\Users\nes\Source\Repos\OmniEngine.Net\Engine\lib\libvorbis\lib\analysis.c C:\Users\nes\Source\Repos\OmniEngine.Net\Engine\lib\libvorbis\lib\bitrate.c C:\Users\nes\Source\Repos\OmniEngine.Net\Engine\lib\libvorbis\lib\block.c C:\Users\nes\Source\Repos\OmniEngine.Net\Engine\lib\libvorbis\lib\codebook.c C:\Users\nes\Source\Repos\OmniEngine.Net\Engine\lib\libvorbis\lib\envelope.c C:\Users\nes\Source\Repos\OmniEngine.Net\Engine\lib\libvorbis\lib\floor0.c C:\Users\nes\Source\Repos\OmniEngine.Net\Engine\lib\libvorbis\lib\floor1.c C:\Users\nes\Source\Repos\OmniEngine.Net\Engine\lib\libvorbis\lib\info.c C:\Users\nes\Source\Repos\OmniEngine.Net\Engine\lib\libvorbis\lib\lookup.c C:\Users\nes\Source\Repos\OmniEngine.Net\Engine\lib\libvorbis\lib\lpc.c C:\Users\nes\Source\Repos\OmniEngine.Net\Engine\lib\libvorbis\lib\lsp.c C:\Users\nes\Source\Repos\OmniEngine.Net\Engine\lib\libvorbis\lib\mapping0.c C:\Users\nes\Source\Repos\OmniEngine.Net\Engine\lib\libvorbis\lib\mdct.c C:\Users\nes\Source\Repos\OmniEngine.Net\Engine\lib\libvorbis\lib\psy.c C:\Users\nes\Source\Repos\OmniEngine.Net\Engine\lib\libvorbis\lib\registry.c C:\Users\nes\Source\Repos\OmniEngine.Net\Engine\lib\libvorbis\lib\res0.c C:\Users\nes\Source\Repos\OmniEngine.Net\Engine\lib\libvorbis\lib\sharedbook.c C:\Users\nes\Source\Repos\OmniEngine.Net\Engine\lib\libvorbis\lib\smallft.c C:\Users\nes\Source\Repos\OmniEngine.Net\Engine\lib\libvorbis\lib\synthesis.c C:\Users\nes\Source\Repos\OmniEngine.Net\Engine\lib\libvorbis\lib\vorbisenc.c C:\Users\nes\Source\Repos\OmniEngine.Net\Engine\lib\libvorbis\lib\vorbisfile.c C:\Users\nes\Source\Repos\OmniEngine.Net\Engine\lib\libvorbis\lib\window.c
         analysis.c
         bitrate.c
         block.c
         codebook.c
         envelope.c
         floor0.c
         floor1.c
         info.c
         lookup.c
         lpc.c
         lsp.c
         mapping0.c
         mdct.c
         psy.c
         registry.c
         res0.c
         sharedbook.c
         smallft.c
         synthesis.c
         vorbisenc.c
         vorbisfile.c
         window.c
       Lib:
         C:\ides\Microsoft Visual Studio 12.0\VC\bin\x86_amd64\Lib.exe /OUT:"C:/Users/nes/Source/Repos/OmniEngine.Net/Engine/lib//compiled/Release.x64//libvorbis.lib" /NOLOGO /MACHINE:X64 ../../Link/VC2013.Release.x64/libvorbis/analysis.obj
         ../../Link/VC2013.Release.x64/libvorbis/bitrate.obj
         ../../Link/VC2013.Release.x64/libvorbis/block.obj
         ../../Link/VC2013.Release.x64/libvorbis/codebook.obj
         ../../Link/VC2013.Release.x64/libvorbis/envelope.obj
         ../../Link/VC2013.Release.x64/libvorbis/floor0.obj
         ../../Link/VC2013.Release.x64/libvorbis/floor1.obj
         ../../Link/VC2013.Release.x64/libvorbis/info.obj
         ../../Link/VC2013.Release.x64/libvorbis/lookup.obj
         ../../Link/VC2013.Release.x64/libvorbis/lpc.obj
         ../../Link/VC2013.Release.x64/libvorbis/lsp.obj
         ../../Link/VC2013.Release.x64/libvorbis/mapping0.obj
         ../../Link/VC2013.Release.x64/libvorbis/mdct.obj
         ../../Link/VC2013.Release.x64/libvorbis/psy.obj
         ../../Link/VC2013.Release.x64/libvorbis/registry.obj
         ../../Link/VC2013.Release.x64/libvorbis/res0.obj
         ../../Link/VC2013.Release.x64/libvorbis/sharedbook.obj
         ../../Link/VC2013.Release.x64/libvorbis/smallft.obj
         ../../Link/VC2013.Release.x64/libvorbis/synthesis.obj
         ../../Link/VC2013.Release.x64/libvorbis/vorbisenc.obj
         ../../Link/VC2013.Release.x64/libvorbis/vorbisfile.obj
         ../../Link/VC2013.Release.x64/libvorbis/window.obj
         libvorbis.vcxproj -> C:/Users/nes/Source/Repos/OmniEngine.Net/Engine/lib//compiled/Release.x64/libvorbis.lib
     1>Done Building Project "C:\Users\nes\Source\Repos\OmniEngine.Net\My Projects\Salvage\buildFiles\VisualStudio 2013\projects\libvorbis.vcxproj" (Build target(s)).

Build succeeded.

Time Elapsed 00:00:07.56
