Build started 12/2/2014 5:47:43 PM.
     1>Project "C:\Users\nes\Source\Repos\OmniEngine.Net\My Projects\Salvage\buildFiles\VisualStudio 2013\projects\opcode.vcxproj" on node 3 (Build target(s)).
     1>ClCompile:
         C:\ides\Microsoft Visual Studio 12.0\VC\bin\x86_amd64\CL.exe /c /IC:/Users/nes/Source/Repos/OmniEngine.Net/Engine/lib/opcode /Zi /nologo /W3 /WX- /Ox /Ob2 /D TORQUE_OPCODE /D ICE_NO_DLL /D TORQUE_OPCODE /D ICE_NO_DLL /D UNICODE /D _CRT_SECURE_NO_DEPRECATE /D _CRT_SECURE_NO_WARNINGS /GF /Gm- /MT /GS- /Gy /fp:precise /Zc:wchar_t- /Zc:forScope /GR /Fo"../../Link/VC2013.Release.x64/opcode/" /Fd"C:/Users/nes/Source/Repos/OmniEngine.Net/Engine/lib//compiled/Release.x64/opcode.pdb" /Gd /TP /wd4244 /wd4305 /wd4530 /wd4355 /errorReport:prompt /MP C:\Users\nes\Source\Repos\OmniEngine.Net\Engine\lib\opcode\Opcode.cpp C:\Users\nes\Source\Repos\OmniEngine.Net\Engine\lib\opcode\OPC_AABBCollider.cpp C:\Users\nes\Source\Repos\OmniEngine.Net\Engine\lib\opcode\OPC_AABBTree.cpp C:\Users\nes\Source\Repos\OmniEngine.Net\Engine\lib\opcode\OPC_BaseModel.cpp C:\Users\nes\Source\Repos\OmniEngine.Net\Engine\lib\opcode\OPC_BoxPruning.cpp C:\Users\nes\Source\Repos\OmniEngine.Net\Engine\lib\opcode\OPC_Collider.cpp C:\Users\nes\Source\Repos\OmniEngine.Net\Engine\lib\opcode\OPC_Common.cpp C:\Users\nes\Source\Repos\OmniEngine.Net\Engine\lib\opcode\OPC_HybridModel.cpp C:\Users\nes\Source\Repos\OmniEngine.Net\Engine\lib\opcode\OPC_LSSCollider.cpp C:\Users\nes\Source\Repos\OmniEngine.Net\Engine\lib\opcode\OPC_MeshInterface.cpp C:\Users\nes\Source\Repos\OmniEngine.Net\Engine\lib\opcode\OPC_Model.cpp C:\Users\nes\Source\Repos\OmniEngine.Net\Engine\lib\opcode\OPC_OBBCollider.cpp C:\Users\nes\Source\Repos\OmniEngine.Net\Engine\lib\opcode\OPC_OptimizedTree.cpp C:\Users\nes\Source\Repos\OmniEngine.Net\Engine\lib\opcode\OPC_Picking.cpp C:\Users\nes\Source\Repos\OmniEngine.Net\Engine\lib\opcode\OPC_PlanesCollider.cpp C:\Users\nes\Source\Repos\OmniEngine.Net\Engine\lib\opcode\OPC_RayCollider.cpp C:\Users\nes\Source\Repos\OmniEngine.Net\Engine\lib\opcode\OPC_SphereCollider.cpp C:\Users\nes\Source\Repos\OmniEngine.Net\Engine\lib\opcode\OPC_SweepAndPrune.cpp C:\Users\nes\Source\Repos\OmniEngine.Net\Engine\lib\opcode\OPC_TreeBuilders.cpp C:\Users\nes\Source\Repos\OmniEngine.Net\Engine\lib\opcode\OPC_TreeCollider.cpp C:\Users\nes\Source\Repos\OmniEngine.Net\Engine\lib\opcode\OPC_VolumeCollider.cpp C:\Users\nes\Source\Repos\OmniEngine.Net\Engine\lib\opcode\Ice\IceAABB.cpp C:\Users\nes\Source\Repos\OmniEngine.Net\Engine\lib\opcode\Ice\IceContainer.cpp C:\Users\nes\Source\Repos\OmniEngine.Net\Engine\lib\opcode\Ice\IceHPoint.cpp C:\Users\nes\Source\Repos\OmniEngine.Net\Engine\lib\opcode\Ice\IceIndexedTriangle.cpp C:\Users\nes\Source\Repos\OmniEngine.Net\Engine\lib\opcode\Ice\IceMatrix3x3.cpp C:\Users\nes\Source\Repos\OmniEngine.Net\Engine\lib\opcode\Ice\IceMatrix4x4.cpp C:\Users\nes\Source\Repos\OmniEngine.Net\Engine\lib\opcode\Ice\IceOBB.cpp C:\Users\nes\Source\Repos\OmniEngine.Net\Engine\lib\opcode\Ice\IcePlane.cpp C:\Users\nes\Source\Repos\OmniEngine.Net\Engine\lib\opcode\Ice\IcePoint.cpp C:\Users\nes\Source\Repos\OmniEngine.Net\Engine\lib\opcode\Ice\IceRandom.cpp C:\Users\nes\Source\Repos\OmniEngine.Net\Engine\lib\opcode\Ice\IceRay.cpp C:\Users\nes\Source\Repos\OmniEngine.Net\Engine\lib\opcode\Ice\IceRevisitedRadix.cpp C:\Users\nes\Source\Repos\OmniEngine.Net\Engine\lib\opcode\Ice\IceSegment.cpp C:\Users\nes\Source\Repos\OmniEngine.Net\Engine\lib\opcode\Ice\IceTriangle.cpp C:\Users\nes\Source\Repos\OmniEngine.Net\Engine\lib\opcode\Ice\IceUtils.cpp
         Opcode.cpp
         OPC_AABBCollider.cpp
         OPC_AABBTree.cpp
         OPC_BaseModel.cpp
         OPC_BoxPruning.cpp
         OPC_Collider.cpp
         OPC_Common.cpp
         OPC_HybridModel.cpp
         Using OPCODE
         Using OPCODE
         Using OPCODE
         Using OPCODE
         Using OPCODE
         Using OPCODE
         Using OPCODE
         Using OPCODE
         Compiling on Windows...
         Compiling with VC++...
         Compiling on Windows...
         Compiling with VC++...
         Compiling on Windows...
         Compiling with VC++...
         Compiling on Windows...
         Compiling with VC++...
         Compiling on Windows...
         Compiling with VC++...
         Compiling on Windows...
         Compiling with VC++...
         Compiling on Windows...
         Compiling with VC++...
         Compiling on Windows...
         Compiling with VC++...
     1>c:\users\nes\source\repos\omniengine.net\engine\lib\opcode\OPC_OptimizedTree.h(64): warning C4267: 'return' : conversion from 'size_t' to 'udword', possible loss of data (C:\Users\nes\Source\Repos\OmniEngine.Net\Engine\lib\opcode\OPC_Collider.cpp)
     1>c:\users\nes\source\repos\omniengine.net\engine\lib\opcode\OPC_OptimizedTree.h(64): warning C4267: 'return' : conversion from 'size_t' to 'udword', possible loss of data (C:\Users\nes\Source\Repos\OmniEngine.Net\Engine\lib\opcode\OPC_BaseModel.cpp)
     1>c:\users\nes\source\repos\omniengine.net\engine\lib\opcode\OPC_OptimizedTree.h(64): warning C4267: 'return' : conversion from 'size_t' to 'udword', possible loss of data (C:\Users\nes\Source\Repos\OmniEngine.Net\Engine\lib\opcode\OPC_AABBTree.cpp)
     1>c:\users\nes\source\repos\omniengine.net\engine\lib\opcode\OPC_OptimizedTree.h(88): warning C4267: 'return' : conversion from 'size_t' to 'udword', possible loss of data (C:\Users\nes\Source\Repos\OmniEngine.Net\Engine\lib\opcode\OPC_BaseModel.cpp)
     1>c:\users\nes\source\repos\omniengine.net\engine\lib\opcode\OPC_OptimizedTree.h(88): warning C4267: 'return' : conversion from 'size_t' to 'udword', possible loss of data (C:\Users\nes\Source\Repos\OmniEngine.Net\Engine\lib\opcode\OPC_Collider.cpp)
     1>c:\users\nes\source\repos\omniengine.net\engine\lib\opcode\OPC_OptimizedTree.h(64): warning C4267: 'return' : conversion from 'size_t' to 'udword', possible loss of data (C:\Users\nes\Source\Repos\OmniEngine.Net\Engine\lib\opcode\OPC_HybridModel.cpp)
     1>c:\users\nes\source\repos\omniengine.net\engine\lib\opcode\OPC_OptimizedTree.h(64): warning C4267: 'return' : conversion from 'size_t' to 'udword', possible loss of data (C:\Users\nes\Source\Repos\OmniEngine.Net\Engine\lib\opcode\OPC_Common.cpp)
     1>c:\users\nes\source\repos\omniengine.net\engine\lib\opcode\OPC_OptimizedTree.h(64): warning C4267: 'return' : conversion from 'size_t' to 'udword', possible loss of data (C:\Users\nes\Source\Repos\OmniEngine.Net\Engine\lib\opcode\OPC_AABBCollider.cpp)
     1>c:\users\nes\source\repos\omniengine.net\engine\lib\opcode\OPC_OptimizedTree.h(64): warning C4267: 'return' : conversion from 'size_t' to 'udword', possible loss of data (C:\Users\nes\Source\Repos\OmniEngine.Net\Engine\lib\opcode\OPC_BoxPruning.cpp)
     1>c:\users\nes\source\repos\omniengine.net\engine\lib\opcode\OPC_OptimizedTree.h(88): warning C4267: 'return' : conversion from 'size_t' to 'udword', possible loss of data (C:\Users\nes\Source\Repos\OmniEngine.Net\Engine\lib\opcode\OPC_AABBTree.cpp)
     1>c:\users\nes\source\repos\omniengine.net\engine\lib\opcode\OPC_OptimizedTree.h(88): warning C4267: 'return' : conversion from 'size_t' to 'udword', possible loss of data (C:\Users\nes\Source\Repos\OmniEngine.Net\Engine\lib\opcode\OPC_AABBCollider.cpp)
     1>c:\users\nes\source\repos\omniengine.net\engine\lib\opcode\OPC_OptimizedTree.h(64): warning C4267: 'return' : conversion from 'size_t' to 'udword', possible loss of data (C:\Users\nes\Source\Repos\OmniEngine.Net\Engine\lib\opcode\Opcode.cpp)
     1>c:\users\nes\source\repos\omniengine.net\engine\lib\opcode\OPC_OptimizedTree.h(88): warning C4267: 'return' : conversion from 'size_t' to 'udword', possible loss of data (C:\Users\nes\Source\Repos\OmniEngine.Net\Engine\lib\opcode\OPC_HybridModel.cpp)
     1>c:\users\nes\source\repos\omniengine.net\engine\lib\opcode\OPC_OptimizedTree.h(88): warning C4267: 'return' : conversion from 'size_t' to 'udword', possible loss of data (C:\Users\nes\Source\Repos\OmniEngine.Net\Engine\lib\opcode\OPC_Common.cpp)
     1>c:\users\nes\source\repos\omniengine.net\engine\lib\opcode\OPC_OptimizedTree.h(104): warning C4267: 'return' : conversion from 'size_t' to 'udword', possible loss of data (C:\Users\nes\Source\Repos\OmniEngine.Net\Engine\lib\opcode\OPC_BaseModel.cpp)
     1>c:\users\nes\source\repos\omniengine.net\engine\lib\opcode\OPC_OptimizedTree.h(104): warning C4267: 'return' : conversion from 'size_t' to 'udword', possible loss of data (C:\Users\nes\Source\Repos\OmniEngine.Net\Engine\lib\opcode\OPC_Collider.cpp)
     1>c:\users\nes\source\repos\omniengine.net\engine\lib\opcode\OPC_OptimizedTree.h(88): warning C4267: 'return' : conversion from 'size_t' to 'udword', possible loss of data (C:\Users\nes\Source\Repos\OmniEngine.Net\Engine\lib\opcode\OPC_BoxPruning.cpp)
     1>c:\users\nes\source\repos\omniengine.net\engine\lib\opcode\OPC_OptimizedTree.h(109): warning C4267: 'return' : conversion from 'size_t' to 'udword', possible loss of data (C:\Users\nes\Source\Repos\OmniEngine.Net\Engine\lib\opcode\OPC_BaseModel.cpp)
     1>c:\users\nes\source\repos\omniengine.net\engine\lib\opcode\OPC_OptimizedTree.h(109): warning C4267: 'return' : conversion from 'size_t' to 'udword', possible loss of data (C:\Users\nes\Source\Repos\OmniEngine.Net\Engine\lib\opcode\OPC_Collider.cpp)
     1>c:\users\nes\source\repos\omniengine.net\engine\lib\opcode\OPC_OptimizedTree.h(104): warning C4267: 'return' : conversion from 'size_t' to 'udword', possible loss of data (C:\Users\nes\Source\Repos\OmniEngine.Net\Engine\lib\opcode\OPC_HybridModel.cpp)
     1>c:\users\nes\source\repos\omniengine.net\engine\lib\opcode\OPC_OptimizedTree.h(88): warning C4267: 'return' : conversion from 'size_t' to 'udword', possible loss of data (C:\Users\nes\Source\Repos\OmniEngine.Net\Engine\lib\opcode\Opcode.cpp)
     1>c:\users\nes\source\repos\omniengine.net\engine\lib\opcode\OPC_OptimizedTree.h(104): warning C4267: 'return' : conversion from 'size_t' to 'udword', possible loss of data (C:\Users\nes\Source\Repos\OmniEngine.Net\Engine\lib\opcode\OPC_Common.cpp)
     1>c:\users\nes\source\repos\omniengine.net\engine\lib\opcode\OPC_OptimizedTree.h(109): warning C4267: 'return' : conversion from 'size_t' to 'udword', possible loss of data (C:\Users\nes\Source\Repos\OmniEngine.Net\Engine\lib\opcode\OPC_HybridModel.cpp)
     1>c:\users\nes\source\repos\omniengine.net\engine\lib\opcode\OPC_OptimizedTree.h(109): warning C4267: 'return' : conversion from 'size_t' to 'udword', possible loss of data (C:\Users\nes\Source\Repos\OmniEngine.Net\Engine\lib\opcode\OPC_Common.cpp)
     1>c:\users\nes\source\repos\omniengine.net\engine\lib\opcode\OPC_OptimizedTree.h(104): warning C4267: 'return' : conversion from 'size_t' to 'udword', possible loss of data (C:\Users\nes\Source\Repos\OmniEngine.Net\Engine\lib\opcode\OPC_AABBTree.cpp)
     1>c:\users\nes\source\repos\omniengine.net\engine\lib\opcode\OPC_OptimizedTree.h(104): warning C4267: 'return' : conversion from 'size_t' to 'udword', possible loss of data (C:\Users\nes\Source\Repos\OmniEngine.Net\Engine\lib\opcode\OPC_AABBCollider.cpp)
     1>c:\users\nes\source\repos\omniengine.net\engine\lib\opcode\OPC_OptimizedTree.h(109): warning C4267: 'return' : conversion from 'size_t' to 'udword', possible loss of data (C:\Users\nes\Source\Repos\OmniEngine.Net\Engine\lib\opcode\OPC_AABBCollider.cpp)
     1>c:\users\nes\source\repos\omniengine.net\engine\lib\opcode\OPC_OptimizedTree.h(109): warning C4267: 'return' : conversion from 'size_t' to 'udword', possible loss of data (C:\Users\nes\Source\Repos\OmniEngine.Net\Engine\lib\opcode\OPC_AABBTree.cpp)
     1>c:\users\nes\source\repos\omniengine.net\engine\lib\opcode\OPC_OptimizedTree.h(104): warning C4267: 'return' : conversion from 'size_t' to 'udword', possible loss of data (C:\Users\nes\Source\Repos\OmniEngine.Net\Engine\lib\opcode\OPC_BoxPruning.cpp)
     1>c:\users\nes\source\repos\omniengine.net\engine\lib\opcode\OPC_OptimizedTree.h(104): warning C4267: 'return' : conversion from 'size_t' to 'udword', possible loss of data (C:\Users\nes\Source\Repos\OmniEngine.Net\Engine\lib\opcode\Opcode.cpp)
     1>c:\users\nes\source\repos\omniengine.net\engine\lib\opcode\OPC_OptimizedTree.h(109): warning C4267: 'return' : conversion from 'size_t' to 'udword', possible loss of data (C:\Users\nes\Source\Repos\OmniEngine.Net\Engine\lib\opcode\Opcode.cpp)
     1>c:\users\nes\source\repos\omniengine.net\engine\lib\opcode\OPC_OptimizedTree.h(109): warning C4267: 'return' : conversion from 'size_t' to 'udword', possible loss of data (C:\Users\nes\Source\Repos\OmniEngine.Net\Engine\lib\opcode\OPC_BoxPruning.cpp)
         OPC_LSSCollider.cpp
         Using OPCODE
         OPC_MeshInterface.cpp
         OPC_Model.cpp
         Using OPCODE
         Using OPCODE
         Compiling on Windows...
         Compiling with VC++...
         OPC_OBBCollider.cpp
         Using OPCODE
         Compiling on Windows...
         Compiling with VC++...
         Compiling on Windows...
         Compiling with VC++...
         OPC_OptimizedTree.cpp
         OPC_Picking.cpp
         OPC_PlanesCollider.cpp
         Using OPCODE
         Using OPCODE
         Using OPCODE
         Compiling on Windows...
         Compiling with VC++...
         Compiling on Windows...
         Compiling with VC++...
         Compiling on Windows...
         Compiling with VC++...
         Compiling on Windows...
         Compiling with VC++...
         OPC_RayCollider.cpp
         Using OPCODE
         Compiling on Windows...
         Compiling with VC++...
     1>c:\users\nes\source\repos\omniengine.net\engine\lib\opcode\OPC_OptimizedTree.h(64): warning C4267: 'return' : conversion from 'size_t' to 'udword', possible loss of data (C:\Users\nes\Source\Repos\OmniEngine.Net\Engine\lib\opcode\OPC_Model.cpp)
     1>c:\users\nes\source\repos\omniengine.net\engine\lib\opcode\OPC_OptimizedTree.h(88): warning C4267: 'return' : conversion from 'size_t' to 'udword', possible loss of data (C:\Users\nes\Source\Repos\OmniEngine.Net\Engine\lib\opcode\OPC_Model.cpp)
     1>c:\users\nes\source\repos\omniengine.net\engine\lib\opcode\OPC_OptimizedTree.h(64): warning C4267: 'return' : conversion from 'size_t' to 'udword', possible loss of data (C:\Users\nes\Source\Repos\OmniEngine.Net\Engine\lib\opcode\OPC_MeshInterface.cpp)
     1>c:\users\nes\source\repos\omniengine.net\engine\lib\opcode\OPC_OptimizedTree.h(104): warning C4267: 'return' : conversion from 'size_t' to 'udword', possible loss of data (C:\Users\nes\Source\Repos\OmniEngine.Net\Engine\lib\opcode\OPC_Model.cpp)
     1>c:\users\nes\source\repos\omniengine.net\engine\lib\opcode\OPC_OptimizedTree.h(88): warning C4267: 'return' : conversion from 'size_t' to 'udword', possible loss of data (C:\Users\nes\Source\Repos\OmniEngine.Net\Engine\lib\opcode\OPC_MeshInterface.cpp)
     1>c:\users\nes\source\repos\omniengine.net\engine\lib\opcode\OPC_OptimizedTree.h(109): warning C4267: 'return' : conversion from 'size_t' to 'udword', possible loss of data (C:\Users\nes\Source\Repos\OmniEngine.Net\Engine\lib\opcode\OPC_Model.cpp)
     1>c:\users\nes\source\repos\omniengine.net\engine\lib\opcode\OPC_OptimizedTree.h(104): warning C4267: 'return' : conversion from 'size_t' to 'udword', possible loss of data (C:\Users\nes\Source\Repos\OmniEngine.Net\Engine\lib\opcode\OPC_MeshInterface.cpp)
     1>c:\users\nes\source\repos\omniengine.net\engine\lib\opcode\OPC_OptimizedTree.h(109): warning C4267: 'return' : conversion from 'size_t' to 'udword', possible loss of data (C:\Users\nes\Source\Repos\OmniEngine.Net\Engine\lib\opcode\OPC_MeshInterface.cpp)
     1>c:\users\nes\source\repos\omniengine.net\engine\lib\opcode\OPC_OptimizedTree.h(64): warning C4267: 'return' : conversion from 'size_t' to 'udword', possible loss of data (C:\Users\nes\Source\Repos\OmniEngine.Net\Engine\lib\opcode\OPC_OptimizedTree.cpp)
     1>c:\users\nes\source\repos\omniengine.net\engine\lib\opcode\OPC_OptimizedTree.h(64): warning C4267: 'return' : conversion from 'size_t' to 'udword', possible loss of data (C:\Users\nes\Source\Repos\OmniEngine.Net\Engine\lib\opcode\OPC_LSSCollider.cpp)
     1>c:\users\nes\source\repos\omniengine.net\engine\lib\opcode\OPC_OptimizedTree.h(88): warning C4267: 'return' : conversion from 'size_t' to 'udword', possible loss of data (C:\Users\nes\Source\Repos\OmniEngine.Net\Engine\lib\opcode\OPC_OptimizedTree.cpp)
     1>c:\users\nes\source\repos\omniengine.net\engine\lib\opcode\OPC_OptimizedTree.h(88): warning C4267: 'return' : conversion from 'size_t' to 'udword', possible loss of data (C:\Users\nes\Source\Repos\OmniEngine.Net\Engine\lib\opcode\OPC_LSSCollider.cpp)
     1>c:\users\nes\source\repos\omniengine.net\engine\lib\opcode\OPC_OptimizedTree.h(104): warning C4267: 'return' : conversion from 'size_t' to 'udword', possible loss of data (C:\Users\nes\Source\Repos\OmniEngine.Net\Engine\lib\opcode\OPC_OptimizedTree.cpp)
     1>c:\users\nes\source\repos\omniengine.net\engine\lib\opcode\OPC_OptimizedTree.h(109): warning C4267: 'return' : conversion from 'size_t' to 'udword', possible loss of data (C:\Users\nes\Source\Repos\OmniEngine.Net\Engine\lib\opcode\OPC_OptimizedTree.cpp)
     1>c:\users\nes\source\repos\omniengine.net\engine\lib\opcode\OPC_OptimizedTree.h(104): warning C4267: 'return' : conversion from 'size_t' to 'udword', possible loss of data (C:\Users\nes\Source\Repos\OmniEngine.Net\Engine\lib\opcode\OPC_LSSCollider.cpp)
     1>c:\users\nes\source\repos\omniengine.net\engine\lib\opcode\OPC_OptimizedTree.h(64): warning C4267: 'return' : conversion from 'size_t' to 'udword', possible loss of data (C:\Users\nes\Source\Repos\OmniEngine.Net\Engine\lib\opcode\OPC_Picking.cpp)
     1>c:\users\nes\source\repos\omniengine.net\engine\lib\opcode\OPC_OptimizedTree.h(88): warning C4267: 'return' : conversion from 'size_t' to 'udword', possible loss of data (C:\Users\nes\Source\Repos\OmniEngine.Net\Engine\lib\opcode\OPC_Picking.cpp)
     1>c:\users\nes\source\repos\omniengine.net\engine\lib\opcode\OPC_OptimizedTree.h(109): warning C4267: 'return' : conversion from 'size_t' to 'udword', possible loss of data (C:\Users\nes\Source\Repos\OmniEngine.Net\Engine\lib\opcode\OPC_LSSCollider.cpp)
     1>c:\users\nes\source\repos\omniengine.net\engine\lib\opcode\OPC_OptimizedTree.h(104): warning C4267: 'return' : conversion from 'size_t' to 'udword', possible loss of data (C:\Users\nes\Source\Repos\OmniEngine.Net\Engine\lib\opcode\OPC_Picking.cpp)
     1>c:\users\nes\source\repos\omniengine.net\engine\lib\opcode\OPC_OptimizedTree.h(109): warning C4267: 'return' : conversion from 'size_t' to 'udword', possible loss of data (C:\Users\nes\Source\Repos\OmniEngine.Net\Engine\lib\opcode\OPC_Picking.cpp)
     1>c:\users\nes\source\repos\omniengine.net\engine\lib\opcode\OPC_OptimizedTree.h(64): warning C4267: 'return' : conversion from 'size_t' to 'udword', possible loss of data (C:\Users\nes\Source\Repos\OmniEngine.Net\Engine\lib\opcode\OPC_OBBCollider.cpp)
     1>c:\users\nes\source\repos\omniengine.net\engine\lib\opcode\OPC_OptimizedTree.h(88): warning C4267: 'return' : conversion from 'size_t' to 'udword', possible loss of data (C:\Users\nes\Source\Repos\OmniEngine.Net\Engine\lib\opcode\OPC_OBBCollider.cpp)
     1>c:\users\nes\source\repos\omniengine.net\engine\lib\opcode\OPC_OptimizedTree.h(104): warning C4267: 'return' : conversion from 'size_t' to 'udword', possible loss of data (C:\Users\nes\Source\Repos\OmniEngine.Net\Engine\lib\opcode\OPC_OBBCollider.cpp)
     1>c:\users\nes\source\repos\omniengine.net\engine\lib\opcode\OPC_OptimizedTree.h(64): warning C4267: 'return' : conversion from 'size_t' to 'udword', possible loss of data (C:\Users\nes\Source\Repos\OmniEngine.Net\Engine\lib\opcode\OPC_PlanesCollider.cpp)
     1>c:\users\nes\source\repos\omniengine.net\engine\lib\opcode\OPC_OptimizedTree.h(109): warning C4267: 'return' : conversion from 'size_t' to 'udword', possible loss of data (C:\Users\nes\Source\Repos\OmniEngine.Net\Engine\lib\opcode\OPC_OBBCollider.cpp)
     1>c:\users\nes\source\repos\omniengine.net\engine\lib\opcode\OPC_OptimizedTree.h(88): warning C4267: 'return' : conversion from 'size_t' to 'udword', possible loss of data (C:\Users\nes\Source\Repos\OmniEngine.Net\Engine\lib\opcode\OPC_PlanesCollider.cpp)
     1>c:\users\nes\source\repos\omniengine.net\engine\lib\opcode\OPC_OptimizedTree.h(104): warning C4267: 'return' : conversion from 'size_t' to 'udword', possible loss of data (C:\Users\nes\Source\Repos\OmniEngine.Net\Engine\lib\opcode\OPC_PlanesCollider.cpp)
     1>c:\users\nes\source\repos\omniengine.net\engine\lib\opcode\OPC_OptimizedTree.h(109): warning C4267: 'return' : conversion from 'size_t' to 'udword', possible loss of data (C:\Users\nes\Source\Repos\OmniEngine.Net\Engine\lib\opcode\OPC_PlanesCollider.cpp)
     1>c:\users\nes\source\repos\omniengine.net\engine\lib\opcode\OPC_OptimizedTree.h(64): warning C4267: 'return' : conversion from 'size_t' to 'udword', possible loss of data (C:\Users\nes\Source\Repos\OmniEngine.Net\Engine\lib\opcode\OPC_RayCollider.cpp)
     1>c:\users\nes\source\repos\omniengine.net\engine\lib\opcode\OPC_OptimizedTree.h(88): warning C4267: 'return' : conversion from 'size_t' to 'udword', possible loss of data (C:\Users\nes\Source\Repos\OmniEngine.Net\Engine\lib\opcode\OPC_RayCollider.cpp)
     1>c:\users\nes\source\repos\omniengine.net\engine\lib\opcode\OPC_OptimizedTree.h(104): warning C4267: 'return' : conversion from 'size_t' to 'udword', possible loss of data (C:\Users\nes\Source\Repos\OmniEngine.Net\Engine\lib\opcode\OPC_RayCollider.cpp)
     1>C:\Users\nes\Source\Repos\OmniEngine.Net\Engine\lib\opcode\OPC_OptimizedTree.cpp(619): warning C4267: 'initializing' : conversion from 'size_t' to 'udword', possible loss of data
     1>C:\Users\nes\Source\Repos\OmniEngine.Net\Engine\lib\opcode\OPC_OptimizedTree.cpp(734): warning C4267: 'initializing' : conversion from 'size_t' to 'udword', possible loss of data
     1>C:\Users\nes\Source\Repos\OmniEngine.Net\Engine\lib\opcode\OPC_OptimizedTree.cpp(735): warning C4267: 'initializing' : conversion from 'size_t' to 'udword', possible loss of data
     1>c:\users\nes\source\repos\omniengine.net\engine\lib\opcode\OPC_OptimizedTree.h(109): warning C4267: 'return' : conversion from 'size_t' to 'udword', possible loss of data (C:\Users\nes\Source\Repos\OmniEngine.Net\Engine\lib\opcode\OPC_RayCollider.cpp)
         OPC_SphereCollider.cpp
         OPC_SweepAndPrune.cpp
         Using OPCODE
         Using OPCODE
         Compiling on Windows...
         Compiling with VC++...
         OPC_TreeBuilders.cpp
         Compiling on Windows...
         Compiling with VC++...
         Using OPCODE
         OPC_TreeCollider.cpp
         Compiling on Windows...
         Compiling with VC++...
         Using OPCODE
         Compiling on Windows...
         Compiling with VC++...
         OPC_VolumeCollider.cpp
         Using OPCODE
         IceAABB.cpp
         IceContainer.cpp
         Using OPCODE
         IceHPoint.cpp
         Using OPCODE
         Using OPCODE
         Compiling on Windows...
         Compiling with VC++...
         Compiling on Windows...
         Compiling with VC++...
     1>c:\users\nes\source\repos\omniengine.net\engine\lib\opcode\OPC_OptimizedTree.h(64): warning C4267: 'return' : conversion from 'size_t' to 'udword', possible loss of data (C:\Users\nes\Source\Repos\OmniEngine.Net\Engine\lib\opcode\OPC_SphereCollider.cpp)
     1>c:\users\nes\source\repos\omniengine.net\engine\lib\opcode\OPC_OptimizedTree.h(88): warning C4267: 'return' : conversion from 'size_t' to 'udword', possible loss of data (C:\Users\nes\Source\Repos\OmniEngine.Net\Engine\lib\opcode\OPC_SphereCollider.cpp)
     1>c:\users\nes\source\repos\omniengine.net\engine\lib\opcode\OPC_OptimizedTree.h(104): warning C4267: 'return' : conversion from 'size_t' to 'udword', possible loss of data (C:\Users\nes\Source\Repos\OmniEngine.Net\Engine\lib\opcode\OPC_SphereCollider.cpp)
     1>c:\users\nes\source\repos\omniengine.net\engine\lib\opcode\OPC_OptimizedTree.h(109): warning C4267: 'return' : conversion from 'size_t' to 'udword', possible loss of data (C:\Users\nes\Source\Repos\OmniEngine.Net\Engine\lib\opcode\OPC_SphereCollider.cpp)
         Compiling on Windows...
         Compiling with VC++...
         Compiling on Windows...
         Compiling with VC++...
     1>c:\users\nes\source\repos\omniengine.net\engine\lib\opcode\OPC_OptimizedTree.h(64): warning C4267: 'return' : conversion from 'size_t' to 'udword', possible loss of data (C:\Users\nes\Source\Repos\OmniEngine.Net\Engine\lib\opcode\OPC_SweepAndPrune.cpp)
     1>c:\users\nes\source\repos\omniengine.net\engine\lib\opcode\OPC_OptimizedTree.h(88): warning C4267: 'return' : conversion from 'size_t' to 'udword', possible loss of data (C:\Users\nes\Source\Repos\OmniEngine.Net\Engine\lib\opcode\OPC_SweepAndPrune.cpp)
     1>c:\users\nes\source\repos\omniengine.net\engine\lib\opcode\OPC_OptimizedTree.h(104): warning C4267: 'return' : conversion from 'size_t' to 'udword', possible loss of data (C:\Users\nes\Source\Repos\OmniEngine.Net\Engine\lib\opcode\OPC_SweepAndPrune.cpp)
     1>c:\users\nes\source\repos\omniengine.net\engine\lib\opcode\OPC_OptimizedTree.h(109): warning C4267: 'return' : conversion from 'size_t' to 'udword', possible loss of data (C:\Users\nes\Source\Repos\OmniEngine.Net\Engine\lib\opcode\OPC_SweepAndPrune.cpp)
     1>c:\users\nes\source\repos\omniengine.net\engine\lib\opcode\OPC_OptimizedTree.h(64): warning C4267: 'return' : conversion from 'size_t' to 'udword', possible loss of data (C:\Users\nes\Source\Repos\OmniEngine.Net\Engine\lib\opcode\OPC_TreeBuilders.cpp)
     1>c:\users\nes\source\repos\omniengine.net\engine\lib\opcode\OPC_OptimizedTree.h(88): warning C4267: 'return' : conversion from 'size_t' to 'udword', possible loss of data (C:\Users\nes\Source\Repos\OmniEngine.Net\Engine\lib\opcode\OPC_TreeBuilders.cpp)
     1>c:\users\nes\source\repos\omniengine.net\engine\lib\opcode\OPC_OptimizedTree.h(104): warning C4267: 'return' : conversion from 'size_t' to 'udword', possible loss of data (C:\Users\nes\Source\Repos\OmniEngine.Net\Engine\lib\opcode\OPC_TreeBuilders.cpp)
     1>c:\users\nes\source\repos\omniengine.net\engine\lib\opcode\OPC_OptimizedTree.h(109): warning C4267: 'return' : conversion from 'size_t' to 'udword', possible loss of data (C:\Users\nes\Source\Repos\OmniEngine.Net\Engine\lib\opcode\OPC_TreeBuilders.cpp)
     1>c:\users\nes\source\repos\omniengine.net\engine\lib\opcode\OPC_OptimizedTree.h(64): warning C4267: 'return' : conversion from 'size_t' to 'udword', possible loss of data (C:\Users\nes\Source\Repos\OmniEngine.Net\Engine\lib\opcode\OPC_TreeCollider.cpp)
     1>c:\users\nes\source\repos\omniengine.net\engine\lib\opcode\OPC_OptimizedTree.h(88): warning C4267: 'return' : conversion from 'size_t' to 'udword', possible loss of data (C:\Users\nes\Source\Repos\OmniEngine.Net\Engine\lib\opcode\OPC_TreeCollider.cpp)
     1>c:\users\nes\source\repos\omniengine.net\engine\lib\opcode\OPC_OptimizedTree.h(104): warning C4267: 'return' : conversion from 'size_t' to 'udword', possible loss of data (C:\Users\nes\Source\Repos\OmniEngine.Net\Engine\lib\opcode\OPC_TreeCollider.cpp)
     1>c:\users\nes\source\repos\omniengine.net\engine\lib\opcode\OPC_OptimizedTree.h(109): warning C4267: 'return' : conversion from 'size_t' to 'udword', possible loss of data (C:\Users\nes\Source\Repos\OmniEngine.Net\Engine\lib\opcode\OPC_TreeCollider.cpp)
     1>c:\users\nes\source\repos\omniengine.net\engine\lib\opcode\OPC_OptimizedTree.h(64): warning C4267: 'return' : conversion from 'size_t' to 'udword', possible loss of data (C:\Users\nes\Source\Repos\OmniEngine.Net\Engine\lib\opcode\OPC_VolumeCollider.cpp)
     1>c:\users\nes\source\repos\omniengine.net\engine\lib\opcode\OPC_OptimizedTree.h(88): warning C4267: 'return' : conversion from 'size_t' to 'udword', possible loss of data (C:\Users\nes\Source\Repos\OmniEngine.Net\Engine\lib\opcode\OPC_VolumeCollider.cpp)
     1>c:\users\nes\source\repos\omniengine.net\engine\lib\opcode\OPC_OptimizedTree.h(104): warning C4267: 'return' : conversion from 'size_t' to 'udword', possible loss of data (C:\Users\nes\Source\Repos\OmniEngine.Net\Engine\lib\opcode\OPC_VolumeCollider.cpp)
     1>c:\users\nes\source\repos\omniengine.net\engine\lib\opcode\OPC_OptimizedTree.h(109): warning C4267: 'return' : conversion from 'size_t' to 'udword', possible loss of data (C:\Users\nes\Source\Repos\OmniEngine.Net\Engine\lib\opcode\OPC_VolumeCollider.cpp)
     1>c:\users\nes\source\repos\omniengine.net\engine\lib\opcode\OPC_OptimizedTree.h(64): warning C4267: 'return' : conversion from 'size_t' to 'udword', possible loss of data (C:\Users\nes\Source\Repos\OmniEngine.Net\Engine\lib\opcode\Ice\IceAABB.cpp)
     1>c:\users\nes\source\repos\omniengine.net\engine\lib\opcode\OPC_OptimizedTree.h(88): warning C4267: 'return' : conversion from 'size_t' to 'udword', possible loss of data (C:\Users\nes\Source\Repos\OmniEngine.Net\Engine\lib\opcode\Ice\IceAABB.cpp)
     1>c:\users\nes\source\repos\omniengine.net\engine\lib\opcode\OPC_OptimizedTree.h(104): warning C4267: 'return' : conversion from 'size_t' to 'udword', possible loss of data (C:\Users\nes\Source\Repos\OmniEngine.Net\Engine\lib\opcode\Ice\IceAABB.cpp)
     1>c:\users\nes\source\repos\omniengine.net\engine\lib\opcode\OPC_OptimizedTree.h(109): warning C4267: 'return' : conversion from 'size_t' to 'udword', possible loss of data (C:\Users\nes\Source\Repos\OmniEngine.Net\Engine\lib\opcode\Ice\IceAABB.cpp)
     1>c:\users\nes\source\repos\omniengine.net\engine\lib\opcode\OPC_OptimizedTree.h(64): warning C4267: 'return' : conversion from 'size_t' to 'udword', possible loss of data (C:\Users\nes\Source\Repos\OmniEngine.Net\Engine\lib\opcode\Ice\IceContainer.cpp)
     1>c:\users\nes\source\repos\omniengine.net\engine\lib\opcode\OPC_OptimizedTree.h(88): warning C4267: 'return' : conversion from 'size_t' to 'udword', possible loss of data (C:\Users\nes\Source\Repos\OmniEngine.Net\Engine\lib\opcode\Ice\IceContainer.cpp)
     1>c:\users\nes\source\repos\omniengine.net\engine\lib\opcode\OPC_OptimizedTree.h(64): warning C4267: 'return' : conversion from 'size_t' to 'udword', possible loss of data (C:\Users\nes\Source\Repos\OmniEngine.Net\Engine\lib\opcode\Ice\IceHPoint.cpp)
     1>c:\users\nes\source\repos\omniengine.net\engine\lib\opcode\OPC_OptimizedTree.h(104): warning C4267: 'return' : conversion from 'size_t' to 'udword', possible loss of data (C:\Users\nes\Source\Repos\OmniEngine.Net\Engine\lib\opcode\Ice\IceContainer.cpp)
     1>c:\users\nes\source\repos\omniengine.net\engine\lib\opcode\OPC_OptimizedTree.h(88): warning C4267: 'return' : conversion from 'size_t' to 'udword', possible loss of data (C:\Users\nes\Source\Repos\OmniEngine.Net\Engine\lib\opcode\Ice\IceHPoint.cpp)
     1>c:\users\nes\source\repos\omniengine.net\engine\lib\opcode\OPC_OptimizedTree.h(109): warning C4267: 'return' : conversion from 'size_t' to 'udword', possible loss of data (C:\Users\nes\Source\Repos\OmniEngine.Net\Engine\lib\opcode\Ice\IceContainer.cpp)
     1>c:\users\nes\source\repos\omniengine.net\engine\lib\opcode\OPC_OptimizedTree.h(104): warning C4267: 'return' : conversion from 'size_t' to 'udword', possible loss of data (C:\Users\nes\Source\Repos\OmniEngine.Net\Engine\lib\opcode\Ice\IceHPoint.cpp)
     1>c:\users\nes\source\repos\omniengine.net\engine\lib\opcode\OPC_OptimizedTree.h(109): warning C4267: 'return' : conversion from 'size_t' to 'udword', possible loss of data (C:\Users\nes\Source\Repos\OmniEngine.Net\Engine\lib\opcode\Ice\IceHPoint.cpp)
         IceIndexedTriangle.cpp
         Using OPCODE
         IceMatrix3x3.cpp
         IceMatrix4x4.cpp
         Using OPCODE
         Using OPCODE
         Compiling on Windows...
         Compiling with VC++...
         Compiling on Windows...
         Compiling with VC++...
         Compiling on Windows...
         Compiling with VC++...
         IceOBB.cpp
         Using OPCODE
         IcePlane.cpp
         Using OPCODE
         Compiling on Windows...
         Compiling with VC++...
         IcePoint.cpp
         Using OPCODE
         IceRandom.cpp
         IceRay.cpp
         Using OPCODE
         Compiling on Windows...
         Compiling with VC++...
         Using OPCODE
         Compiling on Windows...
         Compiling with VC++...
         Compiling on Windows...
         Compiling with VC++...
         Compiling on Windows...
         Compiling with VC++...
     1>c:\users\nes\source\repos\omniengine.net\engine\lib\opcode\OPC_OptimizedTree.h(64): warning C4267: 'return' : conversion from 'size_t' to 'udword', possible loss of data (C:\Users\nes\Source\Repos\OmniEngine.Net\Engine\lib\opcode\Ice\IceIndexedTriangle.cpp)
     1>c:\users\nes\source\repos\omniengine.net\engine\lib\opcode\OPC_OptimizedTree.h(88): warning C4267: 'return' : conversion from 'size_t' to 'udword', possible loss of data (C:\Users\nes\Source\Repos\OmniEngine.Net\Engine\lib\opcode\Ice\IceIndexedTriangle.cpp)
     1>c:\users\nes\source\repos\omniengine.net\engine\lib\opcode\OPC_OptimizedTree.h(104): warning C4267: 'return' : conversion from 'size_t' to 'udword', possible loss of data (C:\Users\nes\Source\Repos\OmniEngine.Net\Engine\lib\opcode\Ice\IceIndexedTriangle.cpp)
     1>c:\users\nes\source\repos\omniengine.net\engine\lib\opcode\OPC_OptimizedTree.h(109): warning C4267: 'return' : conversion from 'size_t' to 'udword', possible loss of data (C:\Users\nes\Source\Repos\OmniEngine.Net\Engine\lib\opcode\Ice\IceIndexedTriangle.cpp)
     1>c:\users\nes\source\repos\omniengine.net\engine\lib\opcode\OPC_OptimizedTree.h(64): warning C4267: 'return' : conversion from 'size_t' to 'udword', possible loss of data (C:\Users\nes\Source\Repos\OmniEngine.Net\Engine\lib\opcode\Ice\IceMatrix3x3.cpp)
     1>c:\users\nes\source\repos\omniengine.net\engine\lib\opcode\OPC_OptimizedTree.h(88): warning C4267: 'return' : conversion from 'size_t' to 'udword', possible loss of data (C:\Users\nes\Source\Repos\OmniEngine.Net\Engine\lib\opcode\Ice\IceMatrix3x3.cpp)
     1>c:\users\nes\source\repos\omniengine.net\engine\lib\opcode\OPC_OptimizedTree.h(104): warning C4267: 'return' : conversion from 'size_t' to 'udword', possible loss of data (C:\Users\nes\Source\Repos\OmniEngine.Net\Engine\lib\opcode\Ice\IceMatrix3x3.cpp)
     1>c:\users\nes\source\repos\omniengine.net\engine\lib\opcode\OPC_OptimizedTree.h(109): warning C4267: 'return' : conversion from 'size_t' to 'udword', possible loss of data (C:\Users\nes\Source\Repos\OmniEngine.Net\Engine\lib\opcode\Ice\IceMatrix3x3.cpp)
     1>c:\users\nes\source\repos\omniengine.net\engine\lib\opcode\OPC_OptimizedTree.h(64): warning C4267: 'return' : conversion from 'size_t' to 'udword', possible loss of data (C:\Users\nes\Source\Repos\OmniEngine.Net\Engine\lib\opcode\Ice\IceMatrix4x4.cpp)
     1>c:\users\nes\source\repos\omniengine.net\engine\lib\opcode\OPC_OptimizedTree.h(88): warning C4267: 'return' : conversion from 'size_t' to 'udword', possible loss of data (C:\Users\nes\Source\Repos\OmniEngine.Net\Engine\lib\opcode\Ice\IceMatrix4x4.cpp)
     1>c:\users\nes\source\repos\omniengine.net\engine\lib\opcode\OPC_OptimizedTree.h(104): warning C4267: 'return' : conversion from 'size_t' to 'udword', possible loss of data (C:\Users\nes\Source\Repos\OmniEngine.Net\Engine\lib\opcode\Ice\IceMatrix4x4.cpp)
     1>c:\users\nes\source\repos\omniengine.net\engine\lib\opcode\OPC_OptimizedTree.h(109): warning C4267: 'return' : conversion from 'size_t' to 'udword', possible loss of data (C:\Users\nes\Source\Repos\OmniEngine.Net\Engine\lib\opcode\Ice\IceMatrix4x4.cpp)
     1>c:\users\nes\source\repos\omniengine.net\engine\lib\opcode\OPC_OptimizedTree.h(64): warning C4267: 'return' : conversion from 'size_t' to 'udword', possible loss of data (C:\Users\nes\Source\Repos\OmniEngine.Net\Engine\lib\opcode\Ice\IceOBB.cpp)
     1>c:\users\nes\source\repos\omniengine.net\engine\lib\opcode\OPC_OptimizedTree.h(88): warning C4267: 'return' : conversion from 'size_t' to 'udword', possible loss of data (C:\Users\nes\Source\Repos\OmniEngine.Net\Engine\lib\opcode\Ice\IceOBB.cpp)
     1>c:\users\nes\source\repos\omniengine.net\engine\lib\opcode\OPC_OptimizedTree.h(104): warning C4267: 'return' : conversion from 'size_t' to 'udword', possible loss of data (C:\Users\nes\Source\Repos\OmniEngine.Net\Engine\lib\opcode\Ice\IceOBB.cpp)
     1>c:\users\nes\source\repos\omniengine.net\engine\lib\opcode\OPC_OptimizedTree.h(109): warning C4267: 'return' : conversion from 'size_t' to 'udword', possible loss of data (C:\Users\nes\Source\Repos\OmniEngine.Net\Engine\lib\opcode\Ice\IceOBB.cpp)
     1>c:\users\nes\source\repos\omniengine.net\engine\lib\opcode\OPC_OptimizedTree.h(64): warning C4267: 'return' : conversion from 'size_t' to 'udword', possible loss of data (C:\Users\nes\Source\Repos\OmniEngine.Net\Engine\lib\opcode\Ice\IcePlane.cpp)
     1>c:\users\nes\source\repos\omniengine.net\engine\lib\opcode\OPC_OptimizedTree.h(88): warning C4267: 'return' : conversion from 'size_t' to 'udword', possible loss of data (C:\Users\nes\Source\Repos\OmniEngine.Net\Engine\lib\opcode\Ice\IcePlane.cpp)
     1>c:\users\nes\source\repos\omniengine.net\engine\lib\opcode\OPC_OptimizedTree.h(104): warning C4267: 'return' : conversion from 'size_t' to 'udword', possible loss of data (C:\Users\nes\Source\Repos\OmniEngine.Net\Engine\lib\opcode\Ice\IcePlane.cpp)
     1>c:\users\nes\source\repos\omniengine.net\engine\lib\opcode\OPC_OptimizedTree.h(109): warning C4267: 'return' : conversion from 'size_t' to 'udword', possible loss of data (C:\Users\nes\Source\Repos\OmniEngine.Net\Engine\lib\opcode\Ice\IcePlane.cpp)
     1>c:\users\nes\source\repos\omniengine.net\engine\lib\opcode\OPC_OptimizedTree.h(64): warning C4267: 'return' : conversion from 'size_t' to 'udword', possible loss of data (C:\Users\nes\Source\Repos\OmniEngine.Net\Engine\lib\opcode\Ice\IcePoint.cpp)
     1>c:\users\nes\source\repos\omniengine.net\engine\lib\opcode\OPC_OptimizedTree.h(88): warning C4267: 'return' : conversion from 'size_t' to 'udword', possible loss of data (C:\Users\nes\Source\Repos\OmniEngine.Net\Engine\lib\opcode\Ice\IcePoint.cpp)
     1>c:\users\nes\source\repos\omniengine.net\engine\lib\opcode\OPC_OptimizedTree.h(104): warning C4267: 'return' : conversion from 'size_t' to 'udword', possible loss of data (C:\Users\nes\Source\Repos\OmniEngine.Net\Engine\lib\opcode\Ice\IcePoint.cpp)
     1>c:\users\nes\source\repos\omniengine.net\engine\lib\opcode\OPC_OptimizedTree.h(109): warning C4267: 'return' : conversion from 'size_t' to 'udword', possible loss of data (C:\Users\nes\Source\Repos\OmniEngine.Net\Engine\lib\opcode\Ice\IcePoint.cpp)
     1>c:\users\nes\source\repos\omniengine.net\engine\lib\opcode\OPC_OptimizedTree.h(64): warning C4267: 'return' : conversion from 'size_t' to 'udword', possible loss of data (C:\Users\nes\Source\Repos\OmniEngine.Net\Engine\lib\opcode\Ice\IceRandom.cpp)
     1>c:\users\nes\source\repos\omniengine.net\engine\lib\opcode\OPC_OptimizedTree.h(88): warning C4267: 'return' : conversion from 'size_t' to 'udword', possible loss of data (C:\Users\nes\Source\Repos\OmniEngine.Net\Engine\lib\opcode\Ice\IceRandom.cpp)
     1>c:\users\nes\source\repos\omniengine.net\engine\lib\opcode\OPC_OptimizedTree.h(104): warning C4267: 'return' : conversion from 'size_t' to 'udword', possible loss of data (C:\Users\nes\Source\Repos\OmniEngine.Net\Engine\lib\opcode\Ice\IceRandom.cpp)
     1>c:\users\nes\source\repos\omniengine.net\engine\lib\opcode\OPC_OptimizedTree.h(109): warning C4267: 'return' : conversion from 'size_t' to 'udword', possible loss of data (C:\Users\nes\Source\Repos\OmniEngine.Net\Engine\lib\opcode\Ice\IceRandom.cpp)
     1>c:\users\nes\source\repos\omniengine.net\engine\lib\opcode\OPC_OptimizedTree.h(64): warning C4267: 'return' : conversion from 'size_t' to 'udword', possible loss of data (C:\Users\nes\Source\Repos\OmniEngine.Net\Engine\lib\opcode\Ice\IceRay.cpp)
         IceRevisitedRadix.cpp
         IceSegment.cpp
     1>c:\users\nes\source\repos\omniengine.net\engine\lib\opcode\OPC_OptimizedTree.h(88): warning C4267: 'return' : conversion from 'size_t' to 'udword', possible loss of data (C:\Users\nes\Source\Repos\OmniEngine.Net\Engine\lib\opcode\Ice\IceRay.cpp)
     1>c:\users\nes\source\repos\omniengine.net\engine\lib\opcode\OPC_OptimizedTree.h(104): warning C4267: 'return' : conversion from 'size_t' to 'udword', possible loss of data (C:\Users\nes\Source\Repos\OmniEngine.Net\Engine\lib\opcode\Ice\IceRay.cpp)
         Using OPCODE
     1>c:\users\nes\source\repos\omniengine.net\engine\lib\opcode\OPC_OptimizedTree.h(109): warning C4267: 'return' : conversion from 'size_t' to 'udword', possible loss of data (C:\Users\nes\Source\Repos\OmniEngine.Net\Engine\lib\opcode\Ice\IceRay.cpp)
         Using OPCODE
         IceTriangle.cpp
         Using OPCODE
         Compiling on Windows...
         Compiling with VC++...
         Compiling on Windows...
         Compiling with VC++...
         Compiling on Windows...
         Compiling with VC++...
         IceUtils.cpp
         Using OPCODE
         Compiling on Windows...
         Compiling with VC++...
     1>c:\users\nes\source\repos\omniengine.net\engine\lib\opcode\OPC_OptimizedTree.h(64): warning C4267: 'return' : conversion from 'size_t' to 'udword', possible loss of data (C:\Users\nes\Source\Repos\OmniEngine.Net\Engine\lib\opcode\Ice\IceRevisitedRadix.cpp)
     1>c:\users\nes\source\repos\omniengine.net\engine\lib\opcode\OPC_OptimizedTree.h(88): warning C4267: 'return' : conversion from 'size_t' to 'udword', possible loss of data (C:\Users\nes\Source\Repos\OmniEngine.Net\Engine\lib\opcode\Ice\IceRevisitedRadix.cpp)
     1>c:\users\nes\source\repos\omniengine.net\engine\lib\opcode\OPC_OptimizedTree.h(104): warning C4267: 'return' : conversion from 'size_t' to 'udword', possible loss of data (C:\Users\nes\Source\Repos\OmniEngine.Net\Engine\lib\opcode\Ice\IceRevisitedRadix.cpp)
     1>c:\users\nes\source\repos\omniengine.net\engine\lib\opcode\OPC_OptimizedTree.h(64): warning C4267: 'return' : conversion from 'size_t' to 'udword', possible loss of data (C:\Users\nes\Source\Repos\OmniEngine.Net\Engine\lib\opcode\Ice\IceSegment.cpp)
     1>c:\users\nes\source\repos\omniengine.net\engine\lib\opcode\OPC_OptimizedTree.h(109): warning C4267: 'return' : conversion from 'size_t' to 'udword', possible loss of data (C:\Users\nes\Source\Repos\OmniEngine.Net\Engine\lib\opcode\Ice\IceRevisitedRadix.cpp)
     1>c:\users\nes\source\repos\omniengine.net\engine\lib\opcode\OPC_OptimizedTree.h(88): warning C4267: 'return' : conversion from 'size_t' to 'udword', possible loss of data (C:\Users\nes\Source\Repos\OmniEngine.Net\Engine\lib\opcode\Ice\IceSegment.cpp)
     1>c:\users\nes\source\repos\omniengine.net\engine\lib\opcode\OPC_OptimizedTree.h(104): warning C4267: 'return' : conversion from 'size_t' to 'udword', possible loss of data (C:\Users\nes\Source\Repos\OmniEngine.Net\Engine\lib\opcode\Ice\IceSegment.cpp)
     1>c:\users\nes\source\repos\omniengine.net\engine\lib\opcode\OPC_OptimizedTree.h(109): warning C4267: 'return' : conversion from 'size_t' to 'udword', possible loss of data (C:\Users\nes\Source\Repos\OmniEngine.Net\Engine\lib\opcode\Ice\IceSegment.cpp)
     1>c:\users\nes\source\repos\omniengine.net\engine\lib\opcode\OPC_OptimizedTree.h(64): warning C4267: 'return' : conversion from 'size_t' to 'udword', possible loss of data (C:\Users\nes\Source\Repos\OmniEngine.Net\Engine\lib\opcode\Ice\IceTriangle.cpp)
     1>c:\users\nes\source\repos\omniengine.net\engine\lib\opcode\OPC_OptimizedTree.h(88): warning C4267: 'return' : conversion from 'size_t' to 'udword', possible loss of data (C:\Users\nes\Source\Repos\OmniEngine.Net\Engine\lib\opcode\Ice\IceTriangle.cpp)
     1>c:\users\nes\source\repos\omniengine.net\engine\lib\opcode\OPC_OptimizedTree.h(104): warning C4267: 'return' : conversion from 'size_t' to 'udword', possible loss of data (C:\Users\nes\Source\Repos\OmniEngine.Net\Engine\lib\opcode\Ice\IceTriangle.cpp)
     1>c:\users\nes\source\repos\omniengine.net\engine\lib\opcode\OPC_OptimizedTree.h(109): warning C4267: 'return' : conversion from 'size_t' to 'udword', possible loss of data (C:\Users\nes\Source\Repos\OmniEngine.Net\Engine\lib\opcode\Ice\IceTriangle.cpp)
     1>c:\users\nes\source\repos\omniengine.net\engine\lib\opcode\OPC_OptimizedTree.h(64): warning C4267: 'return' : conversion from 'size_t' to 'udword', possible loss of data (C:\Users\nes\Source\Repos\OmniEngine.Net\Engine\lib\opcode\Ice\IceUtils.cpp)
     1>c:\users\nes\source\repos\omniengine.net\engine\lib\opcode\OPC_OptimizedTree.h(88): warning C4267: 'return' : conversion from 'size_t' to 'udword', possible loss of data (C:\Users\nes\Source\Repos\OmniEngine.Net\Engine\lib\opcode\Ice\IceUtils.cpp)
     1>c:\users\nes\source\repos\omniengine.net\engine\lib\opcode\OPC_OptimizedTree.h(104): warning C4267: 'return' : conversion from 'size_t' to 'udword', possible loss of data (C:\Users\nes\Source\Repos\OmniEngine.Net\Engine\lib\opcode\Ice\IceUtils.cpp)
     1>c:\users\nes\source\repos\omniengine.net\engine\lib\opcode\OPC_OptimizedTree.h(109): warning C4267: 'return' : conversion from 'size_t' to 'udword', possible loss of data (C:\Users\nes\Source\Repos\OmniEngine.Net\Engine\lib\opcode\Ice\IceUtils.cpp)
       Lib:
         C:\ides\Microsoft Visual Studio 12.0\VC\bin\x86_amd64\Lib.exe /OUT:"C:/Users/nes/Source/Repos/OmniEngine.Net/Engine/lib//compiled/Release.x64//opcode.lib" /NOLOGO /MACHINE:X64 ../../Link/VC2013.Release.x64/opcode/Opcode.obj
         ../../Link/VC2013.Release.x64/opcode/OPC_AABBCollider.obj
         ../../Link/VC2013.Release.x64/opcode/OPC_AABBTree.obj
         ../../Link/VC2013.Release.x64/opcode/OPC_BaseModel.obj
         ../../Link/VC2013.Release.x64/opcode/OPC_BoxPruning.obj
         ../../Link/VC2013.Release.x64/opcode/OPC_Collider.obj
         ../../Link/VC2013.Release.x64/opcode/OPC_Common.obj
         ../../Link/VC2013.Release.x64/opcode/OPC_HybridModel.obj
         ../../Link/VC2013.Release.x64/opcode/OPC_LSSCollider.obj
         ../../Link/VC2013.Release.x64/opcode/OPC_MeshInterface.obj
         ../../Link/VC2013.Release.x64/opcode/OPC_Model.obj
         ../../Link/VC2013.Release.x64/opcode/OPC_OBBCollider.obj
         ../../Link/VC2013.Release.x64/opcode/OPC_OptimizedTree.obj
         ../../Link/VC2013.Release.x64/opcode/OPC_Picking.obj
         ../../Link/VC2013.Release.x64/opcode/OPC_PlanesCollider.obj
         ../../Link/VC2013.Release.x64/opcode/OPC_RayCollider.obj
         ../../Link/VC2013.Release.x64/opcode/OPC_SphereCollider.obj
         ../../Link/VC2013.Release.x64/opcode/OPC_SweepAndPrune.obj
         ../../Link/VC2013.Release.x64/opcode/OPC_TreeBuilders.obj
         ../../Link/VC2013.Release.x64/opcode/OPC_TreeCollider.obj
         ../../Link/VC2013.Release.x64/opcode/OPC_VolumeCollider.obj
         ../../Link/VC2013.Release.x64/opcode/IceAABB.obj
         ../../Link/VC2013.Release.x64/opcode/IceContainer.obj
         ../../Link/VC2013.Release.x64/opcode/IceHPoint.obj
         ../../Link/VC2013.Release.x64/opcode/IceIndexedTriangle.obj
         ../../Link/VC2013.Release.x64/opcode/IceMatrix3x3.obj
         ../../Link/VC2013.Release.x64/opcode/IceMatrix4x4.obj
         ../../Link/VC2013.Release.x64/opcode/IceOBB.obj
         ../../Link/VC2013.Release.x64/opcode/IcePlane.obj
         ../../Link/VC2013.Release.x64/opcode/IcePoint.obj
         ../../Link/VC2013.Release.x64/opcode/IceRandom.obj
         ../../Link/VC2013.Release.x64/opcode/IceRay.obj
         ../../Link/VC2013.Release.x64/opcode/IceRevisitedRadix.obj
         ../../Link/VC2013.Release.x64/opcode/IceSegment.obj
         ../../Link/VC2013.Release.x64/opcode/IceTriangle.obj
         ../../Link/VC2013.Release.x64/opcode/IceUtils.obj
     1>OPC_Picking.obj : warning LNK4221: This object file does not define any previously undefined public symbols, so it will not be used by any link operation that consumes this library
     1>OPC_Common.obj : warning LNK4221: This object file does not define any previously undefined public symbols, so it will not be used by any link operation that consumes this library
         opcode.vcxproj -> C:/Users/nes/Source/Repos/OmniEngine.Net/Engine/lib//compiled/Release.x64/opcode.lib
     1>Done Building Project "C:\Users\nes\Source\Repos\OmniEngine.Net\My Projects\Salvage\buildFiles\VisualStudio 2013\projects\opcode.vcxproj" (Build target(s)).

Build succeeded.

Time Elapsed 00:00:22.74
