Build started 12/2/2014 5:48:08 PM.
     1>Project "C:\Users\nes\Source\Repos\OmniEngine.Net\My Projects\Salvage\buildFiles\VisualStudio 2013\projects\collada_dom.vcxproj" on node 9 (Build target(s)).
     1>ClCompile:
         C:\ides\Microsoft Visual Studio 12.0\VC\bin\x86_amd64\CL.exe /c /IC:/Users/nes/Source/Repos/OmniEngine.Net/Engine/lib/collada/include /IC:/Users/nes/Source/Repos/OmniEngine.Net/Engine/lib/collada/include/1.4 /IC:/Users/nes/Source/Repos/OmniEngine.Net/Engine/lib/pcre /IC:/Users/nes/Source/Repos/OmniEngine.Net/Engine/lib/tinyxml /Zi /nologo /W3 /WX- /Ox /Ob2 /D DOM_INCLUDE_TINYXML /D PCRE_STATIC /D UNICODE /D _CRT_SECURE_NO_DEPRECATE /D _CRT_SECURE_NO_WARNINGS /GF /Gm- /MT /GS- /Gy /fp:precise /Zc:wchar_t- /Zc:forScope /GR /Fo"../../Link/VC2013.Release.x64/collada_dom/" /Fd"C:/Users/nes/Source/Repos/OmniEngine.Net/Engine/lib//compiled/Release.x64/collada_dom.pdb" /Gd /TP /wd4244 /wd4305 /wd4530 /wd4355 /errorReport:prompt /MP C:\Users\nes\Source\Repos\OmniEngine.Net\Engine\lib\collada\src\1.4\dom\domAccessor.cpp C:\Users\nes\Source\Repos\OmniEngine.Net\Engine\lib\collada\src\1.4\dom\domAnimation.cpp C:\Users\nes\Source\Repos\OmniEngine.Net\Engine\lib\collada\src\1.4\dom\domAnimation_clip.cpp C:\Users\nes\Source\Repos\OmniEngine.Net\Engine\lib\collada\src\1.4\dom\domAsset.cpp C:\Users\nes\Source\Repos\OmniEngine.Net\Engine\lib\collada\src\1.4\dom\domBind_material.cpp C:\Users\nes\Source\Repos\OmniEngine.Net\Engine\lib\collada\src\1.4\dom\domBool_array.cpp C:\Users\nes\Source\Repos\OmniEngine.Net\Engine\lib\collada\src\1.4\dom\domBox.cpp C:\Users\nes\Source\Repos\OmniEngine.Net\Engine\lib\collada\src\1.4\dom\domCamera.cpp C:\Users\nes\Source\Repos\OmniEngine.Net\Engine\lib\collada\src\1.4\dom\domCapsule.cpp C:\Users\nes\Source\Repos\OmniEngine.Net\Engine\lib\collada\src\1.4\dom\domCg_connect_param.cpp C:\Users\nes\Source\Repos\OmniEngine.Net\Engine\lib\collada\src\1.4\dom\domCg_newarray_type.cpp C:\Users\nes\Source\Repos\OmniEngine.Net\Engine\lib\collada\src\1.4\dom\domCg_newparam.cpp C:\Users\nes\Source\Repos\OmniEngine.Net\Engine\lib\collada\src\1.4\dom\domCg_param_type.cpp C:\Users\nes\Source\Repos\OmniEngine.Net\Engine\lib\collada\src\1.4\dom\domCg_sampler1D.cpp C:\Users\nes\Source\Repos\OmniEngine.Net\Engine\lib\collada\src\1.4\dom\domCg_sampler2D.cpp C:\Users\nes\Source\Repos\OmniEngine.Net\Engine\lib\collada\src\1.4\dom\domCg_sampler3D.cpp C:\Users\nes\Source\Repos\OmniEngine.Net\Engine\lib\collada\src\1.4\dom\domCg_samplerCUBE.cpp C:\Users\nes\Source\Repos\OmniEngine.Net\Engine\lib\collada\src\1.4\dom\domCg_samplerDEPTH.cpp C:\Users\nes\Source\Repos\OmniEngine.Net\Engine\lib\collada\src\1.4\dom\domCg_samplerRECT.cpp C:\Users\nes\Source\Repos\OmniEngine.Net\Engine\lib\collada\src\1.4\dom\domCg_setarray_type.cpp C:\Users\nes\Source\Repos\OmniEngine.Net\Engine\lib\collada\src\1.4\dom\domCg_setparam.cpp C:\Users\nes\Source\Repos\OmniEngine.Net\Engine\lib\collada\src\1.4\dom\domCg_setparam_simple.cpp C:\Users\nes\Source\Repos\OmniEngine.Net\Engine\lib\collada\src\1.4\dom\domCg_setuser_type.cpp C:\Users\nes\Source\Repos\OmniEngine.Net\Engine\lib\collada\src\1.4\dom\domCg_surface_type.cpp C:\Users\nes\Source\Repos\OmniEngine.Net\Engine\lib\collada\src\1.4\dom\domChannel.cpp C:\Users\nes\Source\Repos\OmniEngine.Net\Engine\lib\collada\src\1.4\dom\domCOLLADA.cpp C:\Users\nes\Source\Repos\OmniEngine.Net\Engine\lib\collada\src\1.4\dom\domCommon_color_or_texture_type.cpp C:\Users\nes\Source\Repos\OmniEngine.Net\Engine\lib\collada\src\1.4\dom\domCommon_float_or_param_type.cpp C:\Users\nes\Source\Repos\OmniEngine.Net\Engine\lib\collada\src\1.4\dom\domCommon_newparam_type.cpp C:\Users\nes\Source\Repos\OmniEngine.Net\Engine\lib\collada\src\1.4\dom\domCommon_transparent_type.cpp C:\Users\nes\Source\Repos\OmniEngine.Net\Engine\lib\collada\src\1.4\dom\domConstants.cpp C:\Users\nes\Source\Repos\OmniEngine.Net\Engine\lib\collada\src\1.4\dom\domController.cpp C:\Users\nes\Source\Repos\OmniEngine.Net\Engine\lib\collada\src\1.4\dom\domConvex_mesh.cpp C:\Users\nes\Source\Repos\OmniEngine.Net\Engine\lib\collada\src\1.4\dom\domCylinder.cpp C:\Users\nes\Source\Repos\OmniEngine.Net\Engine\lib\collada\src\1.4\dom\domEffect.cpp C:\Users\nes\Source\Repos\OmniEngine.Net\Engine\lib\collada\src\1.4\dom\domEllipsoid.cpp C:\Users\nes\Source\Repos\OmniEngine.Net\Engine\lib\collada\src\1.4\dom\domExtra.cpp C:\Users\nes\Source\Repos\OmniEngine.Net\Engine\lib\collada\src\1.4\dom\domFloat_array.cpp C:\Users\nes\Source\Repos\OmniEngine.Net\Engine\lib\collada\src\1.4\dom\domForce_field.cpp C:\Users\nes\Source\Repos\OmniEngine.Net\Engine\lib\collada\src\1.4\dom\domFx_annotate_common.cpp C:\Users\nes\Source\Repos\OmniEngine.Net\Engine\lib\collada\src\1.4\dom\domFx_annotate_type_common.cpp C:\Users\nes\Source\Repos\OmniEngine.Net\Engine\lib\collada\src\1.4\dom\domFx_basic_type_common.cpp C:\Users\nes\Source\Repos\OmniEngine.Net\Engine\lib\collada\src\1.4\dom\domFx_clearcolor_common.cpp C:\Users\nes\Source\Repos\OmniEngine.Net\Engine\lib\collada\src\1.4\dom\domFx_cleardepth_common.cpp C:\Users\nes\Source\Repos\OmniEngine.Net\Engine\lib\collada\src\1.4\dom\domFx_clearstencil_common.cpp C:\Users\nes\Source\Repos\OmniEngine.Net\Engine\lib\collada\src\1.4\dom\domFx_code_profile.cpp C:\Users\nes\Source\Repos\OmniEngine.Net\Engine\lib\collada\src\1.4\dom\domFx_colortarget_common.cpp C:\Users\nes\Source\Repos\OmniEngine.Net\Engine\lib\collada\src\1.4\dom\domFx_depthtarget_common.cpp C:\Users\nes\Source\Repos\OmniEngine.Net\Engine\lib\collada\src\1.4\dom\domFx_include_common.cpp C:\Users\nes\Source\Repos\OmniEngine.Net\Engine\lib\collada\src\1.4\dom\domFx_newparam_common.cpp C:\Users\nes\Source\Repos\OmniEngine.Net\Engine\lib\collada\src\1.4\dom\domFx_profile_abstract.cpp C:\Users\nes\Source\Repos\OmniEngine.Net\Engine\lib\collada\src\1.4\dom\domFx_sampler1D_common.cpp C:\Users\nes\Source\Repos\OmniEngine.Net\Engine\lib\collada\src\1.4\dom\domFx_sampler2D_common.cpp C:\Users\nes\Source\Repos\OmniEngine.Net\Engine\lib\collada\src\1.4\dom\domFx_sampler3D_common.cpp C:\Users\nes\Source\Repos\OmniEngine.Net\Engine\lib\collada\src\1.4\dom\domFx_samplerCUBE_common.cpp C:\Users\nes\Source\Repos\OmniEngine.Net\Engine\lib\collada\src\1.4\dom\domFx_samplerDEPTH_common.cpp C:\Users\nes\Source\Repos\OmniEngine.Net\Engine\lib\collada\src\1.4\dom\domFx_samplerRECT_common.cpp C:\Users\nes\Source\Repos\OmniEngine.Net\Engine\lib\collada\src\1.4\dom\domFx_stenciltarget_common.cpp C:\Users\nes\Source\Repos\OmniEngine.Net\Engine\lib\collada\src\1.4\dom\domFx_surface_common.cpp C:\Users\nes\Source\Repos\OmniEngine.Net\Engine\lib\collada\src\1.4\dom\domFx_surface_format_hint_common.cpp C:\Users\nes\Source\Repos\OmniEngine.Net\Engine\lib\collada\src\1.4\dom\domFx_surface_init_common.cpp C:\Users\nes\Source\Repos\OmniEngine.Net\Engine\lib\collada\src\1.4\dom\domFx_surface_init_cube_common.cpp C:\Users\nes\Source\Repos\OmniEngine.Net\Engine\lib\collada\src\1.4\dom\domFx_surface_init_from_common.cpp C:\Users\nes\Source\Repos\OmniEngine.Net\Engine\lib\collada\src\1.4\dom\domFx_surface_init_planar_common.cpp C:\Users\nes\Source\Repos\OmniEngine.Net\Engine\lib\collada\src\1.4\dom\domFx_surface_init_volume_common.cpp C:\Users\nes\Source\Repos\OmniEngine.Net\Engine\lib\collada\src\1.4\dom\domGeometry.cpp C:\Users\nes\Source\Repos\OmniEngine.Net\Engine\lib\collada\src\1.4\dom\domGles_basic_type_common.cpp C:\Users\nes\Source\Repos\OmniEngine.Net\Engine\lib\collada\src\1.4\dom\domGles_newparam.cpp C:\Users\nes\Source\Repos\OmniEngine.Net\Engine\lib\collada\src\1.4\dom\domGles_pipeline_settings.cpp C:\Users\nes\Source\Repos\OmniEngine.Net\Engine\lib\collada\src\1.4\dom\domGles_sampler_state.cpp C:\Users\nes\Source\Repos\OmniEngine.Net\Engine\lib\collada\src\1.4\dom\domGles_texcombiner_argumentAlpha_type.cpp C:\Users\nes\Source\Repos\OmniEngine.Net\Engine\lib\collada\src\1.4\dom\domGles_texcombiner_argumentRGB_type.cpp C:\Users\nes\Source\Repos\OmniEngine.Net\Engine\lib\collada\src\1.4\dom\domGles_texcombiner_commandAlpha_type.cpp C:\Users\nes\Source\Repos\OmniEngine.Net\Engine\lib\collada\src\1.4\dom\domGles_texcombiner_commandRGB_type.cpp C:\Users\nes\Source\Repos\OmniEngine.Net\Engine\lib\collada\src\1.4\dom\domGles_texcombiner_command_type.cpp C:\Users\nes\Source\Repos\OmniEngine.Net\Engine\lib\collada\src\1.4\dom\domGles_texenv_command_type.cpp C:\Users\nes\Source\Repos\OmniEngine.Net\Engine\lib\collada\src\1.4\dom\domGles_texture_constant_type.cpp C:\Users\nes\Source\Repos\OmniEngine.Net\Engine\lib\collada\src\1.4\dom\domGles_texture_pipeline.cpp C:\Users\nes\Source\Repos\OmniEngine.Net\Engine\lib\collada\src\1.4\dom\domGles_texture_unit.cpp C:\Users\nes\Source\Repos\OmniEngine.Net\Engine\lib\collada\src\1.4\dom\domGlsl_newarray_type.cpp C:\Users\nes\Source\Repos\OmniEngine.Net\Engine\lib\collada\src\1.4\dom\domGlsl_newparam.cpp C:\Users\nes\Source\Repos\OmniEngine.Net\Engine\lib\collada\src\1.4\dom\domGlsl_param_type.cpp C:\Users\nes\Source\Repos\OmniEngine.Net\Engine\lib\collada\src\1.4\dom\domGlsl_setarray_type.cpp C:\Users\nes\Source\Repos\OmniEngine.Net\Engine\lib\collada\src\1.4\dom\domGlsl_setparam.cpp C:\Users\nes\Source\Repos\OmniEngine.Net\Engine\lib\collada\src\1.4\dom\domGlsl_setparam_simple.cpp C:\Users\nes\Source\Repos\OmniEngine.Net\Engine\lib\collada\src\1.4\dom\domGlsl_surface_type.cpp C:\Users\nes\Source\Repos\OmniEngine.Net\Engine\lib\collada\src\1.4\dom\domGl_hook_abstract.cpp C:\Users\nes\Source\Repos\OmniEngine.Net\Engine\lib\collada\src\1.4\dom\domGl_pipeline_settings.cpp C:\Users\nes\Source\Repos\OmniEngine.Net\Engine\lib\collada\src\1.4\dom\domGl_sampler1D.cpp C:\Users\nes\Source\Repos\OmniEngine.Net\Engine\lib\collada\src\1.4\dom\domGl_sampler2D.cpp C:\Users\nes\Source\Repos\OmniEngine.Net\Engine\lib\collada\src\1.4\dom\domGl_sampler3D.cpp C:\Users\nes\Source\Repos\OmniEngine.Net\Engine\lib\collada\src\1.4\dom\domGl_samplerCUBE.cpp C:\Users\nes\Source\Repos\OmniEngine.Net\Engine\lib\collada\src\1.4\dom\domGl_samplerDEPTH.cpp C:\Users\nes\Source\Repos\OmniEngine.Net\Engine\lib\collada\src\1.4\dom\domGl_samplerRECT.cpp C:\Users\nes\Source\Repos\OmniEngine.Net\Engine\lib\collada\src\1.4\dom\domIDREF_array.cpp C:\Users\nes\Source\Repos\OmniEngine.Net\Engine\lib\collada\src\1.4\dom\domImage.cpp C:\Users\nes\Source\Repos\OmniEngine.Net\Engine\lib\collada\src\1.4\dom\domInputGlobal.cpp C:\Users\nes\Source\Repos\OmniEngine.Net\Engine\lib\collada\src\1.4\dom\domInputLocal.cpp C:\Users\nes\Source\Repos\OmniEngine.Net\Engine\lib\collada\src\1.4\dom\domInputLocalOffset.cpp C:\Users\nes\Source\Repos\OmniEngine.Net\Engine\lib\collada\src\1.4\dom\domInstanceWithExtra.cpp C:\Users\nes\Source\Repos\OmniEngine.Net\Engine\lib\collada\src\1.4\dom\domInstance_camera.cpp C:\Users\nes\Source\Repos\OmniEngine.Net\Engine\lib\collada\src\1.4\dom\domInstance_controller.cpp C:\Users\nes\Source\Repos\OmniEngine.Net\Engine\lib\collada\src\1.4\dom\domInstance_effect.cpp C:\Users\nes\Source\Repos\OmniEngine.Net\Engine\lib\collada\src\1.4\dom\domInstance_force_field.cpp C:\Users\nes\Source\Repos\OmniEngine.Net\Engine\lib\collada\src\1.4\dom\domInstance_geometry.cpp C:\Users\nes\Source\Repos\OmniEngine.Net\Engine\lib\collada\src\1.4\dom\domInstance_light.cpp C:\Users\nes\Source\Repos\OmniEngine.Net\Engine\lib\collada\src\1.4\dom\domInstance_material.cpp C:\Users\nes\Source\Repos\OmniEngine.Net\Engine\lib\collada\src\1.4\dom\domInstance_node.cpp C:\Users\nes\Source\Repos\OmniEngine.Net\Engine\lib\collada\src\1.4\dom\domInstance_physics_material.cpp C:\Users\nes\Source\Repos\OmniEngine.Net\Engine\lib\collada\src\1.4\dom\domInstance_physics_model.cpp C:\Users\nes\Source\Repos\OmniEngine.Net\Engine\lib\collada\src\1.4\dom\domInstance_rigid_body.cpp C:\Users\nes\Source\Repos\OmniEngine.Net\Engine\lib\collada\src\1.4\dom\domInstance_rigid_constraint.cpp C:\Users\nes\Source\Repos\OmniEngine.Net\Engine\lib\collada\src\1.4\dom\domInt_array.cpp C:\Users\nes\Source\Repos\OmniEngine.Net\Engine\lib\collada\src\1.4\dom\domLibrary_animations.cpp C:\Users\nes\Source\Repos\OmniEngine.Net\Engine\lib\collada\src\1.4\dom\domLibrary_animation_clips.cpp C:\Users\nes\Source\Repos\OmniEngine.Net\Engine\lib\collada\src\1.4\dom\domLibrary_cameras.cpp C:\Users\nes\Source\Repos\OmniEngine.Net\Engine\lib\collada\src\1.4\dom\domLibrary_controllers.cpp C:\Users\nes\Source\Repos\OmniEngine.Net\Engine\lib\collada\src\1.4\dom\domLibrary_effects.cpp C:\Users\nes\Source\Repos\OmniEngine.Net\Engine\lib\collada\src\1.4\dom\domLibrary_force_fields.cpp C:\Users\nes\Source\Repos\OmniEngine.Net\Engine\lib\collada\src\1.4\dom\domLibrary_geometries.cpp C:\Users\nes\Source\Repos\OmniEngine.Net\Engine\lib\collada\src\1.4\dom\domLibrary_images.cpp C:\Users\nes\Source\Repos\OmniEngine.Net\Engine\lib\collada\src\1.4\dom\domLibrary_lights.cpp C:\Users\nes\Source\Repos\OmniEngine.Net\Engine\lib\collada\src\1.4\dom\domLibrary_materials.cpp C:\Users\nes\Source\Repos\OmniEngine.Net\Engine\lib\collada\src\1.4\dom\domLibrary_nodes.cpp C:\Users\nes\Source\Repos\OmniEngine.Net\Engine\lib\collada\src\1.4\dom\domLibrary_physics_materials.cpp C:\Users\nes\Source\Repos\OmniEngine.Net\Engine\lib\collada\src\1.4\dom\domLibrary_physics_models.cpp C:\Users\nes\Source\Repos\OmniEngine.Net\Engine\lib\collada\src\1.4\dom\domLibrary_physics_scenes.cpp C:\Users\nes\Source\Repos\OmniEngine.Net\Engine\lib\collada\src\1.4\dom\domLibrary_visual_scenes.cpp C:\Users\nes\Source\Repos\OmniEngine.Net\Engine\lib\collada\src\1.4\dom\domLight.cpp C:\Users\nes\Source\Repos\OmniEngine.Net\Engine\lib\collada\src\1.4\dom\domLines.cpp C:\Users\nes\Source\Repos\OmniEngine.Net\Engine\lib\collada\src\1.4\dom\domLinestrips.cpp C:\Users\nes\Source\Repos\OmniEngine.Net\Engine\lib\collada\src\1.4\dom\domLookat.cpp C:\Users\nes\Source\Repos\OmniEngine.Net\Engine\lib\collada\src\1.4\dom\domMaterial.cpp C:\Users\nes\Source\Repos\OmniEngine.Net\Engine\lib\collada\src\1.4\dom\domMatrix.cpp C:\Users\nes\Source\Repos\OmniEngine.Net\Engine\lib\collada\src\1.4\dom\domMesh.cpp C:\Users\nes\Source\Repos\OmniEngine.Net\Engine\lib\collada\src\1.4\dom\domMorph.cpp C:\Users\nes\Source\Repos\OmniEngine.Net\Engine\lib\collada\src\1.4\dom\domName_array.cpp C:\Users\nes\Source\Repos\OmniEngine.Net\Engine\lib\collada\src\1.4\dom\domNode.cpp C:\Users\nes\Source\Repos\OmniEngine.Net\Engine\lib\collada\src\1.4\dom\domP.cpp C:\Users\nes\Source\Repos\OmniEngine.Net\Engine\lib\collada\src\1.4\dom\domParam.cpp C:\Users\nes\Source\Repos\OmniEngine.Net\Engine\lib\collada\src\1.4\dom\domPhysics_material.cpp C:\Users\nes\Source\Repos\OmniEngine.Net\Engine\lib\collada\src\1.4\dom\domPhysics_model.cpp C:\Users\nes\Source\Repos\OmniEngine.Net\Engine\lib\collada\src\1.4\dom\domPhysics_scene.cpp C:\Users\nes\Source\Repos\OmniEngine.Net\Engine\lib\collada\src\1.4\dom\domPlane.cpp C:\Users\nes\Source\Repos\OmniEngine.Net\Engine\lib\collada\src\1.4\dom\domPolygons.cpp C:\Users\nes\Source\Repos\OmniEngine.Net\Engine\lib\collada\src\1.4\dom\domPolylist.cpp C:\Users\nes\Source\Repos\OmniEngine.Net\Engine\lib\collada\src\1.4\dom\domProfile_CG.cpp C:\Users\nes\Source\Repos\OmniEngine.Net\Engine\lib\collada\src\1.4\dom\domProfile_COMMON.cpp C:\Users\nes\Source\Repos\OmniEngine.Net\Engine\lib\collada\src\1.4\dom\domProfile_GLES.cpp C:\Users\nes\Source\Repos\OmniEngine.Net\Engine\lib\collada\src\1.4\dom\domProfile_GLSL.cpp C:\Users\nes\Source\Repos\OmniEngine.Net\Engine\lib\collada\src\1.4\dom\domRigid_body.cpp C:\Users\nes\Source\Repos\OmniEngine.Net\Engine\lib\collada\src\1.4\dom\domRigid_constraint.cpp C:\Users\nes\Source\Repos\OmniEngine.Net\Engine\lib\collada\src\1.4\dom\domRotate.cpp C:\Users\nes\Source\Repos\OmniEngine.Net\Engine\lib\collada\src\1.4\dom\domSampler.cpp C:\Users\nes\Source\Repos\OmniEngine.Net\Engine\lib\collada\src\1.4\dom\domScale.cpp C:\Users\nes\Source\Repos\OmniEngine.Net\Engine\lib\collada\src\1.4\dom\domSkew.cpp C:\Users\nes\Source\Repos\OmniEngine.Net\Engine\lib\collada\src\1.4\dom\domSkin.cpp C:\Users\nes\Source\Repos\OmniEngine.Net\Engine\lib\collada\src\1.4\dom\domSource.cpp C:\Users\nes\Source\Repos\OmniEngine.Net\Engine\lib\collada\src\1.4\dom\domSphere.cpp C:\Users\nes\Source\Repos\OmniEngine.Net\Engine\lib\collada\src\1.4\dom\domSpline.cpp C:\Users\nes\Source\Repos\OmniEngine.Net\Engine\lib\collada\src\1.4\dom\domTapered_capsule.cpp C:\Users\nes\Source\Repos\OmniEngine.Net\Engine\lib\collada\src\1.4\dom\domTapered_cylinder.cpp C:\Users\nes\Source\Repos\OmniEngine.Net\Engine\lib\collada\src\1.4\dom\domTargetableFloat.cpp C:\Users\nes\Source\Repos\OmniEngine.Net\Engine\lib\collada\src\1.4\dom\domTargetableFloat3.cpp C:\Users\nes\Source\Repos\OmniEngine.Net\Engine\lib\collada\src\1.4\dom\domTechnique.cpp C:\Users\nes\Source\Repos\OmniEngine.Net\Engine\lib\collada\src\1.4\dom\domTranslate.cpp C:\Users\nes\Source\Repos\OmniEngine.Net\Engine\lib\collada\src\1.4\dom\domTriangles.cpp C:\Users\nes\Source\Repos\OmniEngine.Net\Engine\lib\collada\src\1.4\dom\domTrifans.cpp C:\Users\nes\Source\Repos\OmniEngine.Net\Engine\lib\collada\src\1.4\dom\domTristrips.cpp C:\Users\nes\Source\Repos\OmniEngine.Net\Engine\lib\collada\src\1.4\dom\domTypes.cpp C:\Users\nes\Source\Repos\OmniEngine.Net\Engine\lib\collada\src\1.4\dom\domVertices.cpp C:\Users\nes\Source\Repos\OmniEngine.Net\Engine\lib\collada\src\1.4\dom\domVisual_scene.cpp C:\Users\nes\Source\Repos\OmniEngine.Net\Engine\lib\collada\src\dae\dae.cpp C:\Users\nes\Source\Repos\OmniEngine.Net\Engine\lib\collada\src\dae\daeArray.cpp C:\Users\nes\Source\Repos\OmniEngine.Net\Engine\lib\collada\src\dae\daeAtomicType.cpp C:\Users\nes\Source\Repos\OmniEngine.Net\Engine\lib\collada\src\dae\daeDatabase.cpp C:\Users\nes\Source\Repos\OmniEngine.Net\Engine\lib\collada\src\dae\daeDocument.cpp C:\Users\nes\Source\Repos\OmniEngine.Net\Engine\lib\collada\src\dae\daeDom.cpp C:\Users\nes\Source\Repos\OmniEngine.Net\Engine\lib\collada\src\dae\daeElement.cpp C:\Users\nes\Source\Repos\OmniEngine.Net\Engine\lib\collada\src\dae\daeError.cpp C:\Users\nes\Source\Repos\OmniEngine.Net\Engine\lib\collada\src\dae\daeErrorHandler.cpp C:\Users\nes\Source\Repos\OmniEngine.Net\Engine\lib\collada\src\dae\daeIDRef.cpp C:\Users\nes\Source\Repos\OmniEngine.Net\Engine\lib\collada\src\dae\daeIOPluginCommon.cpp C:\Users\nes\Source\Repos\OmniEngine.Net\Engine\lib\collada\src\dae\daeMemorySystem.cpp C:\Users\nes\Source\Repos\OmniEngine.Net\Engine\lib\collada\src\dae\daeMetaAny.cpp C:\Users\nes\Source\Repos\OmniEngine.Net\Engine\lib\collada\src\dae\daeMetaAttribute.cpp C:\Users\nes\Source\Repos\OmniEngine.Net\Engine\lib\collada\src\dae\daeMetaChoice.cpp C:\Users\nes\Source\Repos\OmniEngine.Net\Engine\lib\collada\src\dae\daeMetaCMPolicy.cpp C:\Users\nes\Source\Repos\OmniEngine.Net\Engine\lib\collada\src\dae\daeMetaElement.cpp C:\Users\nes\Source\Repos\OmniEngine.Net\Engine\lib\collada\src\dae\daeMetaElementAttribute.cpp C:\Users\nes\Source\Repos\OmniEngine.Net\Engine\lib\collada\src\dae\daeMetaGroup.cpp C:\Users\nes\Source\Repos\OmniEngine.Net\Engine\lib\collada\src\dae\daeMetaSequence.cpp C:\Users\nes\Source\Repos\OmniEngine.Net\Engine\lib\collada\src\dae\daeRawResolver.cpp C:\Users\nes\Source\Repos\OmniEngine.Net\Engine\lib\collada\src\dae\daeRefCountedObj.cpp C:\Users\nes\Source\Repos\OmniEngine.Net\Engine\lib\collada\src\dae\daeSIDResolver.cpp C:\Users\nes\Source\Repos\OmniEngine.Net\Engine\lib\collada\src\dae\daeStandardURIResolver.cpp C:\Users\nes\Source\Repos\OmniEngine.Net\Engine\lib\collada\src\dae\daeStringRef.cpp C:\Users\nes\Source\Repos\OmniEngine.Net\Engine\lib\collada\src\dae\daeStringTable.cpp C:\Users\nes\Source\Repos\OmniEngine.Net\Engine\lib\collada\src\dae\daeTinyXMLPlugin.cpp C:\Users\nes\Source\Repos\OmniEngine.Net\Engine\lib\collada\src\dae\daeURI.cpp C:\Users\nes\Source\Repos\OmniEngine.Net\Engine\lib\collada\src\dae\daeUtils.cpp C:\Users\nes\Source\Repos\OmniEngine.Net\Engine\lib\collada\src\dae\domAny.cpp C:\Users\nes\Source\Repos\OmniEngine.Net\Engine\lib\collada\src\modules\LIBXMLPlugin\daeLIBXMLPlugin.cpp C:\Users\nes\Source\Repos\OmniEngine.Net\Engine\lib\collada\src\modules\STLDatabase\daeSTLDatabase.cpp C:\Users\nes\Source\Repos\OmniEngine.Net\Engine\lib\collada\src\modules\stdErrPlugin\stdErrPlugin.cpp
         domAccessor.cpp
         domAnimation.cpp
         domAnimation_clip.cpp
         domAsset.cpp
         domBind_material.cpp
         domBool_array.cpp
         domBox.cpp
         domCamera.cpp
         domCapsule.cpp
         domCg_connect_param.cpp
         domCg_newarray_type.cpp
         domCg_newparam.cpp
         domCg_param_type.cpp
         domCg_sampler1D.cpp
         domCg_sampler2D.cpp
         domCg_sampler3D.cpp
         domCg_samplerCUBE.cpp
         domCg_samplerDEPTH.cpp
         domCg_samplerRECT.cpp
         domCg_setarray_type.cpp
         domCg_setparam.cpp
         domCg_setparam_simple.cpp
         domCg_setuser_type.cpp
         domCg_surface_type.cpp
         domChannel.cpp
         domCOLLADA.cpp
         domCommon_color_or_texture_type.cpp
         domCommon_float_or_param_type.cpp
         domCommon_newparam_type.cpp
         domCommon_transparent_type.cpp
         domConstants.cpp
         domController.cpp
         domConvex_mesh.cpp
         domCylinder.cpp
         domEffect.cpp
         domEllipsoid.cpp
         domExtra.cpp
         domFloat_array.cpp
         domForce_field.cpp
         domFx_annotate_common.cpp
         domFx_annotate_type_common.cpp
         domFx_basic_type_common.cpp
         domFx_clearcolor_common.cpp
         domFx_cleardepth_common.cpp
         domFx_clearstencil_common.cpp
         domFx_code_profile.cpp
         domFx_colortarget_common.cpp
         domFx_depthtarget_common.cpp
         domFx_include_common.cpp
         domFx_newparam_common.cpp
         domFx_profile_abstract.cpp
         domFx_sampler1D_common.cpp
         domFx_sampler2D_common.cpp
         domFx_sampler3D_common.cpp
         domFx_samplerCUBE_common.cpp
         domFx_samplerDEPTH_common.cpp
         domFx_samplerRECT_common.cpp
         domFx_stenciltarget_common.cpp
         domFx_surface_common.cpp
         domFx_surface_format_hint_common.cpp
         domFx_surface_init_common.cpp
         domFx_surface_init_cube_common.cpp
         domFx_surface_init_from_common.cpp
         domFx_surface_init_planar_common.cpp
         domFx_surface_init_volume_common.cpp
         domGeometry.cpp
         domGles_basic_type_common.cpp
         domGles_newparam.cpp
         domGles_pipeline_settings.cpp
         domGles_sampler_state.cpp
         domGles_texcombiner_argumentAlpha_type.cpp
         domGles_texcombiner_argumentRGB_type.cpp
         domGles_texcombiner_commandAlpha_type.cpp
         domGles_texcombiner_commandRGB_type.cpp
         domGles_texcombiner_command_type.cpp
         domGles_texenv_command_type.cpp
         domGles_texture_constant_type.cpp
         domGles_texture_pipeline.cpp
         domGles_texture_unit.cpp
         domGlsl_newarray_type.cpp
         domGlsl_newparam.cpp
         domGlsl_param_type.cpp
         domGlsl_setarray_type.cpp
         domGlsl_setparam.cpp
         domGlsl_setparam_simple.cpp
         domGlsl_surface_type.cpp
         domGl_hook_abstract.cpp
         domGl_pipeline_settings.cpp
         domGl_sampler1D.cpp
         domGl_sampler2D.cpp
         domGl_sampler3D.cpp
         domGl_samplerCUBE.cpp
         domGl_samplerDEPTH.cpp
         domGl_samplerRECT.cpp
         domIDREF_array.cpp
         domImage.cpp
         domInputGlobal.cpp
         domInputLocal.cpp
         domInputLocalOffset.cpp
         domInstanceWithExtra.cpp
         domInstance_camera.cpp
         domInstance_controller.cpp
         domInstance_effect.cpp
         domInstance_force_field.cpp
         domInstance_geometry.cpp
         domInstance_light.cpp
         domInstance_material.cpp
         domInstance_node.cpp
         domInstance_physics_material.cpp
         domInstance_physics_model.cpp
         domInstance_rigid_body.cpp
         domInstance_rigid_constraint.cpp
         domInt_array.cpp
         domLibrary_animations.cpp
         domLibrary_animation_clips.cpp
         domLibrary_cameras.cpp
         domLibrary_controllers.cpp
         domLibrary_effects.cpp
         domLibrary_force_fields.cpp
         domLibrary_geometries.cpp
         domLibrary_images.cpp
         domLibrary_lights.cpp
         domLibrary_materials.cpp
         domLibrary_nodes.cpp
         domLibrary_physics_materials.cpp
         domLibrary_physics_models.cpp
         domLibrary_physics_scenes.cpp
         domLibrary_visual_scenes.cpp
         domLight.cpp
         domLines.cpp
         domLinestrips.cpp
         domLookat.cpp
         domMaterial.cpp
         domMatrix.cpp
         domMesh.cpp
         domMorph.cpp
         domName_array.cpp
         domNode.cpp
         domP.cpp
         domParam.cpp
         domPhysics_material.cpp
         domPhysics_model.cpp
         domPhysics_scene.cpp
         domPlane.cpp
         domPolygons.cpp
         domPolylist.cpp
         domProfile_CG.cpp
         domProfile_COMMON.cpp
         domProfile_GLES.cpp
         domProfile_GLSL.cpp
         domRigid_body.cpp
         domRigid_constraint.cpp
         domRotate.cpp
         domSampler.cpp
         domScale.cpp
         domSkew.cpp
         domSkin.cpp
         domSource.cpp
         domSphere.cpp
         domSpline.cpp
         domTapered_capsule.cpp
         domTapered_cylinder.cpp
         domTargetableFloat.cpp
         domTargetableFloat3.cpp
         domTechnique.cpp
         domTranslate.cpp
         domTriangles.cpp
         domTrifans.cpp
         domTristrips.cpp
         domTypes.cpp
         domVertices.cpp
         domVisual_scene.cpp
         dae.cpp
         daeArray.cpp
         daeAtomicType.cpp
         daeDatabase.cpp
         daeDocument.cpp
         daeDom.cpp
         daeElement.cpp
         daeError.cpp
         daeErrorHandler.cpp
         daeIDRef.cpp
         daeIOPluginCommon.cpp
         daeMemorySystem.cpp
         daeMetaAny.cpp
         daeMetaAttribute.cpp
         daeMetaChoice.cpp
         daeMetaCMPolicy.cpp
         daeMetaElement.cpp
         daeMetaElementAttribute.cpp
         daeMetaGroup.cpp
         daeMetaSequence.cpp
         daeRawResolver.cpp
         daeRefCountedObj.cpp
         daeSIDResolver.cpp
         daeStandardURIResolver.cpp
         daeStringRef.cpp
         daeStringTable.cpp
         daeTinyXMLPlugin.cpp
         daeURI.cpp
         daeUtils.cpp
         domAny.cpp
         daeLIBXMLPlugin.cpp
         daeSTLDatabase.cpp
         stdErrPlugin.cpp
       Lib:
         C:\ides\Microsoft Visual Studio 12.0\VC\bin\x86_amd64\Lib.exe /OUT:"C:/Users/nes/Source/Repos/OmniEngine.Net/Engine/lib//compiled/Release.x64//collada_dom.lib" /NOLOGO /MACHINE:X64 ../../Link/VC2013.Release.x64/collada_dom/domAccessor.obj
         ../../Link/VC2013.Release.x64/collada_dom/domAnimation.obj
         ../../Link/VC2013.Release.x64/collada_dom/domAnimation_clip.obj
         ../../Link/VC2013.Release.x64/collada_dom/domAsset.obj
         ../../Link/VC2013.Release.x64/collada_dom/domBind_material.obj
         ../../Link/VC2013.Release.x64/collada_dom/domBool_array.obj
         ../../Link/VC2013.Release.x64/collada_dom/domBox.obj
         ../../Link/VC2013.Release.x64/collada_dom/domCamera.obj
         ../../Link/VC2013.Release.x64/collada_dom/domCapsule.obj
         ../../Link/VC2013.Release.x64/collada_dom/domCg_connect_param.obj
         ../../Link/VC2013.Release.x64/collada_dom/domCg_newarray_type.obj
         ../../Link/VC2013.Release.x64/collada_dom/domCg_newparam.obj
         ../../Link/VC2013.Release.x64/collada_dom/domCg_param_type.obj
         ../../Link/VC2013.Release.x64/collada_dom/domCg_sampler1D.obj
         ../../Link/VC2013.Release.x64/collada_dom/domCg_sampler2D.obj
         ../../Link/VC2013.Release.x64/collada_dom/domCg_sampler3D.obj
         ../../Link/VC2013.Release.x64/collada_dom/domCg_samplerCUBE.obj
         ../../Link/VC2013.Release.x64/collada_dom/domCg_samplerDEPTH.obj
         ../../Link/VC2013.Release.x64/collada_dom/domCg_samplerRECT.obj
         ../../Link/VC2013.Release.x64/collada_dom/domCg_setarray_type.obj
         ../../Link/VC2013.Release.x64/collada_dom/domCg_setparam.obj
         ../../Link/VC2013.Release.x64/collada_dom/domCg_setparam_simple.obj
         ../../Link/VC2013.Release.x64/collada_dom/domCg_setuser_type.obj
         ../../Link/VC2013.Release.x64/collada_dom/domCg_surface_type.obj
         ../../Link/VC2013.Release.x64/collada_dom/domChannel.obj
         ../../Link/VC2013.Release.x64/collada_dom/domCOLLADA.obj
         ../../Link/VC2013.Release.x64/collada_dom/domCommon_color_or_texture_type.obj
         ../../Link/VC2013.Release.x64/collada_dom/domCommon_float_or_param_type.obj
         ../../Link/VC2013.Release.x64/collada_dom/domCommon_newparam_type.obj
         ../../Link/VC2013.Release.x64/collada_dom/domCommon_transparent_type.obj
         ../../Link/VC2013.Release.x64/collada_dom/domConstants.obj
         ../../Link/VC2013.Release.x64/collada_dom/domController.obj
         ../../Link/VC2013.Release.x64/collada_dom/domConvex_mesh.obj
         ../../Link/VC2013.Release.x64/collada_dom/domCylinder.obj
         ../../Link/VC2013.Release.x64/collada_dom/domEffect.obj
         ../../Link/VC2013.Release.x64/collada_dom/domEllipsoid.obj
         ../../Link/VC2013.Release.x64/collada_dom/domExtra.obj
         ../../Link/VC2013.Release.x64/collada_dom/domFloat_array.obj
         ../../Link/VC2013.Release.x64/collada_dom/domForce_field.obj
         ../../Link/VC2013.Release.x64/collada_dom/domFx_annotate_common.obj
         ../../Link/VC2013.Release.x64/collada_dom/domFx_annotate_type_common.obj
         ../../Link/VC2013.Release.x64/collada_dom/domFx_basic_type_common.obj
         ../../Link/VC2013.Release.x64/collada_dom/domFx_clearcolor_common.obj
         ../../Link/VC2013.Release.x64/collada_dom/domFx_cleardepth_common.obj
         ../../Link/VC2013.Release.x64/collada_dom/domFx_clearstencil_common.obj
         ../../Link/VC2013.Release.x64/collada_dom/domFx_code_profile.obj
         ../../Link/VC2013.Release.x64/collada_dom/domFx_colortarget_common.obj
         ../../Link/VC2013.Release.x64/collada_dom/domFx_depthtarget_common.obj
         ../../Link/VC2013.Release.x64/collada_dom/domFx_include_common.obj
         ../../Link/VC2013.Release.x64/collada_dom/domFx_newparam_common.obj
         ../../Link/VC2013.Release.x64/collada_dom/domFx_profile_abstract.obj
         ../../Link/VC2013.Release.x64/collada_dom/domFx_sampler1D_common.obj
         ../../Link/VC2013.Release.x64/collada_dom/domFx_sampler2D_common.obj
         ../../Link/VC2013.Release.x64/collada_dom/domFx_sampler3D_common.obj
         ../../Link/VC2013.Release.x64/collada_dom/domFx_samplerCUBE_common.obj
         ../../Link/VC2013.Release.x64/collada_dom/domFx_samplerDEPTH_common.obj
         ../../Link/VC2013.Release.x64/collada_dom/domFx_samplerRECT_common.obj
         ../../Link/VC2013.Release.x64/collada_dom/domFx_stenciltarget_common.obj
         ../../Link/VC2013.Release.x64/collada_dom/domFx_surface_common.obj
         ../../Link/VC2013.Release.x64/collada_dom/domFx_surface_format_hint_common.obj
         ../../Link/VC2013.Release.x64/collada_dom/domFx_surface_init_common.obj
         ../../Link/VC2013.Release.x64/collada_dom/domFx_surface_init_cube_common.obj
         ../../Link/VC2013.Release.x64/collada_dom/domFx_surface_init_from_common.obj
         ../../Link/VC2013.Release.x64/collada_dom/domFx_surface_init_planar_common.obj
         ../../Link/VC2013.Release.x64/collada_dom/domFx_surface_init_volume_common.obj
         ../../Link/VC2013.Release.x64/collada_dom/domGeometry.obj
         ../../Link/VC2013.Release.x64/collada_dom/domGles_basic_type_common.obj
         ../../Link/VC2013.Release.x64/collada_dom/domGles_newparam.obj
         ../../Link/VC2013.Release.x64/collada_dom/domGles_pipeline_settings.obj
         ../../Link/VC2013.Release.x64/collada_dom/domGles_sampler_state.obj
         ../../Link/VC2013.Release.x64/collada_dom/domGles_texcombiner_argumentAlpha_type.obj
         ../../Link/VC2013.Release.x64/collada_dom/domGles_texcombiner_argumentRGB_type.obj
         ../../Link/VC2013.Release.x64/collada_dom/domGles_texcombiner_commandAlpha_type.obj
         ../../Link/VC2013.Release.x64/collada_dom/domGles_texcombiner_commandRGB_type.obj
         ../../Link/VC2013.Release.x64/collada_dom/domGles_texcombiner_command_type.obj
         ../../Link/VC2013.Release.x64/collada_dom/domGles_texenv_command_type.obj
         ../../Link/VC2013.Release.x64/collada_dom/domGles_texture_constant_type.obj
         ../../Link/VC2013.Release.x64/collada_dom/domGles_texture_pipeline.obj
         ../../Link/VC2013.Release.x64/collada_dom/domGles_texture_unit.obj
         ../../Link/VC2013.Release.x64/collada_dom/domGlsl_newarray_type.obj
         ../../Link/VC2013.Release.x64/collada_dom/domGlsl_newparam.obj
         ../../Link/VC2013.Release.x64/collada_dom/domGlsl_param_type.obj
         ../../Link/VC2013.Release.x64/collada_dom/domGlsl_setarray_type.obj
         ../../Link/VC2013.Release.x64/collada_dom/domGlsl_setparam.obj
         ../../Link/VC2013.Release.x64/collada_dom/domGlsl_setparam_simple.obj
         ../../Link/VC2013.Release.x64/collada_dom/domGlsl_surface_type.obj
         ../../Link/VC2013.Release.x64/collada_dom/domGl_hook_abstract.obj
         ../../Link/VC2013.Release.x64/collada_dom/domGl_pipeline_settings.obj
         ../../Link/VC2013.Release.x64/collada_dom/domGl_sampler1D.obj
         ../../Link/VC2013.Release.x64/collada_dom/domGl_sampler2D.obj
         ../../Link/VC2013.Release.x64/collada_dom/domGl_sampler3D.obj
         ../../Link/VC2013.Release.x64/collada_dom/domGl_samplerCUBE.obj
         ../../Link/VC2013.Release.x64/collada_dom/domGl_samplerDEPTH.obj
         ../../Link/VC2013.Release.x64/collada_dom/domGl_samplerRECT.obj
         ../../Link/VC2013.Release.x64/collada_dom/domIDREF_array.obj
         ../../Link/VC2013.Release.x64/collada_dom/domImage.obj
         ../../Link/VC2013.Release.x64/collada_dom/domInputGlobal.obj
         ../../Link/VC2013.Release.x64/collada_dom/domInputLocal.obj
         ../../Link/VC2013.Release.x64/collada_dom/domInputLocalOffset.obj
         ../../Link/VC2013.Release.x64/collada_dom/domInstanceWithExtra.obj
         ../../Link/VC2013.Release.x64/collada_dom/domInstance_camera.obj
         ../../Link/VC2013.Release.x64/collada_dom/domInstance_controller.obj
         ../../Link/VC2013.Release.x64/collada_dom/domInstance_effect.obj
         ../../Link/VC2013.Release.x64/collada_dom/domInstance_force_field.obj
         ../../Link/VC2013.Release.x64/collada_dom/domInstance_geometry.obj
         ../../Link/VC2013.Release.x64/collada_dom/domInstance_light.obj
         ../../Link/VC2013.Release.x64/collada_dom/domInstance_material.obj
         ../../Link/VC2013.Release.x64/collada_dom/domInstance_node.obj
         ../../Link/VC2013.Release.x64/collada_dom/domInstance_physics_material.obj
         ../../Link/VC2013.Release.x64/collada_dom/domInstance_physics_model.obj
         ../../Link/VC2013.Release.x64/collada_dom/domInstance_rigid_body.obj
         ../../Link/VC2013.Release.x64/collada_dom/domInstance_rigid_constraint.obj
         ../../Link/VC2013.Release.x64/collada_dom/domInt_array.obj
         ../../Link/VC2013.Release.x64/collada_dom/domLibrary_animations.obj
         ../../Link/VC2013.Release.x64/collada_dom/domLibrary_animation_clips.obj
         ../../Link/VC2013.Release.x64/collada_dom/domLibrary_cameras.obj
         ../../Link/VC2013.Release.x64/collada_dom/domLibrary_controllers.obj
         ../../Link/VC2013.Release.x64/collada_dom/domLibrary_effects.obj
         ../../Link/VC2013.Release.x64/collada_dom/domLibrary_force_fields.obj
         ../../Link/VC2013.Release.x64/collada_dom/domLibrary_geometries.obj
         ../../Link/VC2013.Release.x64/collada_dom/domLibrary_images.obj
         ../../Link/VC2013.Release.x64/collada_dom/domLibrary_lights.obj
         ../../Link/VC2013.Release.x64/collada_dom/domLibrary_materials.obj
         ../../Link/VC2013.Release.x64/collada_dom/domLibrary_nodes.obj
         ../../Link/VC2013.Release.x64/collada_dom/domLibrary_physics_materials.obj
         ../../Link/VC2013.Release.x64/collada_dom/domLibrary_physics_models.obj
         ../../Link/VC2013.Release.x64/collada_dom/domLibrary_physics_scenes.obj
         ../../Link/VC2013.Release.x64/collada_dom/domLibrary_visual_scenes.obj
         ../../Link/VC2013.Release.x64/collada_dom/domLight.obj
         ../../Link/VC2013.Release.x64/collada_dom/domLines.obj
         ../../Link/VC2013.Release.x64/collada_dom/domLinestrips.obj
         ../../Link/VC2013.Release.x64/collada_dom/domLookat.obj
         ../../Link/VC2013.Release.x64/collada_dom/domMaterial.obj
         ../../Link/VC2013.Release.x64/collada_dom/domMatrix.obj
         ../../Link/VC2013.Release.x64/collada_dom/domMesh.obj
         ../../Link/VC2013.Release.x64/collada_dom/domMorph.obj
         ../../Link/VC2013.Release.x64/collada_dom/domName_array.obj
         ../../Link/VC2013.Release.x64/collada_dom/domNode.obj
         ../../Link/VC2013.Release.x64/collada_dom/domP.obj
         ../../Link/VC2013.Release.x64/collada_dom/domParam.obj
         ../../Link/VC2013.Release.x64/collada_dom/domPhysics_material.obj
         ../../Link/VC2013.Release.x64/collada_dom/domPhysics_model.obj
         ../../Link/VC2013.Release.x64/collada_dom/domPhysics_scene.obj
         ../../Link/VC2013.Release.x64/collada_dom/domPlane.obj
         ../../Link/VC2013.Release.x64/collada_dom/domPolygons.obj
         ../../Link/VC2013.Release.x64/collada_dom/domPolylist.obj
         ../../Link/VC2013.Release.x64/collada_dom/domProfile_CG.obj
         ../../Link/VC2013.Release.x64/collada_dom/domProfile_COMMON.obj
         ../../Link/VC2013.Release.x64/collada_dom/domProfile_GLES.obj
         ../../Link/VC2013.Release.x64/collada_dom/domProfile_GLSL.obj
         ../../Link/VC2013.Release.x64/collada_dom/domRigid_body.obj
         ../../Link/VC2013.Release.x64/collada_dom/domRigid_constraint.obj
         ../../Link/VC2013.Release.x64/collada_dom/domRotate.obj
         ../../Link/VC2013.Release.x64/collada_dom/domSampler.obj
         ../../Link/VC2013.Release.x64/collada_dom/domScale.obj
         ../../Link/VC2013.Release.x64/collada_dom/domSkew.obj
         ../../Link/VC2013.Release.x64/collada_dom/domSkin.obj
         ../../Link/VC2013.Release.x64/collada_dom/domSource.obj
         ../../Link/VC2013.Release.x64/collada_dom/domSphere.obj
         ../../Link/VC2013.Release.x64/collada_dom/domSpline.obj
         ../../Link/VC2013.Release.x64/collada_dom/domTapered_capsule.obj
         ../../Link/VC2013.Release.x64/collada_dom/domTapered_cylinder.obj
         ../../Link/VC2013.Release.x64/collada_dom/domTargetableFloat.obj
         ../../Link/VC2013.Release.x64/collada_dom/domTargetableFloat3.obj
         ../../Link/VC2013.Release.x64/collada_dom/domTechnique.obj
         ../../Link/VC2013.Release.x64/collada_dom/domTranslate.obj
         ../../Link/VC2013.Release.x64/collada_dom/domTriangles.obj
         ../../Link/VC2013.Release.x64/collada_dom/domTrifans.obj
         ../../Link/VC2013.Release.x64/collada_dom/domTristrips.obj
         ../../Link/VC2013.Release.x64/collada_dom/domTypes.obj
         ../../Link/VC2013.Release.x64/collada_dom/domVertices.obj
         ../../Link/VC2013.Release.x64/collada_dom/domVisual_scene.obj
         ../../Link/VC2013.Release.x64/collada_dom/dae.obj
         ../../Link/VC2013.Release.x64/collada_dom/daeArray.obj
         ../../Link/VC2013.Release.x64/collada_dom/daeAtomicType.obj
         ../../Link/VC2013.Release.x64/collada_dom/daeDatabase.obj
         ../../Link/VC2013.Release.x64/collada_dom/daeDocument.obj
         ../../Link/VC2013.Release.x64/collada_dom/daeDom.obj
         ../../Link/VC2013.Release.x64/collada_dom/daeElement.obj
         ../../Link/VC2013.Release.x64/collada_dom/daeError.obj
         ../../Link/VC2013.Release.x64/collada_dom/daeErrorHandler.obj
         ../../Link/VC2013.Release.x64/collada_dom/daeIDRef.obj
         ../../Link/VC2013.Release.x64/collada_dom/daeIOPluginCommon.obj
         ../../Link/VC2013.Release.x64/collada_dom/daeMemorySystem.obj
         ../../Link/VC2013.Release.x64/collada_dom/daeMetaAny.obj
         ../../Link/VC2013.Release.x64/collada_dom/daeMetaAttribute.obj
         ../../Link/VC2013.Release.x64/collada_dom/daeMetaChoice.obj
         ../../Link/VC2013.Release.x64/collada_dom/daeMetaCMPolicy.obj
         ../../Link/VC2013.Release.x64/collada_dom/daeMetaElement.obj
         ../../Link/VC2013.Release.x64/collada_dom/daeMetaElementAttribute.obj
         ../../Link/VC2013.Release.x64/collada_dom/daeMetaGroup.obj
         ../../Link/VC2013.Release.x64/collada_dom/daeMetaSequence.obj
         ../../Link/VC2013.Release.x64/collada_dom/daeRawResolver.obj
         ../../Link/VC2013.Release.x64/collada_dom/daeRefCountedObj.obj
         ../../Link/VC2013.Release.x64/collada_dom/daeSIDResolver.obj
         ../../Link/VC2013.Release.x64/collada_dom/daeStandardURIResolver.obj
         ../../Link/VC2013.Release.x64/collada_dom/daeStringRef.obj
         ../../Link/VC2013.Release.x64/collada_dom/daeStringTable.obj
         ../../Link/VC2013.Release.x64/collada_dom/daeTinyXMLPlugin.obj
         ../../Link/VC2013.Release.x64/collada_dom/daeURI.obj
         ../../Link/VC2013.Release.x64/collada_dom/daeUtils.obj
         ../../Link/VC2013.Release.x64/collada_dom/domAny.obj
         ../../Link/VC2013.Release.x64/collada_dom/daeLIBXMLPlugin.obj
         ../../Link/VC2013.Release.x64/collada_dom/daeSTLDatabase.obj
         ../../Link/VC2013.Release.x64/collada_dom/stdErrPlugin.obj
         collada_dom.vcxproj -> C:/Users/nes/Source/Repos/OmniEngine.Net/Engine/lib//compiled/Release.x64/collada_dom.lib
     1>Done Building Project "C:\Users\nes\Source\Repos\OmniEngine.Net\My Projects\Salvage\buildFiles\VisualStudio 2013\projects\collada_dom.vcxproj" (Build target(s)).

Build succeeded.

Time Elapsed 00:00:57.47
