Build started 12/2/2014 5:47:51 PM.
     1>Project "C:\Users\nes\Source\Repos\OmniEngine.Net\My Projects\Salvage\buildFiles\VisualStudio 2013\projects\libtheora.vcxproj" on node 8 (Build target(s)).
     1>ClCompile:
         C:\ides\Microsoft Visual Studio 12.0\VC\bin\x86_amd64\CL.exe /c /IC:/Users/nes/Source/Repos/OmniEngine.Net/Engine/lib/libtheora/include /IC:/Users/nes/Source/Repos/OmniEngine.Net/Engine/lib/libogg/include /Zi /nologo /W3 /WX- /Ox /Ob2 /D UNICODE /D _CRT_SECURE_NO_DEPRECATE /D _CRT_SECURE_NO_WARNINGS /GF /Gm- /MT /GS- /Gy /fp:precise /Zc:wchar_t- /Zc:forScope /GR /Fo"../../Link/VC2013.Release.x64/libtheora/" /Fd"C:/Users/nes/Source/Repos/OmniEngine.Net/Engine/lib//compiled/Release.x64/libtheora.pdb" /Gd /TC /wd4244 /wd4305 /wd4530 /wd4355 /errorReport:prompt /MP C:\Users\nes\Source\Repos\OmniEngine.Net\Engine\lib\libtheora\lib\analyze.c C:\Users\nes\Source\Repos\OmniEngine.Net\Engine\lib\libtheora\lib\apiwrapper.c C:\Users\nes\Source\Repos\OmniEngine.Net\Engine\lib\libtheora\lib\bitpack.c C:\Users\nes\Source\Repos\OmniEngine.Net\Engine\lib\libtheora\lib\cpu.c C:\Users\nes\Source\Repos\OmniEngine.Net\Engine\lib\libtheora\lib\decapiwrapper.c C:\Users\nes\Source\Repos\OmniEngine.Net\Engine\lib\libtheora\lib\decinfo.c C:\Users\nes\Source\Repos\OmniEngine.Net\Engine\lib\libtheora\lib\decode.c C:\Users\nes\Source\Repos\OmniEngine.Net\Engine\lib\libtheora\lib\dequant.c C:\Users\nes\Source\Repos\OmniEngine.Net\Engine\lib\libtheora\lib\encapiwrapper.c C:\Users\nes\Source\Repos\OmniEngine.Net\Engine\lib\libtheora\lib\encfrag.c C:\Users\nes\Source\Repos\OmniEngine.Net\Engine\lib\libtheora\lib\encinfo.c C:\Users\nes\Source\Repos\OmniEngine.Net\Engine\lib\libtheora\lib\encode.c C:\Users\nes\Source\Repos\OmniEngine.Net\Engine\lib\libtheora\lib\enquant.c C:\Users\nes\Source\Repos\OmniEngine.Net\Engine\lib\libtheora\lib\fdct.c C:\Users\nes\Source\Repos\OmniEngine.Net\Engine\lib\libtheora\lib\fragment.c C:\Users\nes\Source\Repos\OmniEngine.Net\Engine\lib\libtheora\lib\huffdec.c C:\Users\nes\Source\Repos\OmniEngine.Net\Engine\lib\libtheora\lib\huffenc.c C:\Users\nes\Source\Repos\OmniEngine.Net\Engine\lib\libtheora\lib\idct.c C:\Users\nes\Source\Repos\OmniEngine.Net\Engine\lib\libtheora\lib\info.c C:\Users\nes\Source\Repos\OmniEngine.Net\Engine\lib\libtheora\lib\internal.c C:\Users\nes\Source\Repos\OmniEngine.Net\Engine\lib\libtheora\lib\mathops.c C:\Users\nes\Source\Repos\OmniEngine.Net\Engine\lib\libtheora\lib\mcenc.c C:\Users\nes\Source\Repos\OmniEngine.Net\Engine\lib\libtheora\lib\quant.c C:\Users\nes\Source\Repos\OmniEngine.Net\Engine\lib\libtheora\lib\rate.c C:\Users\nes\Source\Repos\OmniEngine.Net\Engine\lib\libtheora\lib\state.c C:\Users\nes\Source\Repos\OmniEngine.Net\Engine\lib\libtheora\lib\tokenize.c
         analyze.c
         apiwrapper.c
         bitpack.c
         cpu.c
         decapiwrapper.c
         decinfo.c
         decode.c
         dequant.c
     1>C:\Users\nes\Source\Repos\OmniEngine.Net\Engine\lib\libtheora\lib\bitpack.c(41): warning C4554: '<<' : check operator precedence for possible error; use parentheses to clarify precedence
     1>C:\Users\nes\Source\Repos\OmniEngine.Net\Engine\lib\libtheora\lib\bitpack.c(61): warning C4554: '>>' : check operator precedence for possible error; use parentheses to clarify precedence
     1>C:\Users\nes\Source\Repos\OmniEngine.Net\Engine\lib\libtheora\lib\bitpack.c(81): warning C4554: '>>' : check operator precedence for possible error; use parentheses to clarify precedence
     1>C:\Users\nes\Source\Repos\OmniEngine.Net\Engine\lib\libtheora\lib\bitpack.c(100): warning C4554: '>>' : check operator precedence for possible error; use parentheses to clarify precedence
         encapiwrapper.c
         encfrag.c
         encinfo.c
         encode.c
         enquant.c
     1>C:\Users\nes\Source\Repos\OmniEngine.Net\Engine\lib\libtheora\lib\analyze.c(564): warning C4018: '<' : signed/unsigned mismatch
     1>C:\Users\nes\Source\Repos\OmniEngine.Net\Engine\lib\libtheora\lib\encinfo.c(65): warning C4267: '=' : conversion from 'size_t' to 'int', possible loss of data
         fdct.c
     1>C:\Users\nes\Source\Repos\OmniEngine.Net\Engine\lib\libtheora\lib\analyze.c(1550): warning C4018: '>' : signed/unsigned mismatch
     1>C:\Users\nes\Source\Repos\OmniEngine.Net\Engine\lib\libtheora\lib\analyze.c(1589): warning C4018: '>' : signed/unsigned mismatch
     1>C:\Users\nes\Source\Repos\OmniEngine.Net\Engine\lib\libtheora\lib\analyze.c(1740): warning C4267: '+=' : conversion from 'size_t' to 'unsigned int', possible loss of data
         fragment.c
     1>C:\Users\nes\Source\Repos\OmniEngine.Net\Engine\lib\libtheora\lib\analyze.c(1849): warning C4267: '+=' : conversion from 'size_t' to 'unsigned int', possible loss of data
         huffdec.c
         huffenc.c
         idct.c
     1>C:\Users\nes\Source\Repos\OmniEngine.Net\Engine\lib\libtheora\lib\encode.c(973): warning C4018: '>=' : signed/unsigned mismatch
     1>C:\Users\nes\Source\Repos\OmniEngine.Net\Engine\lib\libtheora\lib\encode.c(982): warning C4018: '>=' : signed/unsigned mismatch
     1>C:\Users\nes\Source\Repos\OmniEngine.Net\Engine\lib\libtheora\lib\huffdec.c(185): warning C4334: '<<' : result of 32-bit shift implicitly converted to 64 bits (was 64-bit shift intended?)
     1>C:\Users\nes\Source\Repos\OmniEngine.Net\Engine\lib\libtheora\lib\huffenc.c(865): warning C4554: '>>' : check operator precedence for possible error; use parentheses to clarify precedence
     1>C:\Users\nes\Source\Repos\OmniEngine.Net\Engine\lib\libtheora\lib\huffdec.c(389): warning C4334: '<<' : result of 32-bit shift implicitly converted to 64 bits (was 64-bit shift intended?)
         info.c
         internal.c
         mathops.c
         mcenc.c
         quant.c
         rate.c
     1>C:\Users\nes\Source\Repos\OmniEngine.Net\Engine\lib\libtheora\lib\mathops.c(180): warning C4554: '>>' : check operator precedence for possible error; use parentheses to clarify precedence
     1>C:\Users\nes\Source\Repos\OmniEngine.Net\Engine\lib\libtheora\lib\mathops.c(188): warning C4554: '>>' : check operator precedence for possible error; use parentheses to clarify precedence
     1>C:\Users\nes\Source\Repos\OmniEngine.Net\Engine\lib\libtheora\lib\mathops.c(196): warning C4554: '>>' : check operator precedence for possible error; use parentheses to clarify precedence
     1>C:\Users\nes\Source\Repos\OmniEngine.Net\Engine\lib\libtheora\lib\mathops.c(197): warning C4554: '<<' : check operator precedence for possible error; use parentheses to clarify precedence
     1>C:\Users\nes\Source\Repos\OmniEngine.Net\Engine\lib\libtheora\lib\mathops.c(221): warning C4554: '<<' : check operator precedence for possible error; use parentheses to clarify precedence
     1>C:\Users\nes\Source\Repos\OmniEngine.Net\Engine\lib\libtheora\lib\mathops.c(227): warning C4554: '>>' : check operator precedence for possible error; use parentheses to clarify precedence
     1>C:\Users\nes\Source\Repos\OmniEngine.Net\Engine\lib\libtheora\lib\mathops.c(257): warning C4554: '>>' : check operator precedence for possible error; use parentheses to clarify precedence
     1>C:\Users\nes\Source\Repos\OmniEngine.Net\Engine\lib\libtheora\lib\mathops.c(258): warning C4554: '>>' : check operator precedence for possible error; use parentheses to clarify precedence
     1>C:\Users\nes\Source\Repos\OmniEngine.Net\Engine\lib\libtheora\lib\mathops.c(265): warning C4554: '>>' : check operator precedence for possible error; use parentheses to clarify precedence
     1>C:\Users\nes\Source\Repos\OmniEngine.Net\Engine\lib\libtheora\lib\mathops.c(266): warning C4554: '>>' : check operator precedence for possible error; use parentheses to clarify precedence
     1>C:\Users\nes\Source\Repos\OmniEngine.Net\Engine\lib\libtheora\lib\mathops.c(273): warning C4554: '>>' : check operator precedence for possible error; use parentheses to clarify precedence
     1>C:\Users\nes\Source\Repos\OmniEngine.Net\Engine\lib\libtheora\lib\mathops.c(274): warning C4554: '>>' : check operator precedence for possible error; use parentheses to clarify precedence
     1>C:\Users\nes\Source\Repos\OmniEngine.Net\Engine\lib\libtheora\lib\mathops.c(281): warning C4554: '>>' : check operator precedence for possible error; use parentheses to clarify precedence
     1>C:\Users\nes\Source\Repos\OmniEngine.Net\Engine\lib\libtheora\lib\mathops.c(282): warning C4554: '>>' : check operator precedence for possible error; use parentheses to clarify precedence
     1>C:\Users\nes\Source\Repos\OmniEngine.Net\Engine\lib\libtheora\lib\mathops.c(289): warning C4554: '>>' : check operator precedence for possible error; use parentheses to clarify precedence
     1>C:\Users\nes\Source\Repos\OmniEngine.Net\Engine\lib\libtheora\lib\mathops.c(290): warning C4554: '>>' : check operator precedence for possible error; use parentheses to clarify precedence
     1>C:\Users\nes\Source\Repos\OmniEngine.Net\Engine\lib\libtheora\lib\mathops.c(293): warning C4554: '>>' : check operator precedence for possible error; use parentheses to clarify precedence
     1>C:\Users\nes\Source\Repos\OmniEngine.Net\Engine\lib\libtheora\lib\encode.c(1323): warning C4018: '>=' : signed/unsigned mismatch
         state.c
     1>c:\users\nes\source\repos\omniengine.net\engine\lib\libtheora\lib\analyze.c(288): warning C4700: uninitialized local variable 'sb_full' used
     1>c:\users\nes\source\repos\omniengine.net\engine\lib\libtheora\lib\analyze.c(326): warning C4700: uninitialized local variable 'sb_full' used
     1>C:\Users\nes\Source\Repos\OmniEngine.Net\Engine\lib\libtheora\lib\encode.c(1433): warning C4018: '<' : signed/unsigned mismatch
     1>C:\Users\nes\Source\Repos\OmniEngine.Net\Engine\lib\libtheora\lib\encode.c(1442): warning C4018: '<' : signed/unsigned mismatch
     1>C:\Users\nes\Source\Repos\OmniEngine.Net\Engine\lib\libtheora\lib\encode.c(1444): warning C4018: '<' : signed/unsigned mismatch
     1>C:\Users\nes\Source\Repos\OmniEngine.Net\Engine\lib\libtheora\lib\encode.c(1451): warning C4018: '<' : signed/unsigned mismatch
     1>C:\Users\nes\Source\Repos\OmniEngine.Net\Engine\lib\libtheora\lib\encode.c(1453): warning C4018: '<' : signed/unsigned mismatch
     1>C:\Users\nes\Source\Repos\OmniEngine.Net\Engine\lib\libtheora\lib\info.c(69): warning C4267: '=' : conversion from 'size_t' to 'int', possible loss of data
     1>C:\Users\nes\Source\Repos\OmniEngine.Net\Engine\lib\libtheora\lib\info.c(82): warning C4267: '=' : conversion from 'size_t' to 'int', possible loss of data
     1>C:\Users\nes\Source\Repos\OmniEngine.Net\Engine\lib\libtheora\lib\info.c(83): warning C4267: '=' : conversion from 'size_t' to 'int', possible loss of data
     1>C:\Users\nes\Source\Repos\OmniEngine.Net\Engine\lib\libtheora\lib\info.c(98): warning C4267: '=' : conversion from 'size_t' to 'int', possible loss of data
     1>C:\Users\nes\Source\Repos\OmniEngine.Net\Engine\lib\libtheora\lib\info.c(114): warning C4267: '=' : conversion from 'size_t' to 'int', possible loss of data
     1>C:\Users\nes\Source\Repos\OmniEngine.Net\Engine\lib\libtheora\lib\rate.c(267): warning C4018: '<' : signed/unsigned mismatch
     1>C:\Users\nes\Source\Repos\OmniEngine.Net\Engine\lib\libtheora\lib\mcenc.c(632): warning C4018: '<' : signed/unsigned mismatch
     1>C:\Users\nes\Source\Repos\OmniEngine.Net\Engine\lib\libtheora\lib\rate.c(364): warning C4018: '<' : signed/unsigned mismatch
     1>C:\Users\nes\Source\Repos\OmniEngine.Net\Engine\lib\libtheora\lib\rate.c(384): warning C4018: '<' : signed/unsigned mismatch
         tokenize.c
     1>C:\Users\nes\Source\Repos\OmniEngine.Net\Engine\lib\libtheora\lib\rate.c(488): warning C4018: '<' : signed/unsigned mismatch
     1>C:\Users\nes\Source\Repos\OmniEngine.Net\Engine\lib\libtheora\lib\rate.c(1076): warning C4018: '<' : signed/unsigned mismatch
     1>C:\Users\nes\Source\Repos\OmniEngine.Net\Engine\lib\libtheora\lib\rate.c(1111): warning C4018: '<' : signed/unsigned mismatch
     1>c:\users\nes\source\repos\omniengine.net\engine\lib\libtheora\lib\tokenize.c(1035): warning C4700: uninitialized local variable 'ti' used
     1>c:\users\nes\source\repos\omniengine.net\engine\lib\libtheora\lib\tokenize.c(795): warning C4700: uninitialized local variable 'token1' used
     1>c:\users\nes\source\repos\omniengine.net\engine\lib\libtheora\lib\tokenize.c(796): warning C4700: uninitialized local variable 'eb1' used
     1>c:\users\nes\source\repos\omniengine.net\engine\lib\libtheora\lib\tokenize.c(247): warning C4700: uninitialized local variable 'best_bits' used
     1>c:\users\nes\source\repos\omniengine.net\engine\lib\libtheora\lib\tokenize.c(248): warning C4700: uninitialized local variable 'best_next' used
     1>c:\users\nes\source\repos\omniengine.net\engine\lib\libtheora\lib\tokenize.c(249): warning C4700: uninitialized local variable 'best_token' used
     1>c:\users\nes\source\repos\omniengine.net\engine\lib\libtheora\lib\tokenize.c(250): warning C4700: uninitialized local variable 'best_eb' used
     1>c:\users\nes\source\repos\omniengine.net\engine\lib\libtheora\lib\tokenize.c(251): warning C4700: uninitialized local variable 'best_qc' used
       Lib:
         C:\ides\Microsoft Visual Studio 12.0\VC\bin\x86_amd64\Lib.exe /OUT:"C:/Users/nes/Source/Repos/OmniEngine.Net/Engine/lib//compiled/Release.x64//libtheora.lib" /NOLOGO /MACHINE:X64 ../../Link/VC2013.Release.x64/libtheora/analyze.obj
         ../../Link/VC2013.Release.x64/libtheora/apiwrapper.obj
         ../../Link/VC2013.Release.x64/libtheora/bitpack.obj
         ../../Link/VC2013.Release.x64/libtheora/cpu.obj
         ../../Link/VC2013.Release.x64/libtheora/decapiwrapper.obj
         ../../Link/VC2013.Release.x64/libtheora/decinfo.obj
         ../../Link/VC2013.Release.x64/libtheora/decode.obj
         ../../Link/VC2013.Release.x64/libtheora/dequant.obj
         ../../Link/VC2013.Release.x64/libtheora/encapiwrapper.obj
         ../../Link/VC2013.Release.x64/libtheora/encfrag.obj
         ../../Link/VC2013.Release.x64/libtheora/encinfo.obj
         ../../Link/VC2013.Release.x64/libtheora/encode.obj
         ../../Link/VC2013.Release.x64/libtheora/enquant.obj
         ../../Link/VC2013.Release.x64/libtheora/fdct.obj
         ../../Link/VC2013.Release.x64/libtheora/fragment.obj
         ../../Link/VC2013.Release.x64/libtheora/huffdec.obj
         ../../Link/VC2013.Release.x64/libtheora/huffenc.obj
         ../../Link/VC2013.Release.x64/libtheora/idct.obj
         ../../Link/VC2013.Release.x64/libtheora/info.obj
         ../../Link/VC2013.Release.x64/libtheora/internal.obj
         ../../Link/VC2013.Release.x64/libtheora/mathops.obj
         ../../Link/VC2013.Release.x64/libtheora/mcenc.obj
         ../../Link/VC2013.Release.x64/libtheora/quant.obj
         ../../Link/VC2013.Release.x64/libtheora/rate.obj
         ../../Link/VC2013.Release.x64/libtheora/state.obj
         ../../Link/VC2013.Release.x64/libtheora/tokenize.obj
         libtheora.vcxproj -> C:/Users/nes/Source/Repos/OmniEngine.Net/Engine/lib//compiled/Release.x64/libtheora.lib
     1>Done Building Project "C:\Users\nes\Source\Repos\OmniEngine.Net\My Projects\Salvage\buildFiles\VisualStudio 2013\projects\libtheora.vcxproj" (Build target(s)).

Build succeeded.

Time Elapsed 00:00:06.84
