Build started 12/2/2014 5:47:34 PM.
     1>Project "C:\Users\nes\Source\Repos\OmniEngine.Net\My Projects\Salvage\buildFiles\VisualStudio 2013\projects\libbullet.vcxproj" on node 5 (Build target(s)).
     1>ClCompile:
         C:\ides\Microsoft Visual Studio 12.0\VC\bin\x86_amd64\CL.exe /c /IC:/Users/nes/Source/Repos/OmniEngine.Net/Engine/lib/bullet/src/BulletMultiThreaded/vectormath/scalar/cpp /IC:/Users/nes/Source/Repos/OmniEngine.Net/Engine/lib/bullet/src /Zi /nologo /W3 /WX- /Ox /Ob2 /D WIN32 /D UNICODE /D _CRT_SECURE_NO_DEPRECATE /D _CRT_SECURE_NO_WARNINGS /GF /Gm- /MT /GS- /Gy /fp:precise /Zc:wchar_t- /Zc:forScope /GR /Fo"../../Link/VC2013.Release.x64/libbullet/" /Fd"C:/Users/nes/Source/Repos/OmniEngine.Net/Engine/lib//compiled/Release.x64/libbullet.pdb" /Gd /TP /wd4244 /wd4305 /wd4530 /wd4355 /errorReport:prompt /MP C:\Users\nes\Source\Repos\OmniEngine.Net\Engine\lib\bullet\src\BulletCollision\BroadphaseCollision\btAxisSweep3.cpp C:\Users\nes\Source\Repos\OmniEngine.Net\Engine\lib\bullet\src\BulletCollision\BroadphaseCollision\btBroadphaseProxy.cpp C:\Users\nes\Source\Repos\OmniEngine.Net\Engine\lib\bullet\src\BulletCollision\BroadphaseCollision\btCollisionAlgorithm.cpp C:\Users\nes\Source\Repos\OmniEngine.Net\Engine\lib\bullet\src\BulletCollision\BroadphaseCollision\btDbvt.cpp C:\Users\nes\Source\Repos\OmniEngine.Net\Engine\lib\bullet\src\BulletCollision\BroadphaseCollision\btDbvtBroadphase.cpp C:\Users\nes\Source\Repos\OmniEngine.Net\Engine\lib\bullet\src\BulletCollision\BroadphaseCollision\btDispatcher.cpp C:\Users\nes\Source\Repos\OmniEngine.Net\Engine\lib\bullet\src\BulletCollision\BroadphaseCollision\btMultiSapBroadphase.cpp C:\Users\nes\Source\Repos\OmniEngine.Net\Engine\lib\bullet\src\BulletCollision\BroadphaseCollision\btOverlappingPairCache.cpp C:\Users\nes\Source\Repos\OmniEngine.Net\Engine\lib\bullet\src\BulletCollision\BroadphaseCollision\btQuantizedBvh.cpp C:\Users\nes\Source\Repos\OmniEngine.Net\Engine\lib\bullet\src\BulletCollision\BroadphaseCollision\btSimpleBroadphase.cpp C:\Users\nes\Source\Repos\OmniEngine.Net\Engine\lib\bullet\src\BulletCollision\CollisionDispatch\btActivatingCollisionAlgorithm.cpp C:\Users\nes\Source\Repos\OmniEngine.Net\Engine\lib\bullet\src\BulletCollision\CollisionDispatch\btBox2dBox2dCollisionAlgorithm.cpp C:\Users\nes\Source\Repos\OmniEngine.Net\Engine\lib\bullet\src\BulletCollision\CollisionDispatch\btBoxBoxCollisionAlgorithm.cpp C:\Users\nes\Source\Repos\OmniEngine.Net\Engine\lib\bullet\src\BulletCollision\CollisionDispatch\btBoxBoxDetector.cpp C:\Users\nes\Source\Repos\OmniEngine.Net\Engine\lib\bullet\src\BulletCollision\CollisionDispatch\btCollisionDispatcher.cpp C:\Users\nes\Source\Repos\OmniEngine.Net\Engine\lib\bullet\src\BulletCollision\CollisionDispatch\btCollisionObject.cpp C:\Users\nes\Source\Repos\OmniEngine.Net\Engine\lib\bullet\src\BulletCollision\CollisionDispatch\btCollisionWorld.cpp C:\Users\nes\Source\Repos\OmniEngine.Net\Engine\lib\bullet\src\BulletCollision\CollisionDispatch\btCompoundCollisionAlgorithm.cpp C:\Users\nes\Source\Repos\OmniEngine.Net\Engine\lib\bullet\src\BulletCollision\CollisionDispatch\btConvex2dConvex2dAlgorithm.cpp C:\Users\nes\Source\Repos\OmniEngine.Net\Engine\lib\bullet\src\BulletCollision\CollisionDispatch\btConvexConcaveCollisionAlgorithm.cpp C:\Users\nes\Source\Repos\OmniEngine.Net\Engine\lib\bullet\src\BulletCollision\CollisionDispatch\btConvexConvexAlgorithm.cpp C:\Users\nes\Source\Repos\OmniEngine.Net\Engine\lib\bullet\src\BulletCollision\CollisionDispatch\btConvexPlaneCollisionAlgorithm.cpp C:\Users\nes\Source\Repos\OmniEngine.Net\Engine\lib\bullet\src\BulletCollision\CollisionDispatch\btDefaultCollisionConfiguration.cpp C:\Users\nes\Source\Repos\OmniEngine.Net\Engine\lib\bullet\src\BulletCollision\CollisionDispatch\btEmptyCollisionAlgorithm.cpp C:\Users\nes\Source\Repos\OmniEngine.Net\Engine\lib\bullet\src\BulletCollision\CollisionDispatch\btGhostObject.cpp C:\Users\nes\Source\Repos\OmniEngine.Net\Engine\lib\bullet\src\BulletCollision\CollisionDispatch\btInternalEdgeUtility.cpp C:\Users\nes\Source\Repos\OmniEngine.Net\Engine\lib\bullet\src\BulletCollision\CollisionDispatch\btManifoldResult.cpp C:\Users\nes\Source\Repos\OmniEngine.Net\Engine\lib\bullet\src\BulletCollision\CollisionDispatch\btSimulationIslandManager.cpp C:\Users\nes\Source\Repos\OmniEngine.Net\Engine\lib\bullet\src\BulletCollision\CollisionDispatch\btSphereBoxCollisionAlgorithm.cpp C:\Users\nes\Source\Repos\OmniEngine.Net\Engine\lib\bullet\src\BulletCollision\CollisionDispatch\btSphereSphereCollisionAlgorithm.cpp C:\Users\nes\Source\Repos\OmniEngine.Net\Engine\lib\bullet\src\BulletCollision\CollisionDispatch\btSphereTriangleCollisionAlgorithm.cpp C:\Users\nes\Source\Repos\OmniEngine.Net\Engine\lib\bullet\src\BulletCollision\CollisionDispatch\btUnionFind.cpp C:\Users\nes\Source\Repos\OmniEngine.Net\Engine\lib\bullet\src\BulletCollision\CollisionDispatch\SphereTriangleDetector.cpp C:\Users\nes\Source\Repos\OmniEngine.Net\Engine\lib\bullet\src\BulletCollision\CollisionShapes\btBox2dShape.cpp C:\Users\nes\Source\Repos\OmniEngine.Net\Engine\lib\bullet\src\BulletCollision\CollisionShapes\btBoxShape.cpp C:\Users\nes\Source\Repos\OmniEngine.Net\Engine\lib\bullet\src\BulletCollision\CollisionShapes\btBvhTriangleMeshShape.cpp C:\Users\nes\Source\Repos\OmniEngine.Net\Engine\lib\bullet\src\BulletCollision\CollisionShapes\btCapsuleShape.cpp C:\Users\nes\Source\Repos\OmniEngine.Net\Engine\lib\bullet\src\BulletCollision\CollisionShapes\btCollisionShape.cpp C:\Users\nes\Source\Repos\OmniEngine.Net\Engine\lib\bullet\src\BulletCollision\CollisionShapes\btCompoundShape.cpp C:\Users\nes\Source\Repos\OmniEngine.Net\Engine\lib\bullet\src\BulletCollision\CollisionShapes\btConcaveShape.cpp C:\Users\nes\Source\Repos\OmniEngine.Net\Engine\lib\bullet\src\BulletCollision\CollisionShapes\btConeShape.cpp C:\Users\nes\Source\Repos\OmniEngine.Net\Engine\lib\bullet\src\BulletCollision\CollisionShapes\btConvex2dShape.cpp C:\Users\nes\Source\Repos\OmniEngine.Net\Engine\lib\bullet\src\BulletCollision\CollisionShapes\btConvexHullShape.cpp C:\Users\nes\Source\Repos\OmniEngine.Net\Engine\lib\bullet\src\BulletCollision\CollisionShapes\btConvexInternalShape.cpp C:\Users\nes\Source\Repos\OmniEngine.Net\Engine\lib\bullet\src\BulletCollision\CollisionShapes\btConvexPointCloudShape.cpp C:\Users\nes\Source\Repos\OmniEngine.Net\Engine\lib\bullet\src\BulletCollision\CollisionShapes\btConvexPolyhedron.cpp C:\Users\nes\Source\Repos\OmniEngine.Net\Engine\lib\bullet\src\BulletCollision\CollisionShapes\btConvexShape.cpp C:\Users\nes\Source\Repos\OmniEngine.Net\Engine\lib\bullet\src\BulletCollision\CollisionShapes\btConvexTriangleMeshShape.cpp C:\Users\nes\Source\Repos\OmniEngine.Net\Engine\lib\bullet\src\BulletCollision\CollisionShapes\btCylinderShape.cpp C:\Users\nes\Source\Repos\OmniEngine.Net\Engine\lib\bullet\src\BulletCollision\CollisionShapes\btEmptyShape.cpp C:\Users\nes\Source\Repos\OmniEngine.Net\Engine\lib\bullet\src\BulletCollision\CollisionShapes\btHeightfieldTerrainShape.cpp C:\Users\nes\Source\Repos\OmniEngine.Net\Engine\lib\bullet\src\BulletCollision\CollisionShapes\btMinkowskiSumShape.cpp C:\Users\nes\Source\Repos\OmniEngine.Net\Engine\lib\bullet\src\BulletCollision\CollisionShapes\btMultimaterialTriangleMeshShape.cpp C:\Users\nes\Source\Repos\OmniEngine.Net\Engine\lib\bullet\src\BulletCollision\CollisionShapes\btMultiSphereShape.cpp C:\Users\nes\Source\Repos\OmniEngine.Net\Engine\lib\bullet\src\BulletCollision\CollisionShapes\btOptimizedBvh.cpp C:\Users\nes\Source\Repos\OmniEngine.Net\Engine\lib\bullet\src\BulletCollision\CollisionShapes\btPolyhedralConvexShape.cpp C:\Users\nes\Source\Repos\OmniEngine.Net\Engine\lib\bullet\src\BulletCollision\CollisionShapes\btScaledBvhTriangleMeshShape.cpp C:\Users\nes\Source\Repos\OmniEngine.Net\Engine\lib\bullet\src\BulletCollision\CollisionShapes\btShapeHull.cpp C:\Users\nes\Source\Repos\OmniEngine.Net\Engine\lib\bullet\src\BulletCollision\CollisionShapes\btSphereShape.cpp C:\Users\nes\Source\Repos\OmniEngine.Net\Engine\lib\bullet\src\BulletCollision\CollisionShapes\btStaticPlaneShape.cpp C:\Users\nes\Source\Repos\OmniEngine.Net\Engine\lib\bullet\src\BulletCollision\CollisionShapes\btStridingMeshInterface.cpp C:\Users\nes\Source\Repos\OmniEngine.Net\Engine\lib\bullet\src\BulletCollision\CollisionShapes\btTetrahedronShape.cpp C:\Users\nes\Source\Repos\OmniEngine.Net\Engine\lib\bullet\src\BulletCollision\CollisionShapes\btTriangleBuffer.cpp C:\Users\nes\Source\Repos\OmniEngine.Net\Engine\lib\bullet\src\BulletCollision\CollisionShapes\btTriangleCallback.cpp C:\Users\nes\Source\Repos\OmniEngine.Net\Engine\lib\bullet\src\BulletCollision\CollisionShapes\btTriangleIndexVertexArray.cpp C:\Users\nes\Source\Repos\OmniEngine.Net\Engine\lib\bullet\src\BulletCollision\CollisionShapes\btTriangleIndexVertexMaterialArray.cpp C:\Users\nes\Source\Repos\OmniEngine.Net\Engine\lib\bullet\src\BulletCollision\CollisionShapes\btTriangleMesh.cpp C:\Users\nes\Source\Repos\OmniEngine.Net\Engine\lib\bullet\src\BulletCollision\CollisionShapes\btTriangleMeshShape.cpp C:\Users\nes\Source\Repos\OmniEngine.Net\Engine\lib\bullet\src\BulletCollision\CollisionShapes\btUniformScalingShape.cpp C:\Users\nes\Source\Repos\OmniEngine.Net\Engine\lib\bullet\src\BulletCollision\Gimpact\btContactProcessing.cpp C:\Users\nes\Source\Repos\OmniEngine.Net\Engine\lib\bullet\src\BulletCollision\Gimpact\btGenericPoolAllocator.cpp C:\Users\nes\Source\Repos\OmniEngine.Net\Engine\lib\bullet\src\BulletCollision\Gimpact\btGImpactBvh.cpp C:\Users\nes\Source\Repos\OmniEngine.Net\Engine\lib\bullet\src\BulletCollision\Gimpact\btGImpactCollisionAlgorithm.cpp C:\Users\nes\Source\Repos\OmniEngine.Net\Engine\lib\bullet\src\BulletCollision\Gimpact\btGImpactQuantizedBvh.cpp C:\Users\nes\Source\Repos\OmniEngine.Net\Engine\lib\bullet\src\BulletCollision\Gimpact\btGImpactShape.cpp C:\Users\nes\Source\Repos\OmniEngine.Net\Engine\lib\bullet\src\BulletCollision\Gimpact\btTriangleShapeEx.cpp C:\Users\nes\Source\Repos\OmniEngine.Net\Engine\lib\bullet\src\BulletCollision\Gimpact\gim_box_set.cpp C:\Users\nes\Source\Repos\OmniEngine.Net\Engine\lib\bullet\src\BulletCollision\Gimpact\gim_contact.cpp C:\Users\nes\Source\Repos\OmniEngine.Net\Engine\lib\bullet\src\BulletCollision\Gimpact\gim_memory.cpp C:\Users\nes\Source\Repos\OmniEngine.Net\Engine\lib\bullet\src\BulletCollision\Gimpact\gim_tri_collision.cpp C:\Users\nes\Source\Repos\OmniEngine.Net\Engine\lib\bullet\src\BulletCollision\NarrowPhaseCollision\btContinuousConvexCollision.cpp C:\Users\nes\Source\Repos\OmniEngine.Net\Engine\lib\bullet\src\BulletCollision\NarrowPhaseCollision\btConvexCast.cpp C:\Users\nes\Source\Repos\OmniEngine.Net\Engine\lib\bullet\src\BulletCollision\NarrowPhaseCollision\btGjkConvexCast.cpp C:\Users\nes\Source\Repos\OmniEngine.Net\Engine\lib\bullet\src\BulletCollision\NarrowPhaseCollision\btGjkEpa2.cpp C:\Users\nes\Source\Repos\OmniEngine.Net\Engine\lib\bullet\src\BulletCollision\NarrowPhaseCollision\btGjkEpaPenetrationDepthSolver.cpp C:\Users\nes\Source\Repos\OmniEngine.Net\Engine\lib\bullet\src\BulletCollision\NarrowPhaseCollision\btGjkPairDetector.cpp C:\Users\nes\Source\Repos\OmniEngine.Net\Engine\lib\bullet\src\BulletCollision\NarrowPhaseCollision\btMinkowskiPenetrationDepthSolver.cpp C:\Users\nes\Source\Repos\OmniEngine.Net\Engine\lib\bullet\src\BulletCollision\NarrowPhaseCollision\btPersistentManifold.cpp C:\Users\nes\Source\Repos\OmniEngine.Net\Engine\lib\bullet\src\BulletCollision\NarrowPhaseCollision\btPolyhedralContactClipping.cpp C:\Users\nes\Source\Repos\OmniEngine.Net\Engine\lib\bullet\src\BulletCollision\NarrowPhaseCollision\btRaycastCallback.cpp C:\Users\nes\Source\Repos\OmniEngine.Net\Engine\lib\bullet\src\BulletCollision\NarrowPhaseCollision\btSubSimplexConvexCast.cpp C:\Users\nes\Source\Repos\OmniEngine.Net\Engine\lib\bullet\src\BulletCollision\NarrowPhaseCollision\btVoronoiSimplexSolver.cpp C:\Users\nes\Source\Repos\OmniEngine.Net\Engine\lib\bullet\src\BulletDynamics\Character\btKinematicCharacterController.cpp C:\Users\nes\Source\Repos\OmniEngine.Net\Engine\lib\bullet\src\BulletDynamics\ConstraintSolver\btConeTwistConstraint.cpp C:\Users\nes\Source\Repos\OmniEngine.Net\Engine\lib\bullet\src\BulletDynamics\ConstraintSolver\btContactConstraint.cpp C:\Users\nes\Source\Repos\OmniEngine.Net\Engine\lib\bullet\src\BulletDynamics\ConstraintSolver\btGearConstraint.cpp C:\Users\nes\Source\Repos\OmniEngine.Net\Engine\lib\bullet\src\BulletDynamics\ConstraintSolver\btGeneric6DofConstraint.cpp C:\Users\nes\Source\Repos\OmniEngine.Net\Engine\lib\bullet\src\BulletDynamics\ConstraintSolver\btGeneric6DofSpringConstraint.cpp C:\Users\nes\Source\Repos\OmniEngine.Net\Engine\lib\bullet\src\BulletDynamics\ConstraintSolver\btHinge2Constraint.cpp C:\Users\nes\Source\Repos\OmniEngine.Net\Engine\lib\bullet\src\BulletDynamics\ConstraintSolver\btHingeConstraint.cpp C:\Users\nes\Source\Repos\OmniEngine.Net\Engine\lib\bullet\src\BulletDynamics\ConstraintSolver\btPoint2PointConstraint.cpp C:\Users\nes\Source\Repos\OmniEngine.Net\Engine\lib\bullet\src\BulletDynamics\ConstraintSolver\btSequentialImpulseConstraintSolver.cpp C:\Users\nes\Source\Repos\OmniEngine.Net\Engine\lib\bullet\src\BulletDynamics\ConstraintSolver\btSliderConstraint.cpp C:\Users\nes\Source\Repos\OmniEngine.Net\Engine\lib\bullet\src\BulletDynamics\ConstraintSolver\btSolve2LinearConstraint.cpp C:\Users\nes\Source\Repos\OmniEngine.Net\Engine\lib\bullet\src\BulletDynamics\ConstraintSolver\btTypedConstraint.cpp C:\Users\nes\Source\Repos\OmniEngine.Net\Engine\lib\bullet\src\BulletDynamics\ConstraintSolver\btUniversalConstraint.cpp C:\Users\nes\Source\Repos\OmniEngine.Net\Engine\lib\bullet\src\BulletDynamics\Dynamics\btDiscreteDynamicsWorld.cpp C:\Users\nes\Source\Repos\OmniEngine.Net\Engine\lib\bullet\src\BulletDynamics\Dynamics\btRigidBody.cpp C:\Users\nes\Source\Repos\OmniEngine.Net\Engine\lib\bullet\src\BulletDynamics\Dynamics\btSimpleDynamicsWorld.cpp "C:\Users\nes\Source\Repos\OmniEngine.Net\Engine\lib\bullet\src\BulletDynamics\Dynamics\Bullet-C-API.cpp" C:\Users\nes\Source\Repos\OmniEngine.Net\Engine\lib\bullet\src\BulletDynamics\Vehicle\btRaycastVehicle.cpp C:\Users\nes\Source\Repos\OmniEngine.Net\Engine\lib\bullet\src\BulletDynamics\Vehicle\btWheelInfo.cpp C:\Users\nes\Source\Repos\OmniEngine.Net\Engine\lib\bullet\src\BulletMultiThreaded\btGpu3DGridBroadphase.cpp C:\Users\nes\Source\Repos\OmniEngine.Net\Engine\lib\bullet\src\BulletMultiThreaded\btParallelConstraintSolver.cpp C:\Users\nes\Source\Repos\OmniEngine.Net\Engine\lib\bullet\src\BulletMultiThreaded\btThreadSupportInterface.cpp C:\Users\nes\Source\Repos\OmniEngine.Net\Engine\lib\bullet\src\BulletMultiThreaded\PosixThreadSupport.cpp C:\Users\nes\Source\Repos\OmniEngine.Net\Engine\lib\bullet\src\BulletMultiThreaded\SequentialThreadSupport.cpp C:\Users\nes\Source\Repos\OmniEngine.Net\Engine\lib\bullet\src\BulletMultiThreaded\SpuCollisionObjectWrapper.cpp C:\Users\nes\Source\Repos\OmniEngine.Net\Engine\lib\bullet\src\BulletMultiThreaded\SpuCollisionTaskProcess.cpp C:\Users\nes\Source\Repos\OmniEngine.Net\Engine\lib\bullet\src\BulletMultiThreaded\SpuContactManifoldCollisionAlgorithm.cpp C:\Users\nes\Source\Repos\OmniEngine.Net\Engine\lib\bullet\src\BulletMultiThreaded\SpuFakeDma.cpp C:\Users\nes\Source\Repos\OmniEngine.Net\Engine\lib\bullet\src\BulletMultiThreaded\SpuGatheringCollisionDispatcher.cpp C:\Users\nes\Source\Repos\OmniEngine.Net\Engine\lib\bullet\src\BulletMultiThreaded\SpuLibspe2Support.cpp C:\Users\nes\Source\Repos\OmniEngine.Net\Engine\lib\bullet\src\BulletMultiThreaded\SpuSampleTaskProcess.cpp C:\Users\nes\Source\Repos\OmniEngine.Net\Engine\lib\bullet\src\BulletMultiThreaded\Win32ThreadSupport.cpp C:\Users\nes\Source\Repos\OmniEngine.Net\Engine\lib\bullet\src\BulletMultiThreaded\SpuNarrowPhaseCollisionTask\boxBoxDistance.cpp C:\Users\nes\Source\Repos\OmniEngine.Net\Engine\lib\bullet\src\BulletMultiThreaded\SpuNarrowPhaseCollisionTask\SpuCollisionShapes.cpp C:\Users\nes\Source\Repos\OmniEngine.Net\Engine\lib\bullet\src\BulletMultiThreaded\SpuNarrowPhaseCollisionTask\SpuContactResult.cpp C:\Users\nes\Source\Repos\OmniEngine.Net\Engine\lib\bullet\src\BulletMultiThreaded\SpuNarrowPhaseCollisionTask\SpuGatheringCollisionTask.cpp C:\Users\nes\Source\Repos\OmniEngine.Net\Engine\lib\bullet\src\BulletMultiThreaded\SpuNarrowPhaseCollisionTask\SpuMinkowskiPenetrationDepthSolver.cpp C:\Users\nes\Source\Repos\OmniEngine.Net\Engine\lib\bullet\src\LinearMath\btAlignedAllocator.cpp C:\Users\nes\Source\Repos\OmniEngine.Net\Engine\lib\bullet\src\LinearMath\btConvexHull.cpp C:\Users\nes\Source\Repos\OmniEngine.Net\Engine\lib\bullet\src\LinearMath\btConvexHullComputer.cpp C:\Users\nes\Source\Repos\OmniEngine.Net\Engine\lib\bullet\src\LinearMath\btGeometryUtil.cpp C:\Users\nes\Source\Repos\OmniEngine.Net\Engine\lib\bullet\src\LinearMath\btPolarDecomposition.cpp C:\Users\nes\Source\Repos\OmniEngine.Net\Engine\lib\bullet\src\LinearMath\btQuickprof.cpp C:\Users\nes\Source\Repos\OmniEngine.Net\Engine\lib\bullet\src\LinearMath\btSerializer.cpp C:\Users\nes\Source\Repos\OmniEngine.Net\Engine\lib\bullet\src\LinearMath\btVector3.cpp
         btAxisSweep3.cpp
         btBroadphaseProxy.cpp
         btCollisionAlgorithm.cpp
         btDbvt.cpp
         btDbvtBroadphase.cpp
         btDispatcher.cpp
         btMultiSapBroadphase.cpp
         btOverlappingPairCache.cpp
         btQuantizedBvh.cpp
         btSimpleBroadphase.cpp
         btActivatingCollisionAlgorithm.cpp
         btBox2dBox2dCollisionAlgorithm.cpp
         btBoxBoxCollisionAlgorithm.cpp
         btBoxBoxDetector.cpp
         btCollisionDispatcher.cpp
         btCollisionObject.cpp
         btCollisionWorld.cpp
         btCompoundCollisionAlgorithm.cpp
         btConvex2dConvex2dAlgorithm.cpp
         btConvexConcaveCollisionAlgorithm.cpp
         btConvexConvexAlgorithm.cpp
         btConvexPlaneCollisionAlgorithm.cpp
         btDefaultCollisionConfiguration.cpp
         btEmptyCollisionAlgorithm.cpp
         btGhostObject.cpp
         btInternalEdgeUtility.cpp
         btManifoldResult.cpp
         btSimulationIslandManager.cpp
         btSphereBoxCollisionAlgorithm.cpp
         btSphereSphereCollisionAlgorithm.cpp
         btSphereTriangleCollisionAlgorithm.cpp
         btUnionFind.cpp
         SphereTriangleDetector.cpp
         btBox2dShape.cpp
         btBoxShape.cpp
         btBvhTriangleMeshShape.cpp
         btCapsuleShape.cpp
         btCollisionShape.cpp
         btCompoundShape.cpp
         btConcaveShape.cpp
         btConeShape.cpp
         btConvex2dShape.cpp
         btConvexHullShape.cpp
         btConvexInternalShape.cpp
         btConvexPointCloudShape.cpp
         btConvexPolyhedron.cpp
         btConvexShape.cpp
         btConvexTriangleMeshShape.cpp
         btCylinderShape.cpp
         btEmptyShape.cpp
         btHeightfieldTerrainShape.cpp
         btMinkowskiSumShape.cpp
         btMultimaterialTriangleMeshShape.cpp
         btMultiSphereShape.cpp
         btOptimizedBvh.cpp
         btPolyhedralConvexShape.cpp
         btScaledBvhTriangleMeshShape.cpp
         btShapeHull.cpp
         btSphereShape.cpp
         btStaticPlaneShape.cpp
         btStridingMeshInterface.cpp
         btTetrahedronShape.cpp
         btTriangleBuffer.cpp
         btTriangleCallback.cpp
         btTriangleIndexVertexArray.cpp
         btTriangleIndexVertexMaterialArray.cpp
         btTriangleMesh.cpp
         btTriangleMeshShape.cpp
         btUniformScalingShape.cpp
         btContactProcessing.cpp
         btGenericPoolAllocator.cpp
         btGImpactBvh.cpp
         btGImpactCollisionAlgorithm.cpp
         btGImpactQuantizedBvh.cpp
         btGImpactShape.cpp
         btTriangleShapeEx.cpp
         gim_box_set.cpp
         gim_contact.cpp
         gim_memory.cpp
         gim_tri_collision.cpp
         btContinuousConvexCollision.cpp
         btConvexCast.cpp
         btGjkConvexCast.cpp
         btGjkEpa2.cpp
         btGjkEpaPenetrationDepthSolver.cpp
         btGjkPairDetector.cpp
         btMinkowskiPenetrationDepthSolver.cpp
         btPersistentManifold.cpp
         btPolyhedralContactClipping.cpp
         btRaycastCallback.cpp
         btSubSimplexConvexCast.cpp
         btVoronoiSimplexSolver.cpp
         btKinematicCharacterController.cpp
         btConeTwistConstraint.cpp
         btContactConstraint.cpp
         btGearConstraint.cpp
         btGeneric6DofConstraint.cpp
         btGeneric6DofSpringConstraint.cpp
         btHinge2Constraint.cpp
         btHingeConstraint.cpp
         btPoint2PointConstraint.cpp
         btSequentialImpulseConstraintSolver.cpp
         btSliderConstraint.cpp
         btSolve2LinearConstraint.cpp
         btTypedConstraint.cpp
         btUniversalConstraint.cpp
         btDiscreteDynamicsWorld.cpp
         btRigidBody.cpp
         btSimpleDynamicsWorld.cpp
         Bullet-C-API.cpp
         btRaycastVehicle.cpp
         btWheelInfo.cpp
         btGpu3DGridBroadphase.cpp
         btParallelConstraintSolver.cpp
         btThreadSupportInterface.cpp
         PosixThreadSupport.cpp
         SequentialThreadSupport.cpp
         SpuCollisionObjectWrapper.cpp
         SpuCollisionTaskProcess.cpp
         SpuContactManifoldCollisionAlgorithm.cpp
         SpuFakeDma.cpp
         SpuGatheringCollisionDispatcher.cpp
         SpuLibspe2Support.cpp
         SpuSampleTaskProcess.cpp
         Win32ThreadSupport.cpp
         boxBoxDistance.cpp
         SpuCollisionShapes.cpp
         SpuContactResult.cpp
         SpuGatheringCollisionTask.cpp
         SpuMinkowskiPenetrationDepthSolver.cpp
         btAlignedAllocator.cpp
         btConvexHull.cpp
         btConvexHullComputer.cpp
         btGeometryUtil.cpp
         btPolarDecomposition.cpp
         btQuickprof.cpp
         btSerializer.cpp
         btVector3.cpp
     1>C:\Users\nes\Source\Repos\OmniEngine.Net\Engine\lib\bullet\src\LinearMath\btVector3.cpp(171): warning C4267: '=' : conversion from 'size_t' to 'long', possible loss of data
     1>C:\Users\nes\Source\Repos\OmniEngine.Net\Engine\lib\bullet\src\LinearMath\btVector3.cpp(176): warning C4267: '-=' : conversion from 'size_t' to 'unsigned long', possible loss of data
     1>C:\Users\nes\Source\Repos\OmniEngine.Net\Engine\lib\bullet\src\LinearMath\btVector3.cpp(419): warning C4267: '=' : conversion from 'size_t' to 'long', possible loss of data
     1>C:\Users\nes\Source\Repos\OmniEngine.Net\Engine\lib\bullet\src\LinearMath\btVector3.cpp(556): warning C4267: '=' : conversion from 'size_t' to 'long', possible loss of data
     1>C:\Users\nes\Source\Repos\OmniEngine.Net\Engine\lib\bullet\src\LinearMath\btVector3.cpp(561): warning C4267: '-=' : conversion from 'size_t' to 'unsigned long', possible loss of data
     1>C:\Users\nes\Source\Repos\OmniEngine.Net\Engine\lib\bullet\src\LinearMath\btVector3.cpp(807): warning C4267: '=' : conversion from 'size_t' to 'long', possible loss of data
     1>C:\Users\nes\Source\Repos\OmniEngine.Net\Engine\lib\bullet\src\BulletMultiThreaded\SpuNarrowPhaseCollisionTask\SpuGatheringCollisionTask.cpp(202): warning C4316: 'CollisionTask_LocalStoreMemory' : object allocated on the heap may not be aligned 128
     1>C:\Users\nes\Source\Repos\OmniEngine.Net\Engine\lib\bullet\src\BulletMultiThreaded\SpuNarrowPhaseCollisionTask\SpuGatheringCollisionTask.cpp(231): warning C4267: 'argument' : conversion from 'size_t' to 'uint32_t', possible loss of data
     1>C:\Users\nes\Source\Repos\OmniEngine.Net\Engine\lib\bullet\src\BulletMultiThreaded\SpuNarrowPhaseCollisionTask\SpuGatheringCollisionTask.cpp(255): warning C4267: 'argument' : conversion from 'size_t' to 'uint32_t', possible loss of data
     1>C:\Users\nes\Source\Repos\OmniEngine.Net\Engine\lib\bullet\src\BulletMultiThreaded\SpuNarrowPhaseCollisionTask\SpuGatheringCollisionTask.cpp(265): warning C4267: 'argument' : conversion from 'size_t' to 'uint32_t', possible loss of data
     1>C:\Users\nes\Source\Repos\OmniEngine.Net\Engine\lib\bullet\src\BulletMultiThreaded\SpuNarrowPhaseCollisionTask\SpuGatheringCollisionTask.cpp(274): warning C4267: 'argument' : conversion from 'size_t' to 'uint32_t', possible loss of data
       Lib:
         C:\ides\Microsoft Visual Studio 12.0\VC\bin\x86_amd64\Lib.exe /OUT:"C:/Users/nes/Source/Repos/OmniEngine.Net/Engine/lib//compiled/Release.x64//libbullet.lib" /NOLOGO /MACHINE:X64 ../../Link/VC2013.Release.x64/libbullet/btAxisSweep3.obj
         ../../Link/VC2013.Release.x64/libbullet/btBroadphaseProxy.obj
         ../../Link/VC2013.Release.x64/libbullet/btCollisionAlgorithm.obj
         ../../Link/VC2013.Release.x64/libbullet/btDbvt.obj
         ../../Link/VC2013.Release.x64/libbullet/btDbvtBroadphase.obj
         ../../Link/VC2013.Release.x64/libbullet/btDispatcher.obj
         ../../Link/VC2013.Release.x64/libbullet/btMultiSapBroadphase.obj
         ../../Link/VC2013.Release.x64/libbullet/btOverlappingPairCache.obj
         ../../Link/VC2013.Release.x64/libbullet/btQuantizedBvh.obj
         ../../Link/VC2013.Release.x64/libbullet/btSimpleBroadphase.obj
         ../../Link/VC2013.Release.x64/libbullet/btActivatingCollisionAlgorithm.obj
         ../../Link/VC2013.Release.x64/libbullet/btBox2dBox2dCollisionAlgorithm.obj
         ../../Link/VC2013.Release.x64/libbullet/btBoxBoxCollisionAlgorithm.obj
         ../../Link/VC2013.Release.x64/libbullet/btBoxBoxDetector.obj
         ../../Link/VC2013.Release.x64/libbullet/btCollisionDispatcher.obj
         ../../Link/VC2013.Release.x64/libbullet/btCollisionObject.obj
         ../../Link/VC2013.Release.x64/libbullet/btCollisionWorld.obj
         ../../Link/VC2013.Release.x64/libbullet/btCompoundCollisionAlgorithm.obj
         ../../Link/VC2013.Release.x64/libbullet/btConvex2dConvex2dAlgorithm.obj
         ../../Link/VC2013.Release.x64/libbullet/btConvexConcaveCollisionAlgorithm.obj
         ../../Link/VC2013.Release.x64/libbullet/btConvexConvexAlgorithm.obj
         ../../Link/VC2013.Release.x64/libbullet/btConvexPlaneCollisionAlgorithm.obj
         ../../Link/VC2013.Release.x64/libbullet/btDefaultCollisionConfiguration.obj
         ../../Link/VC2013.Release.x64/libbullet/btEmptyCollisionAlgorithm.obj
         ../../Link/VC2013.Release.x64/libbullet/btGhostObject.obj
         ../../Link/VC2013.Release.x64/libbullet/btInternalEdgeUtility.obj
         ../../Link/VC2013.Release.x64/libbullet/btManifoldResult.obj
         ../../Link/VC2013.Release.x64/libbullet/btSimulationIslandManager.obj
         ../../Link/VC2013.Release.x64/libbullet/btSphereBoxCollisionAlgorithm.obj
         ../../Link/VC2013.Release.x64/libbullet/btSphereSphereCollisionAlgorithm.obj
         ../../Link/VC2013.Release.x64/libbullet/btSphereTriangleCollisionAlgorithm.obj
         ../../Link/VC2013.Release.x64/libbullet/btUnionFind.obj
         ../../Link/VC2013.Release.x64/libbullet/SphereTriangleDetector.obj
         ../../Link/VC2013.Release.x64/libbullet/btBox2dShape.obj
         ../../Link/VC2013.Release.x64/libbullet/btBoxShape.obj
         ../../Link/VC2013.Release.x64/libbullet/btBvhTriangleMeshShape.obj
         ../../Link/VC2013.Release.x64/libbullet/btCapsuleShape.obj
         ../../Link/VC2013.Release.x64/libbullet/btCollisionShape.obj
         ../../Link/VC2013.Release.x64/libbullet/btCompoundShape.obj
         ../../Link/VC2013.Release.x64/libbullet/btConcaveShape.obj
         ../../Link/VC2013.Release.x64/libbullet/btConeShape.obj
         ../../Link/VC2013.Release.x64/libbullet/btConvex2dShape.obj
         ../../Link/VC2013.Release.x64/libbullet/btConvexHullShape.obj
         ../../Link/VC2013.Release.x64/libbullet/btConvexInternalShape.obj
         ../../Link/VC2013.Release.x64/libbullet/btConvexPointCloudShape.obj
         ../../Link/VC2013.Release.x64/libbullet/btConvexPolyhedron.obj
         ../../Link/VC2013.Release.x64/libbullet/btConvexShape.obj
         ../../Link/VC2013.Release.x64/libbullet/btConvexTriangleMeshShape.obj
         ../../Link/VC2013.Release.x64/libbullet/btCylinderShape.obj
         ../../Link/VC2013.Release.x64/libbullet/btEmptyShape.obj
         ../../Link/VC2013.Release.x64/libbullet/btHeightfieldTerrainShape.obj
         ../../Link/VC2013.Release.x64/libbullet/btMinkowskiSumShape.obj
         ../../Link/VC2013.Release.x64/libbullet/btMultimaterialTriangleMeshShape.obj
         ../../Link/VC2013.Release.x64/libbullet/btMultiSphereShape.obj
         ../../Link/VC2013.Release.x64/libbullet/btOptimizedBvh.obj
         ../../Link/VC2013.Release.x64/libbullet/btPolyhedralConvexShape.obj
         ../../Link/VC2013.Release.x64/libbullet/btScaledBvhTriangleMeshShape.obj
         ../../Link/VC2013.Release.x64/libbullet/btShapeHull.obj
         ../../Link/VC2013.Release.x64/libbullet/btSphereShape.obj
         ../../Link/VC2013.Release.x64/libbullet/btStaticPlaneShape.obj
         ../../Link/VC2013.Release.x64/libbullet/btStridingMeshInterface.obj
         ../../Link/VC2013.Release.x64/libbullet/btTetrahedronShape.obj
         ../../Link/VC2013.Release.x64/libbullet/btTriangleBuffer.obj
         ../../Link/VC2013.Release.x64/libbullet/btTriangleCallback.obj
         ../../Link/VC2013.Release.x64/libbullet/btTriangleIndexVertexArray.obj
         ../../Link/VC2013.Release.x64/libbullet/btTriangleIndexVertexMaterialArray.obj
         ../../Link/VC2013.Release.x64/libbullet/btTriangleMesh.obj
         ../../Link/VC2013.Release.x64/libbullet/btTriangleMeshShape.obj
         ../../Link/VC2013.Release.x64/libbullet/btUniformScalingShape.obj
         ../../Link/VC2013.Release.x64/libbullet/btContactProcessing.obj
         ../../Link/VC2013.Release.x64/libbullet/btGenericPoolAllocator.obj
         ../../Link/VC2013.Release.x64/libbullet/btGImpactBvh.obj
         ../../Link/VC2013.Release.x64/libbullet/btGImpactCollisionAlgorithm.obj
         ../../Link/VC2013.Release.x64/libbullet/btGImpactQuantizedBvh.obj
         ../../Link/VC2013.Release.x64/libbullet/btGImpactShape.obj
         ../../Link/VC2013.Release.x64/libbullet/btTriangleShapeEx.obj
         ../../Link/VC2013.Release.x64/libbullet/gim_box_set.obj
         ../../Link/VC2013.Release.x64/libbullet/gim_contact.obj
         ../../Link/VC2013.Release.x64/libbullet/gim_memory.obj
         ../../Link/VC2013.Release.x64/libbullet/gim_tri_collision.obj
         ../../Link/VC2013.Release.x64/libbullet/btContinuousConvexCollision.obj
         ../../Link/VC2013.Release.x64/libbullet/btConvexCast.obj
         ../../Link/VC2013.Release.x64/libbullet/btGjkConvexCast.obj
         ../../Link/VC2013.Release.x64/libbullet/btGjkEpa2.obj
         ../../Link/VC2013.Release.x64/libbullet/btGjkEpaPenetrationDepthSolver.obj
         ../../Link/VC2013.Release.x64/libbullet/btGjkPairDetector.obj
         ../../Link/VC2013.Release.x64/libbullet/btMinkowskiPenetrationDepthSolver.obj
         ../../Link/VC2013.Release.x64/libbullet/btPersistentManifold.obj
         ../../Link/VC2013.Release.x64/libbullet/btPolyhedralContactClipping.obj
         ../../Link/VC2013.Release.x64/libbullet/btRaycastCallback.obj
         ../../Link/VC2013.Release.x64/libbullet/btSubSimplexConvexCast.obj
         ../../Link/VC2013.Release.x64/libbullet/btVoronoiSimplexSolver.obj
         ../../Link/VC2013.Release.x64/libbullet/btKinematicCharacterController.obj
         ../../Link/VC2013.Release.x64/libbullet/btConeTwistConstraint.obj
         ../../Link/VC2013.Release.x64/libbullet/btContactConstraint.obj
         ../../Link/VC2013.Release.x64/libbullet/btGearConstraint.obj
         ../../Link/VC2013.Release.x64/libbullet/btGeneric6DofConstraint.obj
         ../../Link/VC2013.Release.x64/libbullet/btGeneric6DofSpringConstraint.obj
         ../../Link/VC2013.Release.x64/libbullet/btHinge2Constraint.obj
         ../../Link/VC2013.Release.x64/libbullet/btHingeConstraint.obj
         ../../Link/VC2013.Release.x64/libbullet/btPoint2PointConstraint.obj
         ../../Link/VC2013.Release.x64/libbullet/btSequentialImpulseConstraintSolver.obj
         ../../Link/VC2013.Release.x64/libbullet/btSliderConstraint.obj
         ../../Link/VC2013.Release.x64/libbullet/btSolve2LinearConstraint.obj
         ../../Link/VC2013.Release.x64/libbullet/btTypedConstraint.obj
         ../../Link/VC2013.Release.x64/libbullet/btUniversalConstraint.obj
         ../../Link/VC2013.Release.x64/libbullet/btDiscreteDynamicsWorld.obj
         ../../Link/VC2013.Release.x64/libbullet/btRigidBody.obj
         ../../Link/VC2013.Release.x64/libbullet/btSimpleDynamicsWorld.obj
         "../../Link/VC2013.Release.x64/libbullet/Bullet-C-API.obj"
         ../../Link/VC2013.Release.x64/libbullet/btRaycastVehicle.obj
         ../../Link/VC2013.Release.x64/libbullet/btWheelInfo.obj
         ../../Link/VC2013.Release.x64/libbullet/btGpu3DGridBroadphase.obj
         ../../Link/VC2013.Release.x64/libbullet/btParallelConstraintSolver.obj
         ../../Link/VC2013.Release.x64/libbullet/btThreadSupportInterface.obj
         ../../Link/VC2013.Release.x64/libbullet/PosixThreadSupport.obj
         ../../Link/VC2013.Release.x64/libbullet/SequentialThreadSupport.obj
         ../../Link/VC2013.Release.x64/libbullet/SpuCollisionObjectWrapper.obj
         ../../Link/VC2013.Release.x64/libbullet/SpuCollisionTaskProcess.obj
         ../../Link/VC2013.Release.x64/libbullet/SpuContactManifoldCollisionAlgorithm.obj
         ../../Link/VC2013.Release.x64/libbullet/SpuFakeDma.obj
         ../../Link/VC2013.Release.x64/libbullet/SpuGatheringCollisionDispatcher.obj
         ../../Link/VC2013.Release.x64/libbullet/SpuLibspe2Support.obj
         ../../Link/VC2013.Release.x64/libbullet/SpuSampleTaskProcess.obj
         ../../Link/VC2013.Release.x64/libbullet/Win32ThreadSupport.obj
         ../../Link/VC2013.Release.x64/libbullet/boxBoxDistance.obj
         ../../Link/VC2013.Release.x64/libbullet/SpuCollisionShapes.obj
         ../../Link/VC2013.Release.x64/libbullet/SpuContactResult.obj
         ../../Link/VC2013.Release.x64/libbullet/SpuGatheringCollisionTask.obj
         ../../Link/VC2013.Release.x64/libbullet/SpuMinkowskiPenetrationDepthSolver.obj
         ../../Link/VC2013.Release.x64/libbullet/btAlignedAllocator.obj
         ../../Link/VC2013.Release.x64/libbullet/btConvexHull.obj
         ../../Link/VC2013.Release.x64/libbullet/btConvexHullComputer.obj
         ../../Link/VC2013.Release.x64/libbullet/btGeometryUtil.obj
         ../../Link/VC2013.Release.x64/libbullet/btPolarDecomposition.obj
         ../../Link/VC2013.Release.x64/libbullet/btQuickprof.obj
         ../../Link/VC2013.Release.x64/libbullet/btSerializer.obj
         ../../Link/VC2013.Release.x64/libbullet/btVector3.obj
     1>PosixThreadSupport.obj : warning LNK4221: This object file does not define any previously undefined public symbols, so it will not be used by any link operation that consumes this library
         libbullet.vcxproj -> C:/Users/nes/Source/Repos/OmniEngine.Net/Engine/lib//compiled/Release.x64/libbullet.lib
     1>Done Building Project "C:\Users\nes\Source\Repos\OmniEngine.Net\My Projects\Salvage\buildFiles\VisualStudio 2013\projects\libbullet.vcxproj" (Build target(s)).

Build succeeded.

Time Elapsed 00:00:46.33
